{"/Volumes/SSD 2TB SD/dev/coldigom/api/src/index.ts": {"path":"/Volumes/SSD 2TB SD/dev/coldigom/api/src/index.ts","statementMap":{"0":{"start":{"line":27,"column":12},"end":{"line":27,"column":41}},"1":{"start":{"line":30,"column":0},"end":{"line":39,"column":null}},"2":{"start":{"line":31,"column":17},"end":{"line":31,"column":39}},"3":{"start":{"line":32,"column":18},"end":{"line":32,"column":null}},"4":{"start":{"line":33,"column":2},"end":{"line":38,"column":null}},"5":{"start":{"line":43,"column":2},"end":{"line":43,"column":null}},"6":{"start":{"line":43,"column":27},"end":{"line":43,"column":null}},"7":{"start":{"line":44,"column":14},"end":{"line":44,"column":32}},"8":{"start":{"line":45,"column":2},"end":{"line":45,"column":null}},"9":{"start":{"line":49,"column":20},"end":{"line":49,"column":null}},"10":{"start":{"line":50,"column":2},"end":{"line":50,"column":null}},"11":{"start":{"line":50,"column":18},"end":{"line":50,"column":null}},"12":{"start":{"line":52,"column":8},"end":{"line":52,"column":61}},"13":{"start":{"line":53,"column":2},"end":{"line":53,"column":null}},"14":{"start":{"line":53,"column":15},"end":{"line":53,"column":null}},"15":{"start":{"line":54,"column":2},"end":{"line":59,"column":null}},"16":{"start":{"line":55,"column":17},"end":{"line":55,"column":69}},"17":{"start":{"line":56,"column":4},"end":{"line":56,"column":null}},"18":{"start":{"line":57,"column":4},"end":{"line":57,"column":null}},"19":{"start":{"line":59,"column":4},"end":{"line":59,"column":null}},"20":{"start":{"line":64,"column":0},"end":{"line":79,"column":null}},"21":{"start":{"line":65,"column":19},"end":{"line":65,"column":null}},"22":{"start":{"line":66,"column":2},"end":{"line":66,"column":null}},"23":{"start":{"line":66,"column":17},"end":{"line":66,"column":null}},"24":{"start":{"line":68,"column":18},"end":{"line":68,"column":31}},"25":{"start":{"line":69,"column":21},"end":{"line":69,"column":null}},"26":{"start":{"line":70,"column":35},"end":{"line":75,"column":4}},"27":{"start":{"line":77,"column":2},"end":{"line":77,"column":null}},"28":{"start":{"line":77,"column":26},"end":{"line":77,"column":69}},"29":{"start":{"line":78,"column":2},"end":{"line":78,"column":null}},"30":{"start":{"line":81,"column":0},"end":{"line":102,"column":null}},"31":{"start":{"line":82,"column":19},"end":{"line":82,"column":null}},"32":{"start":{"line":83,"column":20},"end":{"line":83,"column":null}},"33":{"start":{"line":84,"column":2},"end":{"line":84,"column":null}},"34":{"start":{"line":84,"column":31},"end":{"line":84,"column":null}},"35":{"start":{"line":86,"column":18},"end":{"line":86,"column":31}},"36":{"start":{"line":87,"column":2},"end":{"line":100,"column":null}},"37":{"start":{"line":88,"column":39},"end":{"line":95,"column":6}},"38":{"start":{"line":96,"column":4},"end":{"line":96,"column":null}},"39":{"start":{"line":96,"column":28},"end":{"line":96,"column":71}},"40":{"start":{"line":97,"column":4},"end":{"line":97,"column":null}},"41":{"start":{"line":99,"column":16},"end":{"line":99,"column":null}},"42":{"start":{"line":100,"column":4},"end":{"line":100,"column":null}},"43":{"start":{"line":104,"column":0},"end":{"line":107,"column":null}},"44":{"start":{"line":105,"column":2},"end":{"line":105,"column":null}},"45":{"start":{"line":106,"column":2},"end":{"line":106,"column":null}},"46":{"start":{"line":109,"column":0},"end":{"line":120,"column":null}},"47":{"start":{"line":110,"column":20},"end":{"line":110,"column":null}},"48":{"start":{"line":111,"column":2},"end":{"line":111,"column":null}},"49":{"start":{"line":111,"column":18},"end":{"line":111,"column":null}},"50":{"start":{"line":112,"column":8},"end":{"line":112,"column":61}},"51":{"start":{"line":113,"column":2},"end":{"line":113,"column":null}},"52":{"start":{"line":113,"column":15},"end":{"line":113,"column":null}},"53":{"start":{"line":114,"column":2},"end":{"line":118,"column":null}},"54":{"start":{"line":115,"column":17},"end":{"line":115,"column":69}},"55":{"start":{"line":116,"column":4},"end":{"line":116,"column":null}},"56":{"start":{"line":118,"column":4},"end":{"line":118,"column":null}},"57":{"start":{"line":122,"column":26},"end":{"line":122,"column":null}},"58":{"start":{"line":125,"column":35},"end":{"line":125,"column":null}},"59":{"start":{"line":136,"column":31},"end":{"line":136,"column":33}},"60":{"start":{"line":137,"column":40},"end":{"line":137,"column":42}},"61":{"start":{"line":139,"column":2},"end":{"line":142,"column":null}},"62":{"start":{"line":140,"column":4},"end":{"line":140,"column":null}},"63":{"start":{"line":141,"column":20},"end":{"line":141,"column":null}},"64":{"start":{"line":142,"column":4},"end":{"line":142,"column":null}},"65":{"start":{"line":145,"column":2},"end":{"line":147,"column":null}},"66":{"start":{"line":146,"column":4},"end":{"line":146,"column":null}},"67":{"start":{"line":146,"column":59},"end":{"line":146,"column":63}},"68":{"start":{"line":147,"column":4},"end":{"line":147,"column":null}},"69":{"start":{"line":150,"column":2},"end":{"line":152,"column":null}},"70":{"start":{"line":151,"column":4},"end":{"line":151,"column":null}},"71":{"start":{"line":151,"column":60},"end":{"line":151,"column":64}},"72":{"start":{"line":152,"column":4},"end":{"line":152,"column":null}},"73":{"start":{"line":155,"column":2},"end":{"line":157,"column":null}},"74":{"start":{"line":156,"column":4},"end":{"line":156,"column":null}},"75":{"start":{"line":156,"column":64},"end":{"line":156,"column":68}},"76":{"start":{"line":157,"column":4},"end":{"line":157,"column":null}},"77":{"start":{"line":160,"column":2},"end":{"line":162,"column":null}},"78":{"start":{"line":161,"column":4},"end":{"line":161,"column":null}},"79":{"start":{"line":161,"column":64},"end":{"line":161,"column":68}},"80":{"start":{"line":162,"column":4},"end":{"line":162,"column":null}},"81":{"start":{"line":165,"column":2},"end":{"line":167,"column":null}},"82":{"start":{"line":166,"column":4},"end":{"line":166,"column":null}},"83":{"start":{"line":167,"column":4},"end":{"line":167,"column":null}},"84":{"start":{"line":170,"column":2},"end":{"line":172,"column":null}},"85":{"start":{"line":171,"column":4},"end":{"line":171,"column":null}},"86":{"start":{"line":172,"column":4},"end":{"line":172,"column":null}},"87":{"start":{"line":175,"column":17},"end":{"line":175,"column":null}},"88":{"start":{"line":176,"column":2},"end":{"line":176,"column":null}},"89":{"start":{"line":180,"column":0},"end":{"line":289,"column":null}},"90":{"start":{"line":181,"column":17},"end":{"line":181,"column":null}},"91":{"start":{"line":182,"column":15},"end":{"line":182,"column":55}},"92":{"start":{"line":183,"column":16},"end":{"line":183,"column":58}},"93":{"start":{"line":184,"column":8},"end":{"line":184,"column":null}},"94":{"start":{"line":186,"column":15},"end":{"line":186,"column":null}},"95":{"start":{"line":187,"column":17},"end":{"line":187,"column":null}},"96":{"start":{"line":188,"column":19},"end":{"line":188,"column":null}},"97":{"start":{"line":189,"column":19},"end":{"line":189,"column":null}},"98":{"start":{"line":190,"column":20},"end":{"line":190,"column":null}},"99":{"start":{"line":191,"column":20},"end":{"line":191,"column":null}},"100":{"start":{"line":193,"column":20},"end":{"line":193,"column":39}},"101":{"start":{"line":194,"column":15},"end":{"line":194,"column":null}},"102":{"start":{"line":195,"column":16},"end":{"line":195,"column":null}},"103":{"start":{"line":197,"column":2},"end":{"line":287,"column":null}},"104":{"start":{"line":198,"column":61},"end":{"line":206,"column":6}},"105":{"start":{"line":208,"column":25},"end":{"line":208,"column":null}},"106":{"start":{"line":209,"column":23},"end":{"line":209,"column":null}},"107":{"start":{"line":210,"column":24},"end":{"line":210,"column":null}},"108":{"start":{"line":213,"column":42},"end":{"line":213,"column":60}},"109":{"start":{"line":215,"column":4},"end":{"line":216,"column":null}},"110":{"start":{"line":216,"column":6},"end":{"line":216,"column":null}},"111":{"start":{"line":219,"column":20},"end":{"line":219,"column":null}},"112":{"start":{"line":220,"column":24},"end":{"line":222,"column":null}},"113":{"start":{"line":224,"column":4},"end":{"line":248,"column":null}},"114":{"start":{"line":225,"column":6},"end":{"line":233,"column":null}},"115":{"start":{"line":236,"column":6},"end":{"line":236,"column":null}},"116":{"start":{"line":238,"column":6},"end":{"line":245,"column":null}},"117":{"start":{"line":248,"column":6},"end":{"line":248,"column":null}},"118":{"start":{"line":251,"column":19},"end":{"line":251,"column":72}},"119":{"start":{"line":254,"column":45},"end":{"line":254,"column":63}},"120":{"start":{"line":256,"column":4},"end":{"line":270,"column":null}},"121":{"start":{"line":257,"column":6},"end":{"line":262,"column":null}},"122":{"start":{"line":265,"column":6},"end":{"line":265,"column":null}},"123":{"start":{"line":266,"column":15},"end":{"line":270,"column":null}},"124":{"start":{"line":267,"column":6},"end":{"line":267,"column":null}},"125":{"start":{"line":269,"column":6},"end":{"line":269,"column":null}},"126":{"start":{"line":270,"column":6},"end":{"line":270,"column":null}},"127":{"start":{"line":273,"column":24},"end":{"line":273,"column":89}},"128":{"start":{"line":274,"column":19},"end":{"line":274,"column":null}},"129":{"start":{"line":276,"column":4},"end":{"line":284,"column":null}},"130":{"start":{"line":286,"column":4},"end":{"line":286,"column":null}},"131":{"start":{"line":287,"column":4},"end":{"line":287,"column":null}},"132":{"start":{"line":292,"column":0},"end":{"line":321,"column":null}},"133":{"start":{"line":293,"column":2},"end":{"line":319,"column":null}},"134":{"start":{"line":294,"column":76},"end":{"line":305,"column":6}},"135":{"start":{"line":307,"column":4},"end":{"line":316,"column":null}},"136":{"start":{"line":308,"column":72},"end":{"line":308,"column":81}},"137":{"start":{"line":309,"column":80},"end":{"line":309,"column":91}},"138":{"start":{"line":310,"column":80},"end":{"line":310,"column":91}},"139":{"start":{"line":311,"column":92},"end":{"line":315,"column":null}},"140":{"start":{"line":318,"column":4},"end":{"line":318,"column":null}},"141":{"start":{"line":319,"column":4},"end":{"line":319,"column":null}},"142":{"start":{"line":324,"column":0},"end":{"line":389,"column":null}},"143":{"start":{"line":325,"column":13},"end":{"line":325,"column":30}},"144":{"start":{"line":327,"column":2},"end":{"line":387,"column":null}},"145":{"start":{"line":329,"column":24},"end":{"line":329,"column":null}},"146":{"start":{"line":338,"column":25},"end":{"line":338,"column":77}},"147":{"start":{"line":340,"column":4},"end":{"line":341,"column":null}},"148":{"start":{"line":341,"column":6},"end":{"line":341,"column":null}},"149":{"start":{"line":345,"column":27},"end":{"line":345,"column":null}},"150":{"start":{"line":351,"column":28},"end":{"line":351,"column":81}},"151":{"start":{"line":354,"column":19},"end":{"line":354,"column":78}},"152":{"start":{"line":355,"column":47},"end":{"line":355,"column":49}},"153":{"start":{"line":357,"column":4},"end":{"line":361,"column":null}},"154":{"start":{"line":358,"column":27},"end":{"line":358,"column":58}},"155":{"start":{"line":358,"column":44},"end":{"line":358,"column":48}},"156":{"start":{"line":359,"column":24},"end":{"line":359,"column":null}},"157":{"start":{"line":360,"column":25},"end":{"line":360,"column":80}},"158":{"start":{"line":361,"column":6},"end":{"line":361,"column":null}},"159":{"start":{"line":365,"column":31},"end":{"line":365,"column":null}},"160":{"start":{"line":366,"column":32},"end":{"line":366,"column":80}},"161":{"start":{"line":367,"column":29},"end":{"line":368,"column":null}},"162":{"start":{"line":368,"column":79},"end":{"line":368,"column":93}},"163":{"start":{"line":372,"column":23},"end":{"line":375,"column":7}},"164":{"start":{"line":372,"column":67},"end":{"line":375,"column":7}},"165":{"start":{"line":377,"column":4},"end":{"line":384,"column":null}},"166":{"start":{"line":386,"column":4},"end":{"line":386,"column":null}},"167":{"start":{"line":387,"column":4},"end":{"line":387,"column":null}},"168":{"start":{"line":392,"column":0},"end":{"line":402,"column":null}},"169":{"start":{"line":393,"column":2},"end":{"line":400,"column":null}},"170":{"start":{"line":394,"column":19},"end":{"line":396,"column":11}},"171":{"start":{"line":397,"column":4},"end":{"line":397,"column":null}},"172":{"start":{"line":399,"column":4},"end":{"line":399,"column":null}},"173":{"start":{"line":400,"column":4},"end":{"line":400,"column":null}},"174":{"start":{"line":405,"column":0},"end":{"line":415,"column":null}},"175":{"start":{"line":406,"column":2},"end":{"line":413,"column":null}},"176":{"start":{"line":407,"column":19},"end":{"line":409,"column":11}},"177":{"start":{"line":410,"column":4},"end":{"line":410,"column":null}},"178":{"start":{"line":412,"column":4},"end":{"line":412,"column":null}},"179":{"start":{"line":413,"column":4},"end":{"line":413,"column":null}},"180":{"start":{"line":418,"column":0},"end":{"line":467,"column":null}},"181":{"start":{"line":419,"column":13},"end":{"line":419,"column":30}},"182":{"start":{"line":420,"column":15},"end":{"line":420,"column":51}},"183":{"start":{"line":420,"column":46},"end":{"line":420,"column":51}},"184":{"start":{"line":421,"column":2},"end":{"line":422,"column":null}},"185":{"start":{"line":422,"column":4},"end":{"line":422,"column":null}},"186":{"start":{"line":425,"column":20},"end":{"line":425,"column":null}},"187":{"start":{"line":426,"column":25},"end":{"line":426,"column":27}},"188":{"start":{"line":427,"column":38},"end":{"line":427,"column":40}},"189":{"start":{"line":429,"column":2},"end":{"line":441,"column":null}},"190":{"start":{"line":430,"column":4},"end":{"line":430,"column":null}},"191":{"start":{"line":430,"column":24},"end":{"line":430,"column":null}},"192":{"start":{"line":431,"column":16},"end":{"line":431,"column":null}},"193":{"start":{"line":432,"column":4},"end":{"line":435,"column":null}},"194":{"start":{"line":433,"column":6},"end":{"line":433,"column":null}},"195":{"start":{"line":434,"column":6},"end":{"line":434,"column":null}},"196":{"start":{"line":435,"column":6},"end":{"line":435,"column":null}},"197":{"start":{"line":437,"column":4},"end":{"line":438,"column":null}},"198":{"start":{"line":438,"column":6},"end":{"line":438,"column":null}},"199":{"start":{"line":440,"column":4},"end":{"line":440,"column":null}},"200":{"start":{"line":441,"column":4},"end":{"line":441,"column":null}},"201":{"start":{"line":444,"column":2},"end":{"line":445,"column":null}},"202":{"start":{"line":445,"column":4},"end":{"line":445,"column":null}},"203":{"start":{"line":448,"column":2},"end":{"line":453,"column":null}},"204":{"start":{"line":449,"column":16},"end":{"line":449,"column":null}},"205":{"start":{"line":450,"column":4},"end":{"line":450,"column":null}},"206":{"start":{"line":452,"column":4},"end":{"line":452,"column":null}},"207":{"start":{"line":453,"column":4},"end":{"line":453,"column":null}},"208":{"start":{"line":457,"column":17},"end":{"line":457,"column":35}},"209":{"start":{"line":458,"column":15},"end":{"line":458,"column":null}},"210":{"start":{"line":459,"column":2},"end":{"line":465,"column":null}},"211":{"start":{"line":460,"column":16},"end":{"line":460,"column":88}},"212":{"start":{"line":461,"column":17},"end":{"line":461,"column":33}},"213":{"start":{"line":462,"column":4},"end":{"line":462,"column":null}},"214":{"start":{"line":464,"column":4},"end":{"line":464,"column":null}},"215":{"start":{"line":465,"column":4},"end":{"line":465,"column":null}},"216":{"start":{"line":470,"column":0},"end":{"line":521,"column":null}},"217":{"start":{"line":471,"column":19},"end":{"line":471,"column":36}},"218":{"start":{"line":472,"column":15},"end":{"line":472,"column":51}},"219":{"start":{"line":472,"column":46},"end":{"line":472,"column":51}},"220":{"start":{"line":473,"column":2},"end":{"line":473,"column":null}},"221":{"start":{"line":473,"column":41},"end":{"line":473,"column":null}},"222":{"start":{"line":475,"column":24},"end":{"line":475,"column":null}},"223":{"start":{"line":476,"column":15},"end":{"line":476,"column":null}},"224":{"start":{"line":477,"column":14},"end":{"line":477,"column":null}},"225":{"start":{"line":479,"column":2},"end":{"line":479,"column":null}},"226":{"start":{"line":479,"column":59},"end":{"line":479,"column":null}},"227":{"start":{"line":480,"column":2},"end":{"line":480,"column":null}},"228":{"start":{"line":480,"column":41},"end":{"line":480,"column":null}},"229":{"start":{"line":482,"column":17},"end":{"line":482,"column":null}},"230":{"start":{"line":483,"column":8},"end":{"line":489,"column":null}},"231":{"start":{"line":484,"column":4},"end":{"line":489,"column":null}},"232":{"start":{"line":485,"column":21},"end":{"line":485,"column":31}},"233":{"start":{"line":486,"column":19},"end":{"line":486,"column":70}},"234":{"start":{"line":487,"column":6},"end":{"line":487,"column":null}},"235":{"start":{"line":489,"column":6},"end":{"line":489,"column":null}},"236":{"start":{"line":493,"column":2},"end":{"line":495,"column":null}},"237":{"start":{"line":494,"column":4},"end":{"line":494,"column":null}},"238":{"start":{"line":494,"column":17},"end":{"line":494,"column":null}},"239":{"start":{"line":495,"column":4},"end":{"line":495,"column":null}},"240":{"start":{"line":495,"column":25},"end":{"line":495,"column":null}},"241":{"start":{"line":497,"column":13},"end":{"line":497,"column":32}},"242":{"start":{"line":499,"column":2},"end":{"line":515,"column":null}},"243":{"start":{"line":500,"column":4},"end":{"line":512,"column":null}},"244":{"start":{"line":514,"column":4},"end":{"line":514,"column":null}},"245":{"start":{"line":515,"column":4},"end":{"line":515,"column":null}},"246":{"start":{"line":518,"column":14},"end":{"line":518,"column":92}},"247":{"start":{"line":519,"column":15},"end":{"line":519,"column":31}},"248":{"start":{"line":520,"column":2},"end":{"line":520,"column":null}},"249":{"start":{"line":524,"column":0},"end":{"line":587,"column":null}},"250":{"start":{"line":525,"column":19},"end":{"line":525,"column":36}},"251":{"start":{"line":528,"column":2},"end":{"line":531,"column":null}},"252":{"start":{"line":529,"column":4},"end":{"line":529,"column":null}},"253":{"start":{"line":531,"column":4},"end":{"line":531,"column":null}},"254":{"start":{"line":534,"column":19},"end":{"line":534,"column":36}},"255":{"start":{"line":535,"column":2},"end":{"line":535,"column":null}},"256":{"start":{"line":535,"column":36},"end":{"line":535,"column":null}},"257":{"start":{"line":538,"column":2},"end":{"line":542,"column":null}},"258":{"start":{"line":539,"column":4},"end":{"line":539,"column":null}},"259":{"start":{"line":540,"column":4},"end":{"line":540,"column":null}},"260":{"start":{"line":540,"column":31},"end":{"line":540,"column":null}},"261":{"start":{"line":542,"column":4},"end":{"line":542,"column":null}},"262":{"start":{"line":545,"column":2},"end":{"line":581,"column":null}},"263":{"start":{"line":546,"column":4},"end":{"line":577,"column":null}},"264":{"start":{"line":547,"column":6},"end":{"line":547,"column":null}},"265":{"start":{"line":547,"column":45},"end":{"line":547,"column":null}},"266":{"start":{"line":548,"column":6},"end":{"line":548,"column":null}},"267":{"start":{"line":548,"column":40},"end":{"line":548,"column":null}},"268":{"start":{"line":549,"column":6},"end":{"line":549,"column":null}},"269":{"start":{"line":549,"column":73},"end":{"line":549,"column":null}},"270":{"start":{"line":550,"column":6},"end":{"line":550,"column":null}},"271":{"start":{"line":550,"column":55},"end":{"line":550,"column":null}},"272":{"start":{"line":552,"column":19},"end":{"line":552,"column":37}},"273":{"start":{"line":553,"column":6},"end":{"line":553,"column":null}},"274":{"start":{"line":553,"column":35},"end":{"line":553,"column":null}},"275":{"start":{"line":555,"column":25},"end":{"line":555,"column":44}},"276":{"start":{"line":556,"column":21},"end":{"line":556,"column":null}},"277":{"start":{"line":557,"column":25},"end":{"line":557,"column":null}},"278":{"start":{"line":559,"column":6},"end":{"line":563,"column":null}},"279":{"start":{"line":565,"column":6},"end":{"line":577,"column":null}},"280":{"start":{"line":580,"column":4},"end":{"line":580,"column":null}},"281":{"start":{"line":581,"column":4},"end":{"line":581,"column":null}},"282":{"start":{"line":584,"column":14},"end":{"line":584,"column":92}},"283":{"start":{"line":585,"column":15},"end":{"line":585,"column":31}},"284":{"start":{"line":586,"column":2},"end":{"line":586,"column":null}},"285":{"start":{"line":590,"column":0},"end":{"line":660,"column":null}},"286":{"start":{"line":591,"column":21},"end":{"line":591,"column":46}},"287":{"start":{"line":592,"column":15},"end":{"line":592,"column":51}},"288":{"start":{"line":592,"column":46},"end":{"line":592,"column":51}},"289":{"start":{"line":593,"column":2},"end":{"line":593,"column":null}},"290":{"start":{"line":593,"column":41},"end":{"line":593,"column":null}},"291":{"start":{"line":595,"column":25},"end":{"line":595,"column":27}},"292":{"start":{"line":596,"column":38},"end":{"line":596,"column":40}},"293":{"start":{"line":598,"column":2},"end":{"line":603,"column":null}},"294":{"start":{"line":599,"column":4},"end":{"line":600,"column":null}},"295":{"start":{"line":600,"column":6},"end":{"line":600,"column":null}},"296":{"start":{"line":602,"column":4},"end":{"line":602,"column":null}},"297":{"start":{"line":603,"column":4},"end":{"line":603,"column":null}},"298":{"start":{"line":606,"column":2},"end":{"line":611,"column":null}},"299":{"start":{"line":607,"column":4},"end":{"line":608,"column":null}},"300":{"start":{"line":608,"column":6},"end":{"line":608,"column":null}},"301":{"start":{"line":610,"column":4},"end":{"line":610,"column":null}},"302":{"start":{"line":611,"column":4},"end":{"line":611,"column":null}},"303":{"start":{"line":614,"column":2},"end":{"line":623,"column":null}},"304":{"start":{"line":615,"column":4},"end":{"line":616,"column":null}},"305":{"start":{"line":616,"column":6},"end":{"line":616,"column":null}},"306":{"start":{"line":618,"column":20},"end":{"line":618,"column":null}},"307":{"start":{"line":619,"column":4},"end":{"line":619,"column":null}},"308":{"start":{"line":620,"column":4},"end":{"line":620,"column":null}},"309":{"start":{"line":622,"column":4},"end":{"line":623,"column":null}},"310":{"start":{"line":623,"column":6},"end":{"line":623,"column":null}},"311":{"start":{"line":627,"column":2},"end":{"line":627,"column":null}},"312":{"start":{"line":627,"column":25},"end":{"line":627,"column":null}},"313":{"start":{"line":629,"column":2},"end":{"line":658,"column":null}},"314":{"start":{"line":630,"column":16},"end":{"line":630,"column":118}},"315":{"start":{"line":631,"column":4},"end":{"line":631,"column":null}},"316":{"start":{"line":631,"column":25},"end":{"line":631,"column":null}},"317":{"start":{"line":634,"column":20},"end":{"line":634,"column":null}},"318":{"start":{"line":635,"column":19},"end":{"line":635,"column":null}},"319":{"start":{"line":636,"column":4},"end":{"line":645,"column":null}},"320":{"start":{"line":637,"column":27},"end":{"line":637,"column":null}},"321":{"start":{"line":638,"column":6},"end":{"line":638,"column":null}},"322":{"start":{"line":638,"column":54},"end":{"line":638,"column":null}},"323":{"start":{"line":639,"column":6},"end":{"line":645,"column":null}},"324":{"start":{"line":640,"column":23},"end":{"line":640,"column":44}},"325":{"start":{"line":641,"column":21},"end":{"line":641,"column":72}},"326":{"start":{"line":642,"column":19},"end":{"line":642,"column":null}},"327":{"start":{"line":643,"column":8},"end":{"line":643,"column":null}},"328":{"start":{"line":643,"column":17},"end":{"line":643,"column":null}},"329":{"start":{"line":645,"column":8},"end":{"line":645,"column":null}},"330":{"start":{"line":649,"column":4},"end":{"line":651,"column":null}},"331":{"start":{"line":653,"column":16},"end":{"line":653,"column":99}},"332":{"start":{"line":654,"column":17},"end":{"line":654,"column":33}},"333":{"start":{"line":655,"column":4},"end":{"line":655,"column":null}},"334":{"start":{"line":657,"column":4},"end":{"line":657,"column":null}},"335":{"start":{"line":658,"column":4},"end":{"line":658,"column":null}},"336":{"start":{"line":663,"column":0},"end":{"line":689,"column":null}},"337":{"start":{"line":664,"column":21},"end":{"line":664,"column":46}},"338":{"start":{"line":665,"column":2},"end":{"line":687,"column":null}},"339":{"start":{"line":666,"column":16},"end":{"line":668,"column":14}},"340":{"start":{"line":669,"column":4},"end":{"line":669,"column":null}},"341":{"start":{"line":669,"column":25},"end":{"line":669,"column":null}},"342":{"start":{"line":671,"column":4},"end":{"line":671,"column":null}},"343":{"start":{"line":673,"column":4},"end":{"line":678,"column":null}},"344":{"start":{"line":674,"column":6},"end":{"line":678,"column":null}},"345":{"start":{"line":675,"column":8},"end":{"line":675,"column":null}},"346":{"start":{"line":678,"column":8},"end":{"line":678,"column":null}},"347":{"start":{"line":682,"column":16},"end":{"line":682,"column":99}},"348":{"start":{"line":683,"column":17},"end":{"line":683,"column":33}},"349":{"start":{"line":684,"column":4},"end":{"line":684,"column":null}},"350":{"start":{"line":686,"column":4},"end":{"line":686,"column":null}},"351":{"start":{"line":687,"column":4},"end":{"line":687,"column":null}},"352":{"start":{"line":692,"column":0},"end":{"line":775,"column":null}},"353":{"start":{"line":693,"column":16},"end":{"line":693,"column":68}},"354":{"start":{"line":694,"column":22},"end":{"line":694,"column":68}},"355":{"start":{"line":696,"column":19},"end":{"line":696,"column":49}},"356":{"start":{"line":697,"column":2},"end":{"line":698,"column":null}},"357":{"start":{"line":698,"column":4},"end":{"line":698,"column":null}},"358":{"start":{"line":700,"column":20},"end":{"line":700,"column":null}},"359":{"start":{"line":701,"column":36},"end":{"line":701,"column":null}},"360":{"start":{"line":702,"column":15},"end":{"line":702,"column":null}},"361":{"start":{"line":704,"column":2},"end":{"line":754,"column":null}},"362":{"start":{"line":705,"column":18},"end":{"line":705,"column":56}},"363":{"start":{"line":706,"column":4},"end":{"line":709,"column":null}},"364":{"start":{"line":707,"column":6},"end":{"line":707,"column":null}},"365":{"start":{"line":708,"column":6},"end":{"line":708,"column":null}},"366":{"start":{"line":709,"column":6},"end":{"line":709,"column":null}},"367":{"start":{"line":712,"column":33},"end":{"line":712,"column":null}},"368":{"start":{"line":713,"column":16},"end":{"line":713,"column":67}},"369":{"start":{"line":714,"column":14},"end":{"line":714,"column":73}},"370":{"start":{"line":716,"column":4},"end":{"line":724,"column":null}},"371":{"start":{"line":717,"column":27},"end":{"line":717,"column":54}},"372":{"start":{"line":718,"column":6},"end":{"line":721,"column":null}},"373":{"start":{"line":719,"column":8},"end":{"line":719,"column":null}},"374":{"start":{"line":720,"column":8},"end":{"line":720,"column":null}},"375":{"start":{"line":721,"column":8},"end":{"line":721,"column":null}},"376":{"start":{"line":723,"column":6},"end":{"line":723,"column":null}},"377":{"start":{"line":724,"column":6},"end":{"line":724,"column":null}},"378":{"start":{"line":727,"column":4},"end":{"line":736,"column":null}},"379":{"start":{"line":734,"column":6},"end":{"line":734,"column":null}},"380":{"start":{"line":735,"column":6},"end":{"line":735,"column":null}},"381":{"start":{"line":736,"column":6},"end":{"line":736,"column":null}},"382":{"start":{"line":739,"column":4},"end":{"line":739,"column":null}},"383":{"start":{"line":740,"column":19},"end":{"line":740,"column":null}},"384":{"start":{"line":741,"column":4},"end":{"line":741,"column":null}},"385":{"start":{"line":742,"column":4},"end":{"line":743,"column":null}},"386":{"start":{"line":743,"column":6},"end":{"line":743,"column":null}},"387":{"start":{"line":745,"column":4},"end":{"line":745,"column":null}},"388":{"start":{"line":746,"column":4},"end":{"line":746,"column":null}},"389":{"start":{"line":747,"column":4},"end":{"line":747,"column":null}},"390":{"start":{"line":749,"column":4},"end":{"line":749,"column":null}},"391":{"start":{"line":750,"column":4},"end":{"line":751,"column":null}},"392":{"start":{"line":751,"column":6},"end":{"line":751,"column":null}},"393":{"start":{"line":753,"column":4},"end":{"line":754,"column":null}},"394":{"start":{"line":754,"column":6},"end":{"line":754,"column":null}},"395":{"start":{"line":758,"column":14},"end":{"line":758,"column":51}},"396":{"start":{"line":759,"column":47},"end":{"line":765,"column":null}},"397":{"start":{"line":767,"column":22},"end":{"line":767,"column":null}},"398":{"start":{"line":769,"column":2},"end":{"line":769,"column":null}},"399":{"start":{"line":770,"column":2},"end":{"line":770,"column":null}},"400":{"start":{"line":771,"column":2},"end":{"line":771,"column":null}},"401":{"start":{"line":773,"column":2},"end":{"line":773,"column":null}},"402":{"start":{"line":774,"column":2},"end":{"line":774,"column":null}},"403":{"start":{"line":778,"column":0},"end":{"line":778,"column":null}},"404":{"start":{"line":778,"column":20},"end":{"line":778,"column":70}},"405":{"start":{"line":781,"column":0},"end":{"line":781,"column":null}},"406":{"start":{"line":781,"column":26},"end":{"line":781,"column":50}}},"fnMap":{"0":{"name":"(anonymous_0)","decl":{"start":{"line":30,"column":14},"end":{"line":30,"column":21}},"loc":{"start":{"line":30,"column":33},"end":{"line":39,"column":null}},"line":30},"1":{"name":"getBaseUrl","decl":{"start":{"line":41,"column":9},"end":{"line":41,"column":20}},"loc":{"start":{"line":41,"column":36},"end":{"line":45,"column":null}},"line":41},"2":{"name":"requireAuth","decl":{"start":{"line":48,"column":15},"end":{"line":48,"column":27}},"loc":{"start":{"line":48,"column":46},"end":{"line":59,"column":null}},"line":48},"3":{"name":"(anonymous_3)","decl":{"start":{"line":64,"column":23},"end":{"line":64,"column":30}},"loc":{"start":{"line":64,"column":36},"end":{"line":79,"column":null}},"line":64},"4":{"name":"(anonymous_4)","decl":{"start":{"line":77,"column":13},"end":{"line":77,"column":21}},"loc":{"start":{"line":77,"column":26},"end":{"line":77,"column":69}},"line":77},"5":{"name":"(anonymous_5)","decl":{"start":{"line":81,"column":26},"end":{"line":81,"column":33}},"loc":{"start":{"line":81,"column":39},"end":{"line":102,"column":null}},"line":81},"6":{"name":"(anonymous_6)","decl":{"start":{"line":96,"column":15},"end":{"line":96,"column":23}},"loc":{"start":{"line":96,"column":28},"end":{"line":96,"column":71}},"line":96},"7":{"name":"(anonymous_7)","decl":{"start":{"line":104,"column":25},"end":{"line":104,"column":32}},"loc":{"start":{"line":104,"column":38},"end":{"line":107,"column":null}},"line":104},"8":{"name":"(anonymous_8)","decl":{"start":{"line":109,"column":20},"end":{"line":109,"column":27}},"loc":{"start":{"line":109,"column":33},"end":{"line":120,"column":null}},"line":109},"9":{"name":"buildWhereClause","decl":{"start":{"line":127,"column":9},"end":{"line":127,"column":26}},"loc":{"start":{"line":135,"column":54},"end":{"line":176,"column":null}},"line":135},"10":{"name":"(anonymous_10)","decl":{"start":{"line":146,"column":49},"end":{"line":146,"column":59}},"loc":{"start":{"line":146,"column":59},"end":{"line":146,"column":63}},"line":146},"11":{"name":"(anonymous_11)","decl":{"start":{"line":151,"column":50},"end":{"line":151,"column":60}},"loc":{"start":{"line":151,"column":60},"end":{"line":151,"column":64}},"line":151},"12":{"name":"(anonymous_12)","decl":{"start":{"line":156,"column":54},"end":{"line":156,"column":64}},"loc":{"start":{"line":156,"column":64},"end":{"line":156,"column":68}},"line":156},"13":{"name":"(anonymous_13)","decl":{"start":{"line":161,"column":54},"end":{"line":161,"column":64}},"loc":{"start":{"line":161,"column":64},"end":{"line":161,"column":68}},"line":161},"14":{"name":"(anonymous_14)","decl":{"start":{"line":180,"column":24},"end":{"line":180,"column":31}},"loc":{"start":{"line":180,"column":37},"end":{"line":289,"column":null}},"line":180},"15":{"name":"(anonymous_15)","decl":{"start":{"line":292,"column":32},"end":{"line":292,"column":39}},"loc":{"start":{"line":292,"column":45},"end":{"line":321,"column":null}},"line":292},"16":{"name":"(anonymous_16)","decl":{"start":{"line":308,"column":63},"end":{"line":308,"column":67}},"loc":{"start":{"line":308,"column":72},"end":{"line":308,"column":81}},"line":308},"17":{"name":"(anonymous_17)","decl":{"start":{"line":309,"column":71},"end":{"line":309,"column":75}},"loc":{"start":{"line":309,"column":80},"end":{"line":309,"column":91}},"line":309},"18":{"name":"(anonymous_18)","decl":{"start":{"line":310,"column":71},"end":{"line":310,"column":75}},"loc":{"start":{"line":310,"column":80},"end":{"line":310,"column":91}},"line":310},"19":{"name":"(anonymous_19)","decl":{"start":{"line":311,"column":82},"end":{"line":311,"column":86}},"loc":{"start":{"line":311,"column":92},"end":{"line":315,"column":null}},"line":311},"20":{"name":"(anonymous_20)","decl":{"start":{"line":324,"column":28},"end":{"line":324,"column":35}},"loc":{"start":{"line":324,"column":41},"end":{"line":389,"column":null}},"line":324},"21":{"name":"(anonymous_21)","decl":{"start":{"line":358,"column":34},"end":{"line":358,"column":44}},"loc":{"start":{"line":358,"column":44},"end":{"line":358,"column":48}},"line":358},"22":{"name":"(anonymous_22)","decl":{"start":{"line":368,"column":70},"end":{"line":368,"column":74}},"loc":{"start":{"line":368,"column":79},"end":{"line":368,"column":93}},"line":368},"23":{"name":"(anonymous_23)","decl":{"start":{"line":372,"column":57},"end":{"line":372,"column":61}},"loc":{"start":{"line":372,"column":67},"end":{"line":375,"column":7}},"line":372},"24":{"name":"(anonymous_24)","decl":{"start":{"line":392,"column":32},"end":{"line":392,"column":39}},"loc":{"start":{"line":392,"column":45},"end":{"line":402,"column":null}},"line":392},"25":{"name":"(anonymous_25)","decl":{"start":{"line":405,"column":21},"end":{"line":405,"column":28}},"loc":{"start":{"line":405,"column":34},"end":{"line":415,"column":null}},"line":405},"26":{"name":"(anonymous_26)","decl":{"start":{"line":418,"column":43},"end":{"line":418,"column":50}},"loc":{"start":{"line":418,"column":56},"end":{"line":467,"column":null}},"line":418},"27":{"name":"(anonymous_27)","decl":{"start":{"line":420,"column":34},"end":{"line":420,"column":46}},"loc":{"start":{"line":420,"column":46},"end":{"line":420,"column":51}},"line":420},"28":{"name":"(anonymous_28)","decl":{"start":{"line":470,"column":52},"end":{"line":470,"column":59}},"loc":{"start":{"line":470,"column":65},"end":{"line":521,"column":null}},"line":470},"29":{"name":"(anonymous_29)","decl":{"start":{"line":472,"column":34},"end":{"line":472,"column":46}},"loc":{"start":{"line":472,"column":46},"end":{"line":472,"column":51}},"line":472},"30":{"name":"(anonymous_30)","decl":{"start":{"line":483,"column":8},"end":{"line":483,"column":21}},"loc":{"start":{"line":483,"column":35},"end":{"line":489,"column":null}},"line":483},"31":{"name":"(anonymous_31)","decl":{"start":{"line":524,"column":64},"end":{"line":524,"column":71}},"loc":{"start":{"line":524,"column":77},"end":{"line":587,"column":null}},"line":524},"32":{"name":"(anonymous_32)","decl":{"start":{"line":590,"column":53},"end":{"line":590,"column":60}},"loc":{"start":{"line":590,"column":66},"end":{"line":660,"column":null}},"line":590},"33":{"name":"(anonymous_33)","decl":{"start":{"line":592,"column":34},"end":{"line":592,"column":46}},"loc":{"start":{"line":592,"column":46},"end":{"line":592,"column":51}},"line":592},"34":{"name":"(anonymous_34)","decl":{"start":{"line":663,"column":54},"end":{"line":663,"column":61}},"loc":{"start":{"line":663,"column":67},"end":{"line":689,"column":null}},"line":663},"35":{"name":"(anonymous_35)","decl":{"start":{"line":692,"column":21},"end":{"line":692,"column":28}},"loc":{"start":{"line":692,"column":34},"end":{"line":775,"column":null}},"line":692},"36":{"name":"(anonymous_36)","decl":{"start":{"line":778,"column":8},"end":{"line":778,"column":14}},"loc":{"start":{"line":778,"column":20},"end":{"line":778,"column":70}},"line":778},"37":{"name":"(anonymous_37)","decl":{"start":{"line":781,"column":8},"end":{"line":781,"column":20}},"loc":{"start":{"line":781,"column":26},"end":{"line":781,"column":50}},"line":781}},"branchMap":{"0":{"loc":{"start":{"line":32,"column":18},"end":{"line":32,"column":null}},"type":"binary-expr","locations":[{"start":{"line":32,"column":18},"end":{"line":32,"column":38}},{"start":{"line":32,"column":38},"end":{"line":32,"column":48}},{"start":{"line":32,"column":48},"end":{"line":32,"column":null}}],"line":32},"1":{"loc":{"start":{"line":43,"column":2},"end":{"line":43,"column":null}},"type":"if","locations":[{"start":{"line":43,"column":2},"end":{"line":43,"column":null}},{"start":{},"end":{}}],"line":43},"2":{"loc":{"start":{"line":50,"column":2},"end":{"line":50,"column":null}},"type":"if","locations":[{"start":{"line":50,"column":2},"end":{"line":50,"column":null}},{"start":{},"end":{}}],"line":50},"3":{"loc":{"start":{"line":53,"column":2},"end":{"line":53,"column":null}},"type":"if","locations":[{"start":{"line":53,"column":2},"end":{"line":53,"column":null}},{"start":{},"end":{}}],"line":53},"4":{"loc":{"start":{"line":66,"column":2},"end":{"line":66,"column":null}},"type":"if","locations":[{"start":{"line":66,"column":2},"end":{"line":66,"column":null}},{"start":{},"end":{}}],"line":66},"5":{"loc":{"start":{"line":69,"column":21},"end":{"line":69,"column":null}},"type":"binary-expr","locations":[{"start":{"line":69,"column":21},"end":{"line":69,"column":44}},{"start":{"line":69,"column":48},"end":{"line":69,"column":null}}],"line":69},"6":{"loc":{"start":{"line":84,"column":2},"end":{"line":84,"column":null}},"type":"if","locations":[{"start":{"line":84,"column":2},"end":{"line":84,"column":null}},{"start":{},"end":{}}],"line":84},"7":{"loc":{"start":{"line":84,"column":6},"end":{"line":84,"column":31}},"type":"binary-expr","locations":[{"start":{"line":84,"column":6},"end":{"line":84,"column":19}},{"start":{"line":84,"column":19},"end":{"line":84,"column":31}}],"line":84},"8":{"loc":{"start":{"line":99,"column":16},"end":{"line":99,"column":null}},"type":"cond-expr","locations":[{"start":{"line":99,"column":39},"end":{"line":99,"column":53}},{"start":{"line":99,"column":53},"end":{"line":99,"column":null}}],"line":99},"9":{"loc":{"start":{"line":111,"column":2},"end":{"line":111,"column":null}},"type":"if","locations":[{"start":{"line":111,"column":2},"end":{"line":111,"column":null}},{"start":{},"end":{}}],"line":111},"10":{"loc":{"start":{"line":113,"column":2},"end":{"line":113,"column":null}},"type":"if","locations":[{"start":{"line":113,"column":2},"end":{"line":113,"column":null}},{"start":{},"end":{}}],"line":113},"11":{"loc":{"start":{"line":139,"column":2},"end":{"line":142,"column":null}},"type":"if","locations":[{"start":{"line":139,"column":2},"end":{"line":142,"column":null}},{"start":{},"end":{}}],"line":139},"12":{"loc":{"start":{"line":145,"column":2},"end":{"line":147,"column":null}},"type":"if","locations":[{"start":{"line":145,"column":2},"end":{"line":147,"column":null}},{"start":{},"end":{}}],"line":145},"13":{"loc":{"start":{"line":145,"column":6},"end":{"line":145,"column":45}},"type":"binary-expr","locations":[{"start":{"line":145,"column":6},"end":{"line":145,"column":21}},{"start":{"line":145,"column":21},"end":{"line":145,"column":45}}],"line":145},"14":{"loc":{"start":{"line":150,"column":2},"end":{"line":152,"column":null}},"type":"if","locations":[{"start":{"line":150,"column":2},"end":{"line":152,"column":null}},{"start":{},"end":{}}],"line":150},"15":{"loc":{"start":{"line":150,"column":6},"end":{"line":150,"column":49}},"type":"binary-expr","locations":[{"start":{"line":150,"column":6},"end":{"line":150,"column":23}},{"start":{"line":150,"column":23},"end":{"line":150,"column":49}}],"line":150},"16":{"loc":{"start":{"line":155,"column":2},"end":{"line":157,"column":null}},"type":"if","locations":[{"start":{"line":155,"column":2},"end":{"line":157,"column":null}},{"start":{},"end":{}}],"line":155},"17":{"loc":{"start":{"line":155,"column":6},"end":{"line":155,"column":53}},"type":"binary-expr","locations":[{"start":{"line":155,"column":6},"end":{"line":155,"column":25}},{"start":{"line":155,"column":25},"end":{"line":155,"column":53}}],"line":155},"18":{"loc":{"start":{"line":160,"column":2},"end":{"line":162,"column":null}},"type":"if","locations":[{"start":{"line":160,"column":2},"end":{"line":162,"column":null}},{"start":{},"end":{}}],"line":160},"19":{"loc":{"start":{"line":160,"column":6},"end":{"line":160,"column":53}},"type":"binary-expr","locations":[{"start":{"line":160,"column":6},"end":{"line":160,"column":25}},{"start":{"line":160,"column":25},"end":{"line":160,"column":53}}],"line":160},"20":{"loc":{"start":{"line":165,"column":2},"end":{"line":167,"column":null}},"type":"if","locations":[{"start":{"line":165,"column":2},"end":{"line":167,"column":null}},{"start":{},"end":{}}],"line":165},"21":{"loc":{"start":{"line":170,"column":2},"end":{"line":172,"column":null}},"type":"if","locations":[{"start":{"line":170,"column":2},"end":{"line":172,"column":null}},{"start":{},"end":{}}],"line":170},"22":{"loc":{"start":{"line":175,"column":17},"end":{"line":175,"column":null}},"type":"cond-expr","locations":[{"start":{"line":175,"column":41},"end":{"line":175,"column":79}},{"start":{"line":175,"column":79},"end":{"line":175,"column":null}}],"line":175},"23":{"loc":{"start":{"line":181,"column":17},"end":{"line":181,"column":null}},"type":"binary-expr","locations":[{"start":{"line":181,"column":17},"end":{"line":181,"column":33}},{"start":{"line":181,"column":37},"end":{"line":181,"column":null}}],"line":181},"24":{"loc":{"start":{"line":182,"column":24},"end":{"line":182,"column":52}},"type":"binary-expr","locations":[{"start":{"line":182,"column":24},"end":{"line":182,"column":43}},{"start":{"line":182,"column":47},"end":{"line":182,"column":52}}],"line":182},"25":{"loc":{"start":{"line":183,"column":25},"end":{"line":183,"column":55}},"type":"binary-expr","locations":[{"start":{"line":183,"column":25},"end":{"line":183,"column":45}},{"start":{"line":183,"column":49},"end":{"line":183,"column":55}}],"line":183},"26":{"loc":{"start":{"line":186,"column":15},"end":{"line":186,"column":null}},"type":"cond-expr","locations":[{"start":{"line":186,"column":37},"end":{"line":186,"column":84}},{"start":{"line":186,"column":87},"end":{"line":186,"column":null}}],"line":186},"27":{"loc":{"start":{"line":187,"column":17},"end":{"line":187,"column":null}},"type":"cond-expr","locations":[{"start":{"line":187,"column":41},"end":{"line":187,"column":90}},{"start":{"line":187,"column":93},"end":{"line":187,"column":null}}],"line":187},"28":{"loc":{"start":{"line":188,"column":19},"end":{"line":188,"column":null}},"type":"cond-expr","locations":[{"start":{"line":188,"column":45},"end":{"line":188,"column":96}},{"start":{"line":188,"column":99},"end":{"line":188,"column":null}}],"line":188},"29":{"loc":{"start":{"line":189,"column":19},"end":{"line":189,"column":null}},"type":"cond-expr","locations":[{"start":{"line":189,"column":45},"end":{"line":189,"column":96}},{"start":{"line":189,"column":99},"end":{"line":189,"column":null}}],"line":189},"30":{"loc":{"start":{"line":190,"column":20},"end":{"line":190,"column":null}},"type":"cond-expr","locations":[{"start":{"line":190,"column":47},"end":{"line":190,"column":86}},{"start":{"line":190,"column":89},"end":{"line":190,"column":null}}],"line":190},"31":{"loc":{"start":{"line":191,"column":20},"end":{"line":191,"column":null}},"type":"cond-expr","locations":[{"start":{"line":191,"column":47},"end":{"line":191,"column":86}},{"start":{"line":191,"column":89},"end":{"line":191,"column":null}}],"line":191},"32":{"loc":{"start":{"line":194,"column":15},"end":{"line":194,"column":null}},"type":"cond-expr","locations":[{"start":{"line":194,"column":56},"end":{"line":194,"column":69}},{"start":{"line":194,"column":69},"end":{"line":194,"column":null}}],"line":194},"33":{"loc":{"start":{"line":195,"column":16},"end":{"line":195,"column":null}},"type":"cond-expr","locations":[{"start":{"line":195,"column":65},"end":{"line":195,"column":74}},{"start":{"line":195,"column":74},"end":{"line":195,"column":null}}],"line":195},"34":{"loc":{"start":{"line":199,"column":14},"end":{"line":199,"column":null}},"type":"binary-expr","locations":[{"start":{"line":199,"column":14},"end":{"line":199,"column":24}},{"start":{"line":199,"column":24},"end":{"line":199,"column":null}}],"line":199},"35":{"loc":{"start":{"line":208,"column":25},"end":{"line":208,"column":null}},"type":"binary-expr","locations":[{"start":{"line":208,"column":25},"end":{"line":208,"column":33}},{"start":{"line":208,"column":33},"end":{"line":208,"column":null}}],"line":208},"36":{"loc":{"start":{"line":209,"column":23},"end":{"line":209,"column":null}},"type":"cond-expr","locations":[{"start":{"line":209,"column":38},"end":{"line":209,"column":91}},{"start":{"line":209,"column":91},"end":{"line":209,"column":null}}],"line":209},"37":{"loc":{"start":{"line":210,"column":24},"end":{"line":210,"column":null}},"type":"cond-expr","locations":[{"start":{"line":210,"column":39},"end":{"line":210,"column":94}},{"start":{"line":210,"column":94},"end":{"line":210,"column":null}}],"line":210},"38":{"loc":{"start":{"line":215,"column":4},"end":{"line":216,"column":null}},"type":"if","locations":[{"start":{"line":215,"column":4},"end":{"line":216,"column":null}},{"start":{},"end":{}}],"line":215},"39":{"loc":{"start":{"line":219,"column":20},"end":{"line":219,"column":null}},"type":"cond-expr","locations":[{"start":{"line":219,"column":51},"end":{"line":219,"column":71}},{"start":{"line":219,"column":71},"end":{"line":219,"column":null}}],"line":219},"40":{"loc":{"start":{"line":220,"column":24},"end":{"line":222,"column":null}},"type":"cond-expr","locations":[{"start":{"line":221,"column":8},"end":{"line":221,"column":null}},{"start":{"line":222,"column":8},"end":{"line":222,"column":null}}],"line":220},"41":{"loc":{"start":{"line":224,"column":4},"end":{"line":248,"column":null}},"type":"if","locations":[{"start":{"line":224,"column":4},"end":{"line":248,"column":null}},{"start":{"line":237,"column":11},"end":{"line":248,"column":null}}],"line":224},"42":{"loc":{"start":{"line":224,"column":8},"end":{"line":224,"column":37}},"type":"binary-expr","locations":[{"start":{"line":224,"column":8},"end":{"line":224,"column":23}},{"start":{"line":224,"column":23},"end":{"line":224,"column":37}}],"line":224},"43":{"loc":{"start":{"line":256,"column":4},"end":{"line":270,"column":null}},"type":"if","locations":[{"start":{"line":256,"column":4},"end":{"line":270,"column":null}},{"start":{"line":266,"column":15},"end":{"line":270,"column":null}}],"line":256},"44":{"loc":{"start":{"line":266,"column":15},"end":{"line":270,"column":null}},"type":"if","locations":[{"start":{"line":266,"column":15},"end":{"line":270,"column":null}},{"start":{"line":268,"column":11},"end":{"line":270,"column":null}}],"line":266},"45":{"loc":{"start":{"line":274,"column":19},"end":{"line":274,"column":null}},"type":"binary-expr","locations":[{"start":{"line":274,"column":19},"end":{"line":274,"column":52}},{"start":{"line":274,"column":52},"end":{"line":274,"column":null}}],"line":274},"46":{"loc":{"start":{"line":340,"column":4},"end":{"line":341,"column":null}},"type":"if","locations":[{"start":{"line":340,"column":4},"end":{"line":341,"column":null}},{"start":{},"end":{}}],"line":340},"47":{"loc":{"start":{"line":354,"column":19},"end":{"line":354,"column":78}},"type":"cond-expr","locations":[{"start":{"line":354,"column":42},"end":{"line":354,"column":73}},{"start":{"line":354,"column":76},"end":{"line":354,"column":78}}],"line":354},"48":{"loc":{"start":{"line":357,"column":4},"end":{"line":361,"column":null}},"type":"if","locations":[{"start":{"line":357,"column":4},"end":{"line":361,"column":null}},{"start":{},"end":{}}],"line":357},"49":{"loc":{"start":{"line":374,"column":26},"end":{"line":374,"column":null}},"type":"binary-expr","locations":[{"start":{"line":374,"column":26},"end":{"line":374,"column":63}},{"start":{"line":374,"column":67},"end":{"line":374,"column":null}}],"line":374},"50":{"loc":{"start":{"line":421,"column":2},"end":{"line":422,"column":null}},"type":"if","locations":[{"start":{"line":421,"column":2},"end":{"line":422,"column":null}},{"start":{},"end":{}}],"line":421},"51":{"loc":{"start":{"line":421,"column":6},"end":{"line":421,"column":41}},"type":"binary-expr","locations":[{"start":{"line":421,"column":6},"end":{"line":421,"column":15}},{"start":{"line":421,"column":15},"end":{"line":421,"column":41}}],"line":421},"52":{"loc":{"start":{"line":430,"column":4},"end":{"line":430,"column":null}},"type":"if","locations":[{"start":{"line":430,"column":4},"end":{"line":430,"column":null}},{"start":{},"end":{}}],"line":430},"53":{"loc":{"start":{"line":432,"column":4},"end":{"line":435,"column":null}},"type":"if","locations":[{"start":{"line":432,"column":4},"end":{"line":435,"column":null}},{"start":{},"end":{}}],"line":432},"54":{"loc":{"start":{"line":432,"column":8},"end":{"line":432,"column":43}},"type":"binary-expr","locations":[{"start":{"line":432,"column":8},"end":{"line":432,"column":24}},{"start":{"line":432,"column":24},"end":{"line":432,"column":43}}],"line":432},"55":{"loc":{"start":{"line":437,"column":4},"end":{"line":438,"column":null}},"type":"if","locations":[{"start":{"line":437,"column":4},"end":{"line":438,"column":null}},{"start":{},"end":{}}],"line":437},"56":{"loc":{"start":{"line":444,"column":2},"end":{"line":445,"column":null}},"type":"if","locations":[{"start":{"line":444,"column":2},"end":{"line":445,"column":null}},{"start":{},"end":{}}],"line":444},"57":{"loc":{"start":{"line":473,"column":2},"end":{"line":473,"column":null}},"type":"if","locations":[{"start":{"line":473,"column":2},"end":{"line":473,"column":null}},{"start":{},"end":{}}],"line":473},"58":{"loc":{"start":{"line":473,"column":6},"end":{"line":473,"column":41}},"type":"binary-expr","locations":[{"start":{"line":473,"column":6},"end":{"line":473,"column":15}},{"start":{"line":473,"column":15},"end":{"line":473,"column":41}}],"line":473},"59":{"loc":{"start":{"line":479,"column":2},"end":{"line":479,"column":null}},"type":"if","locations":[{"start":{"line":479,"column":2},"end":{"line":479,"column":null}},{"start":{},"end":{}}],"line":479},"60":{"loc":{"start":{"line":479,"column":6},"end":{"line":479,"column":59}},"type":"binary-expr","locations":[{"start":{"line":479,"column":6},"end":{"line":479,"column":43}},{"start":{"line":479,"column":43},"end":{"line":479,"column":59}}],"line":479},"61":{"loc":{"start":{"line":480,"column":2},"end":{"line":480,"column":null}},"type":"if","locations":[{"start":{"line":480,"column":2},"end":{"line":480,"column":null}},{"start":{},"end":{}}],"line":480},"62":{"loc":{"start":{"line":480,"column":6},"end":{"line":480,"column":41}},"type":"binary-expr","locations":[{"start":{"line":480,"column":6},"end":{"line":480,"column":34}},{"start":{"line":480,"column":34},"end":{"line":480,"column":41}}],"line":480},"63":{"loc":{"start":{"line":482,"column":17},"end":{"line":482,"column":null}},"type":"binary-expr","locations":[{"start":{"line":482,"column":17},"end":{"line":482,"column":44}},{"start":{"line":482,"column":44},"end":{"line":482,"column":null}}],"line":482},"64":{"loc":{"start":{"line":487,"column":13},"end":{"line":487,"column":null}},"type":"binary-expr","locations":[{"start":{"line":487,"column":13},"end":{"line":487,"column":39}},{"start":{"line":487,"column":39},"end":{"line":487,"column":62}},{"start":{"line":487,"column":62},"end":{"line":487,"column":null}}],"line":487},"65":{"loc":{"start":{"line":493,"column":2},"end":{"line":495,"column":null}},"type":"if","locations":[{"start":{"line":493,"column":2},"end":{"line":495,"column":null}},{"start":{},"end":{}}],"line":493},"66":{"loc":{"start":{"line":494,"column":4},"end":{"line":494,"column":null}},"type":"if","locations":[{"start":{"line":494,"column":4},"end":{"line":494,"column":null}},{"start":{},"end":{}}],"line":494},"67":{"loc":{"start":{"line":495,"column":4},"end":{"line":495,"column":null}},"type":"if","locations":[{"start":{"line":495,"column":4},"end":{"line":495,"column":null}},{"start":{},"end":{}}],"line":495},"68":{"loc":{"start":{"line":511,"column":6},"end":{"line":511,"column":null}},"type":"cond-expr","locations":[{"start":{"line":511,"column":15},"end":{"line":511,"column":25}},{"start":{"line":511,"column":28},"end":{"line":511,"column":null}}],"line":511},"69":{"loc":{"start":{"line":535,"column":2},"end":{"line":535,"column":null}},"type":"if","locations":[{"start":{"line":535,"column":2},"end":{"line":535,"column":null}},{"start":{},"end":{}}],"line":535},"70":{"loc":{"start":{"line":540,"column":4},"end":{"line":540,"column":null}},"type":"if","locations":[{"start":{"line":540,"column":4},"end":{"line":540,"column":null}},{"start":{},"end":{}}],"line":540},"71":{"loc":{"start":{"line":547,"column":6},"end":{"line":547,"column":null}},"type":"if","locations":[{"start":{"line":547,"column":6},"end":{"line":547,"column":null}},{"start":{},"end":{}}],"line":547},"72":{"loc":{"start":{"line":547,"column":10},"end":{"line":547,"column":45}},"type":"binary-expr","locations":[{"start":{"line":547,"column":10},"end":{"line":547,"column":19}},{"start":{"line":547,"column":19},"end":{"line":547,"column":45}}],"line":547},"73":{"loc":{"start":{"line":548,"column":6},"end":{"line":548,"column":null}},"type":"if","locations":[{"start":{"line":548,"column":6},"end":{"line":548,"column":null}},{"start":{},"end":{}}],"line":548},"74":{"loc":{"start":{"line":549,"column":6},"end":{"line":549,"column":null}},"type":"if","locations":[{"start":{"line":549,"column":6},"end":{"line":549,"column":null}},{"start":{},"end":{}}],"line":549},"75":{"loc":{"start":{"line":549,"column":10},"end":{"line":549,"column":73}},"type":"binary-expr","locations":[{"start":{"line":549,"column":10},"end":{"line":549,"column":52}},{"start":{"line":549,"column":52},"end":{"line":549,"column":73}}],"line":549},"76":{"loc":{"start":{"line":550,"column":6},"end":{"line":550,"column":null}},"type":"if","locations":[{"start":{"line":550,"column":6},"end":{"line":550,"column":null}},{"start":{},"end":{}}],"line":550},"77":{"loc":{"start":{"line":550,"column":10},"end":{"line":550,"column":55}},"type":"binary-expr","locations":[{"start":{"line":550,"column":10},"end":{"line":550,"column":43}},{"start":{"line":550,"column":43},"end":{"line":550,"column":55}}],"line":550},"78":{"loc":{"start":{"line":553,"column":6},"end":{"line":553,"column":null}},"type":"if","locations":[{"start":{"line":553,"column":6},"end":{"line":553,"column":null}},{"start":{},"end":{}}],"line":553},"79":{"loc":{"start":{"line":561,"column":23},"end":{"line":561,"column":null}},"type":"binary-expr","locations":[{"start":{"line":561,"column":23},"end":{"line":561,"column":36}},{"start":{"line":561,"column":36},"end":{"line":561,"column":null}}],"line":561},"80":{"loc":{"start":{"line":574,"column":8},"end":{"line":574,"column":null}},"type":"binary-expr","locations":[{"start":{"line":574,"column":8},"end":{"line":574,"column":33}},{"start":{"line":574,"column":33},"end":{"line":574,"column":null}}],"line":574},"81":{"loc":{"start":{"line":593,"column":2},"end":{"line":593,"column":null}},"type":"if","locations":[{"start":{"line":593,"column":2},"end":{"line":593,"column":null}},{"start":{},"end":{}}],"line":593},"82":{"loc":{"start":{"line":593,"column":6},"end":{"line":593,"column":41}},"type":"binary-expr","locations":[{"start":{"line":593,"column":6},"end":{"line":593,"column":15}},{"start":{"line":593,"column":15},"end":{"line":593,"column":41}}],"line":593},"83":{"loc":{"start":{"line":598,"column":2},"end":{"line":603,"column":null}},"type":"if","locations":[{"start":{"line":598,"column":2},"end":{"line":603,"column":null}},{"start":{},"end":{}}],"line":598},"84":{"loc":{"start":{"line":599,"column":4},"end":{"line":600,"column":null}},"type":"if","locations":[{"start":{"line":599,"column":4},"end":{"line":600,"column":null}},{"start":{},"end":{}}],"line":599},"85":{"loc":{"start":{"line":599,"column":8},"end":{"line":599,"column":79}},"type":"binary-expr","locations":[{"start":{"line":599,"column":8},"end":{"line":599,"column":39}},{"start":{"line":599,"column":39},"end":{"line":599,"column":79}}],"line":599},"86":{"loc":{"start":{"line":606,"column":2},"end":{"line":611,"column":null}},"type":"if","locations":[{"start":{"line":606,"column":2},"end":{"line":611,"column":null}},{"start":{},"end":{}}],"line":606},"87":{"loc":{"start":{"line":607,"column":4},"end":{"line":608,"column":null}},"type":"if","locations":[{"start":{"line":607,"column":4},"end":{"line":608,"column":null}},{"start":{},"end":{}}],"line":607},"88":{"loc":{"start":{"line":607,"column":8},"end":{"line":607,"column":61}},"type":"binary-expr","locations":[{"start":{"line":607,"column":8},"end":{"line":607,"column":30}},{"start":{"line":607,"column":30},"end":{"line":607,"column":61}}],"line":607},"89":{"loc":{"start":{"line":614,"column":2},"end":{"line":623,"column":null}},"type":"if","locations":[{"start":{"line":614,"column":2},"end":{"line":623,"column":null}},{"start":{},"end":{}}],"line":614},"90":{"loc":{"start":{"line":615,"column":4},"end":{"line":616,"column":null}},"type":"if","locations":[{"start":{"line":615,"column":4},"end":{"line":616,"column":null}},{"start":{},"end":{}}],"line":615},"91":{"loc":{"start":{"line":615,"column":8},"end":{"line":615,"column":59}},"type":"binary-expr","locations":[{"start":{"line":615,"column":8},"end":{"line":615,"column":29}},{"start":{"line":615,"column":29},"end":{"line":615,"column":59}}],"line":615},"92":{"loc":{"start":{"line":618,"column":20},"end":{"line":618,"column":null}},"type":"cond-expr","locations":[{"start":{"line":618,"column":51},"end":{"line":618,"column":66}},{"start":{"line":618,"column":69},"end":{"line":618,"column":null}}],"line":618},"93":{"loc":{"start":{"line":620,"column":18},"end":{"line":620,"column":65}},"type":"cond-expr","locations":[{"start":{"line":620,"column":50},"end":{"line":620,"column":60}},{"start":{"line":620,"column":60},"end":{"line":620,"column":65}}],"line":620},"94":{"loc":{"start":{"line":620,"column":18},"end":{"line":620,"column":50}},"type":"binary-expr","locations":[{"start":{"line":620,"column":18},"end":{"line":620,"column":29}},{"start":{"line":620,"column":29},"end":{"line":620,"column":50}}],"line":620},"95":{"loc":{"start":{"line":622,"column":4},"end":{"line":623,"column":null}},"type":"if","locations":[{"start":{"line":622,"column":4},"end":{"line":623,"column":null}},{"start":{},"end":{}}],"line":622},"96":{"loc":{"start":{"line":622,"column":8},"end":{"line":622,"column":39}},"type":"binary-expr","locations":[{"start":{"line":622,"column":8},"end":{"line":622,"column":19}},{"start":{"line":622,"column":19},"end":{"line":622,"column":39}}],"line":622},"97":{"loc":{"start":{"line":627,"column":2},"end":{"line":627,"column":null}},"type":"if","locations":[{"start":{"line":627,"column":2},"end":{"line":627,"column":null}},{"start":{},"end":{}}],"line":627},"98":{"loc":{"start":{"line":631,"column":4},"end":{"line":631,"column":null}},"type":"if","locations":[{"start":{"line":631,"column":4},"end":{"line":631,"column":null}},{"start":{},"end":{}}],"line":631},"99":{"loc":{"start":{"line":634,"column":20},"end":{"line":634,"column":null}},"type":"cond-expr","locations":[{"start":{"line":634,"column":52},"end":{"line":634,"column":64}},{"start":{"line":634,"column":64},"end":{"line":634,"column":null}}],"line":634},"100":{"loc":{"start":{"line":635,"column":19},"end":{"line":635,"column":null}},"type":"cond-expr","locations":[{"start":{"line":635,"column":36},"end":{"line":635,"column":93}},{"start":{"line":635,"column":93},"end":{"line":635,"column":null}}],"line":635},"101":{"loc":{"start":{"line":635,"column":36},"end":{"line":635,"column":93}},"type":"cond-expr","locations":[{"start":{"line":635,"column":67},"end":{"line":635,"column":82}},{"start":{"line":635,"column":85},"end":{"line":635,"column":93}}],"line":635},"102":{"loc":{"start":{"line":636,"column":4},"end":{"line":645,"column":null}},"type":"if","locations":[{"start":{"line":636,"column":4},"end":{"line":645,"column":null}},{"start":{},"end":{}}],"line":636},"103":{"loc":{"start":{"line":637,"column":27},"end":{"line":637,"column":null}},"type":"binary-expr","locations":[{"start":{"line":637,"column":27},"end":{"line":637,"column":37}},{"start":{"line":637,"column":37},"end":{"line":637,"column":null}}],"line":637},"104":{"loc":{"start":{"line":638,"column":6},"end":{"line":638,"column":null}},"type":"if","locations":[{"start":{"line":638,"column":6},"end":{"line":638,"column":null}},{"start":{},"end":{}}],"line":638},"105":{"loc":{"start":{"line":638,"column":10},"end":{"line":638,"column":54}},"type":"binary-expr","locations":[{"start":{"line":638,"column":10},"end":{"line":638,"column":27}},{"start":{"line":638,"column":27},"end":{"line":638,"column":54}}],"line":638},"106":{"loc":{"start":{"line":642,"column":19},"end":{"line":642,"column":null}},"type":"binary-expr","locations":[{"start":{"line":642,"column":19},"end":{"line":642,"column":45}},{"start":{"line":642,"column":45},"end":{"line":642,"column":68}},{"start":{"line":642,"column":68},"end":{"line":642,"column":null}}],"line":642},"107":{"loc":{"start":{"line":643,"column":8},"end":{"line":643,"column":null}},"type":"if","locations":[{"start":{"line":643,"column":8},"end":{"line":643,"column":null}},{"start":{},"end":{}}],"line":643},"108":{"loc":{"start":{"line":669,"column":4},"end":{"line":669,"column":null}},"type":"if","locations":[{"start":{"line":669,"column":4},"end":{"line":669,"column":null}},{"start":{},"end":{}}],"line":669},"109":{"loc":{"start":{"line":673,"column":4},"end":{"line":678,"column":null}},"type":"if","locations":[{"start":{"line":673,"column":4},"end":{"line":678,"column":null}},{"start":{},"end":{}}],"line":673},"110":{"loc":{"start":{"line":694,"column":22},"end":{"line":694,"column":68}},"type":"binary-expr","locations":[{"start":{"line":694,"column":22},"end":{"line":694,"column":43}},{"start":{"line":694,"column":47},"end":{"line":694,"column":68}}],"line":694},"111":{"loc":{"start":{"line":697,"column":2},"end":{"line":698,"column":null}},"type":"if","locations":[{"start":{"line":697,"column":2},"end":{"line":698,"column":null}},{"start":{},"end":{}}],"line":697},"112":{"loc":{"start":{"line":704,"column":2},"end":{"line":754,"column":null}},"type":"if","locations":[{"start":{"line":704,"column":2},"end":{"line":754,"column":null}},{"start":{"line":748,"column":9},"end":{"line":754,"column":null}}],"line":704},"113":{"loc":{"start":{"line":704,"column":6},"end":{"line":704,"column":36}},"type":"binary-expr","locations":[{"start":{"line":704,"column":6},"end":{"line":704,"column":21}},{"start":{"line":704,"column":21},"end":{"line":704,"column":36}}],"line":704},"114":{"loc":{"start":{"line":706,"column":4},"end":{"line":709,"column":null}},"type":"if","locations":[{"start":{"line":706,"column":4},"end":{"line":709,"column":null}},{"start":{},"end":{}}],"line":706},"115":{"loc":{"start":{"line":713,"column":16},"end":{"line":713,"column":67}},"type":"cond-expr","locations":[{"start":{"line":713,"column":34},"end":{"line":713,"column":38}},{"start":{"line":713,"column":38},"end":{"line":713,"column":67}}],"line":713},"116":{"loc":{"start":{"line":714,"column":14},"end":{"line":714,"column":73}},"type":"cond-expr","locations":[{"start":{"line":714,"column":30},"end":{"line":714,"column":46}},{"start":{"line":714,"column":46},"end":{"line":714,"column":73}}],"line":714},"117":{"loc":{"start":{"line":716,"column":4},"end":{"line":724,"column":null}},"type":"if","locations":[{"start":{"line":716,"column":4},"end":{"line":724,"column":null}},{"start":{},"end":{}}],"line":716},"118":{"loc":{"start":{"line":716,"column":8},"end":{"line":716,"column":42}},"type":"binary-expr","locations":[{"start":{"line":716,"column":8},"end":{"line":716,"column":27}},{"start":{"line":716,"column":27},"end":{"line":716,"column":42}}],"line":716},"119":{"loc":{"start":{"line":718,"column":6},"end":{"line":721,"column":null}},"type":"if","locations":[{"start":{"line":718,"column":6},"end":{"line":721,"column":null}},{"start":{},"end":{}}],"line":718},"120":{"loc":{"start":{"line":718,"column":10},"end":{"line":718,"column":63}},"type":"binary-expr","locations":[{"start":{"line":718,"column":10},"end":{"line":718,"column":40}},{"start":{"line":718,"column":44},"end":{"line":718,"column":63}}],"line":718},"121":{"loc":{"start":{"line":727,"column":4},"end":{"line":736,"column":null}},"type":"if","locations":[{"start":{"line":727,"column":4},"end":{"line":736,"column":null}},{"start":{},"end":{}}],"line":727},"122":{"loc":{"start":{"line":728,"column":6},"end":{"line":732,"column":null}},"type":"binary-expr","locations":[{"start":{"line":728,"column":6},"end":{"line":728,"column":29}},{"start":{"line":729,"column":6},"end":{"line":729,"column":27}},{"start":{"line":730,"column":6},"end":{"line":730,"column":null}},{"start":{"line":731,"column":6},"end":{"line":731,"column":null}},{"start":{"line":732,"column":6},"end":{"line":732,"column":null}}],"line":728},"123":{"loc":{"start":{"line":742,"column":4},"end":{"line":743,"column":null}},"type":"if","locations":[{"start":{"line":742,"column":4},"end":{"line":743,"column":null}},{"start":{},"end":{}}],"line":742},"124":{"loc":{"start":{"line":750,"column":4},"end":{"line":751,"column":null}},"type":"if","locations":[{"start":{"line":750,"column":4},"end":{"line":751,"column":null}},{"start":{},"end":{}}],"line":750},"125":{"loc":{"start":{"line":753,"column":4},"end":{"line":754,"column":null}},"type":"if","locations":[{"start":{"line":753,"column":4},"end":{"line":754,"column":null}},{"start":{},"end":{}}],"line":753},"126":{"loc":{"start":{"line":767,"column":22},"end":{"line":767,"column":null}},"type":"binary-expr","locations":[{"start":{"line":767,"column":22},"end":{"line":767,"column":49}},{"start":{"line":767,"column":49},"end":{"line":767,"column":null}}],"line":767},"127":{"loc":{"start":{"line":767,"column":35},"end":{"line":767,"column":49}},"type":"binary-expr","locations":[{"start":{"line":767,"column":35},"end":{"line":767,"column":42}},{"start":{"line":767,"column":42},"end":{"line":767,"column":49}}],"line":767}},"s":{"0":1,"1":1,"2":28,"3":28,"4":28,"5":0,"6":0,"7":0,"8":0,"9":0,"10":0,"11":0,"12":0,"13":0,"14":0,"15":0,"16":0,"17":0,"18":0,"19":0,"20":1,"21":0,"22":0,"23":0,"24":0,"25":0,"26":0,"27":0,"28":0,"29":0,"30":1,"31":0,"32":0,"33":0,"34":0,"35":0,"36":0,"37":0,"38":0,"39":0,"40":0,"41":0,"42":0,"43":1,"44":0,"45":0,"46":1,"47":0,"48":0,"49":0,"50":0,"51":0,"52":0,"53":0,"54":0,"55":0,"56":0,"57":1,"58":1,"59":11,"60":11,"61":11,"62":1,"63":1,"64":1,"65":11,"66":1,"67":2,"68":1,"69":11,"70":1,"71":1,"72":1,"73":11,"74":1,"75":1,"76":1,"77":11,"78":1,"79":1,"80":1,"81":11,"82":1,"83":1,"84":11,"85":1,"86":1,"87":11,"88":11,"89":1,"90":11,"91":11,"92":11,"93":11,"94":11,"95":11,"96":11,"97":11,"98":11,"99":11,"100":11,"101":11,"102":11,"103":11,"104":11,"105":11,"106":11,"107":11,"108":11,"109":11,"110":1,"111":11,"112":11,"113":11,"114":6,"115":6,"116":5,"117":5,"118":11,"119":10,"120":10,"121":1,"122":1,"123":9,"124":5,"125":4,"126":4,"127":10,"128":10,"129":11,"130":1,"131":1,"132":1,"133":2,"134":2,"135":1,"136":2,"137":2,"138":2,"139":3,"140":1,"141":1,"142":1,"143":4,"144":4,"145":4,"146":4,"147":3,"148":1,"149":2,"150":2,"151":2,"152":4,"153":4,"154":1,"155":2,"156":1,"157":1,"158":1,"159":2,"160":2,"161":2,"162":2,"163":2,"164":2,"165":2,"166":1,"167":1,"168":1,"169":2,"170":2,"171":1,"172":1,"173":1,"174":1,"175":2,"176":2,"177":1,"178":1,"179":1,"180":1,"181":0,"182":0,"183":0,"184":0,"185":0,"186":0,"187":0,"188":0,"189":0,"190":0,"191":0,"192":0,"193":0,"194":0,"195":0,"196":0,"197":0,"198":0,"199":0,"200":0,"201":0,"202":0,"203":0,"204":0,"205":0,"206":0,"207":0,"208":0,"209":0,"210":0,"211":0,"212":0,"213":0,"214":0,"215":0,"216":1,"217":0,"218":0,"219":0,"220":0,"221":0,"222":0,"223":0,"224":0,"225":0,"226":0,"227":0,"228":0,"229":0,"230":0,"231":0,"232":0,"233":0,"234":0,"235":0,"236":0,"237":0,"238":0,"239":0,"240":0,"241":0,"242":0,"243":0,"244":0,"245":0,"246":0,"247":0,"248":0,"249":1,"250":0,"251":0,"252":0,"253":0,"254":0,"255":0,"256":0,"257":0,"258":0,"259":0,"260":0,"261":0,"262":0,"263":0,"264":0,"265":0,"266":0,"267":0,"268":0,"269":0,"270":0,"271":0,"272":0,"273":0,"274":0,"275":0,"276":0,"277":0,"278":0,"279":0,"280":0,"281":0,"282":0,"283":0,"284":0,"285":1,"286":0,"287":0,"288":0,"289":0,"290":0,"291":0,"292":0,"293":0,"294":0,"295":0,"296":0,"297":0,"298":0,"299":0,"300":0,"301":0,"302":0,"303":0,"304":0,"305":0,"306":0,"307":0,"308":0,"309":0,"310":0,"311":0,"312":0,"313":0,"314":0,"315":0,"316":0,"317":0,"318":0,"319":0,"320":0,"321":0,"322":0,"323":0,"324":0,"325":0,"326":0,"327":0,"328":0,"329":0,"330":0,"331":0,"332":0,"333":0,"334":0,"335":0,"336":1,"337":0,"338":0,"339":0,"340":0,"341":0,"342":0,"343":0,"344":0,"345":0,"346":0,"347":0,"348":0,"349":0,"350":0,"351":0,"352":1,"353":6,"354":6,"355":6,"356":6,"357":1,"358":5,"359":5,"360":5,"361":5,"362":0,"363":0,"364":0,"365":0,"366":0,"367":0,"368":0,"369":0,"370":0,"371":0,"372":0,"373":0,"374":0,"375":0,"376":0,"377":0,"378":0,"379":0,"380":0,"381":0,"382":0,"383":0,"384":0,"385":0,"386":0,"387":0,"388":0,"389":0,"390":5,"391":5,"392":0,"393":5,"394":5,"395":5,"396":6,"397":6,"398":6,"399":6,"400":6,"401":6,"402":6,"403":1,"404":0,"405":1,"406":1},"f":{"0":28,"1":0,"2":0,"3":0,"4":0,"5":0,"6":0,"7":0,"8":0,"9":11,"10":2,"11":1,"12":1,"13":1,"14":11,"15":2,"16":2,"17":2,"18":2,"19":3,"20":4,"21":2,"22":2,"23":2,"24":2,"25":2,"26":0,"27":0,"28":0,"29":0,"30":0,"31":0,"32":0,"33":0,"34":0,"35":6,"36":0,"37":1},"b":{"0":[28,28,28],"1":[0,0],"2":[0,0],"3":[0,0],"4":[0,0],"5":[0,0],"6":[0,0],"7":[0,0],"8":[0,0],"9":[0,0],"10":[0,0],"11":[1,10],"12":[1,10],"13":[11,1],"14":[1,10],"15":[11,1],"16":[1,10],"17":[11,1],"18":[1,10],"19":[11,1],"20":[1,10],"21":[1,10],"22":[6,5],"23":[11,10],"24":[11,10],"25":[11,10],"26":[1,10],"27":[1,10],"28":[1,10],"29":[1,10],"30":[1,10],"31":[1,10],"32":[1,10],"33":[1,10],"34":[11,10],"35":[11,1],"36":[1,10],"37":[1,10],"38":[1,10],"39":[1,10],"40":[0,11],"41":[6,5],"42":[11,5],"43":[1,9],"44":[5,4],"45":[10,1],"46":[1,2],"47":[1,1],"48":[1,3],"49":[2,2],"50":[0,0],"51":[0,0],"52":[0,0],"53":[0,0],"54":[0,0],"55":[0,0],"56":[0,0],"57":[0,0],"58":[0,0],"59":[0,0],"60":[0,0],"61":[0,0],"62":[0,0],"63":[0,0],"64":[0,0,0],"65":[0,0],"66":[0,0],"67":[0,0],"68":[0,0],"69":[0,0],"70":[0,0],"71":[0,0],"72":[0,0],"73":[0,0],"74":[0,0],"75":[0,0],"76":[0,0],"77":[0,0],"78":[0,0],"79":[0,0],"80":[0,0],"81":[0,0],"82":[0,0],"83":[0,0],"84":[0,0],"85":[0,0],"86":[0,0],"87":[0,0],"88":[0,0],"89":[0,0],"90":[0,0],"91":[0,0],"92":[0,0],"93":[0,0],"94":[0,0],"95":[0,0],"96":[0,0],"97":[0,0],"98":[0,0],"99":[0,0],"100":[0,0],"101":[0,0],"102":[0,0],"103":[0,0],"104":[0,0],"105":[0,0],"106":[0,0,0],"107":[0,0],"108":[0,0],"109":[0,0],"110":[6,6],"111":[1,5],"112":[0,5],"113":[5,0],"114":[0,0],"115":[0,0],"116":[0,0],"117":[0,0],"118":[0,0],"119":[0,0],"120":[0,0],"121":[0,0],"122":[0,0,0,0,0],"123":[0,0],"124":[0,5],"125":[5,0],"126":[6,1],"127":[6,0]},"meta":{"lastBranch":128,"lastFunction":38,"lastStatement":407,"seen":{"s:27:12:27:41":0,"s:30:0:39:Infinity":1,"f:30:14:30:21":0,"s:31:17:31:39":2,"s:32:18:32:Infinity":3,"b:32:18:32:38:32:38:32:48:32:48:32:Infinity":0,"s:33:2:38:Infinity":4,"f:41:9:41:20":1,"b:43:2:43:Infinity:undefined:undefined:undefined:undefined":1,"s:43:2:43:Infinity":5,"s:43:27:43:Infinity":6,"s:44:14:44:32":7,"s:45:2:45:Infinity":8,"f:48:15:48:27":2,"s:49:20:49:Infinity":9,"b:50:2:50:Infinity:undefined:undefined:undefined:undefined":2,"s:50:2:50:Infinity":10,"s:50:18:50:Infinity":11,"s:52:8:52:61":12,"b:53:2:53:Infinity:undefined:undefined:undefined:undefined":3,"s:53:2:53:Infinity":13,"s:53:15:53:Infinity":14,"s:54:2:59:Infinity":15,"s:55:17:55:69":16,"s:56:4:56:Infinity":17,"s:57:4:57:Infinity":18,"s:59:4:59:Infinity":19,"s:64:0:79:Infinity":20,"f:64:23:64:30":3,"s:65:19:65:Infinity":21,"b:66:2:66:Infinity:undefined:undefined:undefined:undefined":4,"s:66:2:66:Infinity":22,"s:66:17:66:Infinity":23,"s:68:18:68:31":24,"s:69:21:69:Infinity":25,"b:69:21:69:44:69:48:69:Infinity":5,"s:70:35:75:4":26,"s:77:2:77:Infinity":27,"f:77:13:77:21":4,"s:77:26:77:69":28,"s:78:2:78:Infinity":29,"s:81:0:102:Infinity":30,"f:81:26:81:33":5,"s:82:19:82:Infinity":31,"s:83:20:83:Infinity":32,"b:84:2:84:Infinity:undefined:undefined:undefined:undefined":6,"s:84:2:84:Infinity":33,"b:84:6:84:19:84:19:84:31":7,"s:84:31:84:Infinity":34,"s:86:18:86:31":35,"s:87:2:100:Infinity":36,"s:88:39:95:6":37,"s:96:4:96:Infinity":38,"f:96:15:96:23":6,"s:96:28:96:71":39,"s:97:4:97:Infinity":40,"s:99:16:99:Infinity":41,"b:99:39:99:53:99:53:99:Infinity":8,"s:100:4:100:Infinity":42,"s:104:0:107:Infinity":43,"f:104:25:104:32":7,"s:105:2:105:Infinity":44,"s:106:2:106:Infinity":45,"s:109:0:120:Infinity":46,"f:109:20:109:27":8,"s:110:20:110:Infinity":47,"b:111:2:111:Infinity:undefined:undefined:undefined:undefined":9,"s:111:2:111:Infinity":48,"s:111:18:111:Infinity":49,"s:112:8:112:61":50,"b:113:2:113:Infinity:undefined:undefined:undefined:undefined":10,"s:113:2:113:Infinity":51,"s:113:15:113:Infinity":52,"s:114:2:118:Infinity":53,"s:115:17:115:69":54,"s:116:4:116:Infinity":55,"s:118:4:118:Infinity":56,"s:122:26:122:Infinity":57,"s:125:35:125:Infinity":58,"f:127:9:127:26":9,"s:136:31:136:33":59,"s:137:40:137:42":60,"b:139:2:142:Infinity:undefined:undefined:undefined:undefined":11,"s:139:2:142:Infinity":61,"s:140:4:140:Infinity":62,"s:141:20:141:Infinity":63,"s:142:4:142:Infinity":64,"b:145:2:147:Infinity:undefined:undefined:undefined:undefined":12,"s:145:2:147:Infinity":65,"b:145:6:145:21:145:21:145:45":13,"s:146:4:146:Infinity":66,"f:146:49:146:59":10,"s:146:59:146:63":67,"s:147:4:147:Infinity":68,"b:150:2:152:Infinity:undefined:undefined:undefined:undefined":14,"s:150:2:152:Infinity":69,"b:150:6:150:23:150:23:150:49":15,"s:151:4:151:Infinity":70,"f:151:50:151:60":11,"s:151:60:151:64":71,"s:152:4:152:Infinity":72,"b:155:2:157:Infinity:undefined:undefined:undefined:undefined":16,"s:155:2:157:Infinity":73,"b:155:6:155:25:155:25:155:53":17,"s:156:4:156:Infinity":74,"f:156:54:156:64":12,"s:156:64:156:68":75,"s:157:4:157:Infinity":76,"b:160:2:162:Infinity:undefined:undefined:undefined:undefined":18,"s:160:2:162:Infinity":77,"b:160:6:160:25:160:25:160:53":19,"s:161:4:161:Infinity":78,"f:161:54:161:64":13,"s:161:64:161:68":79,"s:162:4:162:Infinity":80,"b:165:2:167:Infinity:undefined:undefined:undefined:undefined":20,"s:165:2:167:Infinity":81,"s:166:4:166:Infinity":82,"s:167:4:167:Infinity":83,"b:170:2:172:Infinity:undefined:undefined:undefined:undefined":21,"s:170:2:172:Infinity":84,"s:171:4:171:Infinity":85,"s:172:4:172:Infinity":86,"s:175:17:175:Infinity":87,"b:175:41:175:79:175:79:175:Infinity":22,"s:176:2:176:Infinity":88,"s:180:0:289:Infinity":89,"f:180:24:180:31":14,"s:181:17:181:Infinity":90,"b:181:17:181:33:181:37:181:Infinity":23,"s:182:15:182:55":91,"b:182:24:182:43:182:47:182:52":24,"s:183:16:183:58":92,"b:183:25:183:45:183:49:183:55":25,"s:184:8:184:Infinity":93,"s:186:15:186:Infinity":94,"b:186:37:186:84:186:87:186:Infinity":26,"s:187:17:187:Infinity":95,"b:187:41:187:90:187:93:187:Infinity":27,"s:188:19:188:Infinity":96,"b:188:45:188:96:188:99:188:Infinity":28,"s:189:19:189:Infinity":97,"b:189:45:189:96:189:99:189:Infinity":29,"s:190:20:190:Infinity":98,"b:190:47:190:86:190:89:190:Infinity":30,"s:191:20:191:Infinity":99,"b:191:47:191:86:191:89:191:Infinity":31,"s:193:20:193:39":100,"s:194:15:194:Infinity":101,"b:194:56:194:69:194:69:194:Infinity":32,"s:195:16:195:Infinity":102,"b:195:65:195:74:195:74:195:Infinity":33,"s:197:2:287:Infinity":103,"s:198:61:206:6":104,"b:199:14:199:24:199:24:199:Infinity":34,"s:208:25:208:Infinity":105,"b:208:25:208:33:208:33:208:Infinity":35,"s:209:23:209:Infinity":106,"b:209:38:209:91:209:91:209:Infinity":36,"s:210:24:210:Infinity":107,"b:210:39:210:94:210:94:210:Infinity":37,"s:213:42:213:60":108,"b:215:4:216:Infinity:undefined:undefined:undefined:undefined":38,"s:215:4:216:Infinity":109,"s:216:6:216:Infinity":110,"s:219:20:219:Infinity":111,"b:219:51:219:71:219:71:219:Infinity":39,"s:220:24:222:Infinity":112,"b:221:8:221:Infinity:222:8:222:Infinity":40,"b:224:4:248:Infinity:237:11:248:Infinity":41,"s:224:4:248:Infinity":113,"b:224:8:224:23:224:23:224:37":42,"s:225:6:233:Infinity":114,"s:236:6:236:Infinity":115,"s:238:6:245:Infinity":116,"s:248:6:248:Infinity":117,"s:251:19:251:72":118,"s:254:45:254:63":119,"b:256:4:270:Infinity:266:15:270:Infinity":43,"s:256:4:270:Infinity":120,"s:257:6:262:Infinity":121,"s:265:6:265:Infinity":122,"b:266:15:270:Infinity:268:11:270:Infinity":44,"s:266:15:270:Infinity":123,"s:267:6:267:Infinity":124,"s:269:6:269:Infinity":125,"s:270:6:270:Infinity":126,"s:273:24:273:89":127,"s:274:19:274:Infinity":128,"b:274:19:274:52:274:52:274:Infinity":45,"s:276:4:284:Infinity":129,"s:286:4:286:Infinity":130,"s:287:4:287:Infinity":131,"s:292:0:321:Infinity":132,"f:292:32:292:39":15,"s:293:2:319:Infinity":133,"s:294:76:305:6":134,"s:307:4:316:Infinity":135,"f:308:63:308:67":16,"s:308:72:308:81":136,"f:309:71:309:75":17,"s:309:80:309:91":137,"f:310:71:310:75":18,"s:310:80:310:91":138,"f:311:82:311:86":19,"s:311:92:315:Infinity":139,"s:318:4:318:Infinity":140,"s:319:4:319:Infinity":141,"s:324:0:389:Infinity":142,"f:324:28:324:35":20,"s:325:13:325:30":143,"s:327:2:387:Infinity":144,"s:329:24:329:Infinity":145,"s:338:25:338:77":146,"b:340:4:341:Infinity:undefined:undefined:undefined:undefined":46,"s:340:4:341:Infinity":147,"s:341:6:341:Infinity":148,"s:345:27:345:Infinity":149,"s:351:28:351:81":150,"s:354:19:354:78":151,"b:354:42:354:73:354:76:354:78":47,"s:355:47:355:49":152,"b:357:4:361:Infinity:undefined:undefined:undefined:undefined":48,"s:357:4:361:Infinity":153,"s:358:27:358:58":154,"f:358:34:358:44":21,"s:358:44:358:48":155,"s:359:24:359:Infinity":156,"s:360:25:360:80":157,"s:361:6:361:Infinity":158,"s:365:31:365:Infinity":159,"s:366:32:366:80":160,"s:367:29:368:Infinity":161,"f:368:70:368:74":22,"s:368:79:368:93":162,"s:372:23:375:7":163,"f:372:57:372:61":23,"s:372:67:375:7":164,"b:374:26:374:63:374:67:374:Infinity":49,"s:377:4:384:Infinity":165,"s:386:4:386:Infinity":166,"s:387:4:387:Infinity":167,"s:392:0:402:Infinity":168,"f:392:32:392:39":24,"s:393:2:400:Infinity":169,"s:394:19:396:11":170,"s:397:4:397:Infinity":171,"s:399:4:399:Infinity":172,"s:400:4:400:Infinity":173,"s:405:0:415:Infinity":174,"f:405:21:405:28":25,"s:406:2:413:Infinity":175,"s:407:19:409:11":176,"s:410:4:410:Infinity":177,"s:412:4:412:Infinity":178,"s:413:4:413:Infinity":179,"s:418:0:467:Infinity":180,"f:418:43:418:50":26,"s:419:13:419:30":181,"s:420:15:420:51":182,"f:420:34:420:46":27,"s:420:46:420:51":183,"b:421:2:422:Infinity:undefined:undefined:undefined:undefined":50,"s:421:2:422:Infinity":184,"b:421:6:421:15:421:15:421:41":51,"s:422:4:422:Infinity":185,"s:425:20:425:Infinity":186,"s:426:25:426:27":187,"s:427:38:427:40":188,"s:429:2:441:Infinity":189,"b:430:4:430:Infinity:undefined:undefined:undefined:undefined":52,"s:430:4:430:Infinity":190,"s:430:24:430:Infinity":191,"s:431:16:431:Infinity":192,"b:432:4:435:Infinity:undefined:undefined:undefined:undefined":53,"s:432:4:435:Infinity":193,"b:432:8:432:24:432:24:432:43":54,"s:433:6:433:Infinity":194,"s:434:6:434:Infinity":195,"s:435:6:435:Infinity":196,"b:437:4:438:Infinity:undefined:undefined:undefined:undefined":55,"s:437:4:438:Infinity":197,"s:438:6:438:Infinity":198,"s:440:4:440:Infinity":199,"s:441:4:441:Infinity":200,"b:444:2:445:Infinity:undefined:undefined:undefined:undefined":56,"s:444:2:445:Infinity":201,"s:445:4:445:Infinity":202,"s:448:2:453:Infinity":203,"s:449:16:449:Infinity":204,"s:450:4:450:Infinity":205,"s:452:4:452:Infinity":206,"s:453:4:453:Infinity":207,"s:457:17:457:35":208,"s:458:15:458:Infinity":209,"s:459:2:465:Infinity":210,"s:460:16:460:88":211,"s:461:17:461:33":212,"s:462:4:462:Infinity":213,"s:464:4:464:Infinity":214,"s:465:4:465:Infinity":215,"s:470:0:521:Infinity":216,"f:470:52:470:59":28,"s:471:19:471:36":217,"s:472:15:472:51":218,"f:472:34:472:46":29,"s:472:46:472:51":219,"b:473:2:473:Infinity:undefined:undefined:undefined:undefined":57,"s:473:2:473:Infinity":220,"b:473:6:473:15:473:15:473:41":58,"s:473:41:473:Infinity":221,"s:475:24:475:Infinity":222,"s:476:15:476:Infinity":223,"s:477:14:477:Infinity":224,"b:479:2:479:Infinity:undefined:undefined:undefined:undefined":59,"s:479:2:479:Infinity":225,"b:479:6:479:43:479:43:479:59":60,"s:479:59:479:Infinity":226,"b:480:2:480:Infinity:undefined:undefined:undefined:undefined":61,"s:480:2:480:Infinity":227,"b:480:6:480:34:480:34:480:41":62,"s:480:41:480:Infinity":228,"s:482:17:482:Infinity":229,"b:482:17:482:44:482:44:482:Infinity":63,"s:483:8:489:Infinity":230,"f:483:8:483:21":30,"s:484:4:489:Infinity":231,"s:485:21:485:31":232,"s:486:19:486:70":233,"s:487:6:487:Infinity":234,"b:487:13:487:39:487:39:487:62:487:62:487:Infinity":64,"s:489:6:489:Infinity":235,"b:493:2:495:Infinity:undefined:undefined:undefined:undefined":65,"s:493:2:495:Infinity":236,"b:494:4:494:Infinity:undefined:undefined:undefined:undefined":66,"s:494:4:494:Infinity":237,"s:494:17:494:Infinity":238,"b:495:4:495:Infinity:undefined:undefined:undefined:undefined":67,"s:495:4:495:Infinity":239,"s:495:25:495:Infinity":240,"s:497:13:497:32":241,"s:499:2:515:Infinity":242,"s:500:4:512:Infinity":243,"b:511:15:511:25:511:28:511:Infinity":68,"s:514:4:514:Infinity":244,"s:515:4:515:Infinity":245,"s:518:14:518:92":246,"s:519:15:519:31":247,"s:520:2:520:Infinity":248,"s:524:0:587:Infinity":249,"f:524:64:524:71":31,"s:525:19:525:36":250,"s:528:2:531:Infinity":251,"s:529:4:529:Infinity":252,"s:531:4:531:Infinity":253,"s:534:19:534:36":254,"b:535:2:535:Infinity:undefined:undefined:undefined:undefined":69,"s:535:2:535:Infinity":255,"s:535:36:535:Infinity":256,"s:538:2:542:Infinity":257,"s:539:4:539:Infinity":258,"b:540:4:540:Infinity:undefined:undefined:undefined:undefined":70,"s:540:4:540:Infinity":259,"s:540:31:540:Infinity":260,"s:542:4:542:Infinity":261,"s:545:2:581:Infinity":262,"s:546:4:577:Infinity":263,"b:547:6:547:Infinity:undefined:undefined:undefined:undefined":71,"s:547:6:547:Infinity":264,"b:547:10:547:19:547:19:547:45":72,"s:547:45:547:Infinity":265,"b:548:6:548:Infinity:undefined:undefined:undefined:undefined":73,"s:548:6:548:Infinity":266,"s:548:40:548:Infinity":267,"b:549:6:549:Infinity:undefined:undefined:undefined:undefined":74,"s:549:6:549:Infinity":268,"b:549:10:549:52:549:52:549:73":75,"s:549:73:549:Infinity":269,"b:550:6:550:Infinity:undefined:undefined:undefined:undefined":76,"s:550:6:550:Infinity":270,"b:550:10:550:43:550:43:550:55":77,"s:550:55:550:Infinity":271,"s:552:19:552:37":272,"b:553:6:553:Infinity:undefined:undefined:undefined:undefined":78,"s:553:6:553:Infinity":273,"s:553:35:553:Infinity":274,"s:555:25:555:44":275,"s:556:21:556:Infinity":276,"s:557:25:557:Infinity":277,"s:559:6:563:Infinity":278,"b:561:23:561:36:561:36:561:Infinity":79,"s:565:6:577:Infinity":279,"b:574:8:574:33:574:33:574:Infinity":80,"s:580:4:580:Infinity":280,"s:581:4:581:Infinity":281,"s:584:14:584:92":282,"s:585:15:585:31":283,"s:586:2:586:Infinity":284,"s:590:0:660:Infinity":285,"f:590:53:590:60":32,"s:591:21:591:46":286,"s:592:15:592:51":287,"f:592:34:592:46":33,"s:592:46:592:51":288,"b:593:2:593:Infinity:undefined:undefined:undefined:undefined":81,"s:593:2:593:Infinity":289,"b:593:6:593:15:593:15:593:41":82,"s:593:41:593:Infinity":290,"s:595:25:595:27":291,"s:596:38:596:40":292,"b:598:2:603:Infinity:undefined:undefined:undefined:undefined":83,"s:598:2:603:Infinity":293,"b:599:4:600:Infinity:undefined:undefined:undefined:undefined":84,"s:599:4:600:Infinity":294,"b:599:8:599:39:599:39:599:79":85,"s:600:6:600:Infinity":295,"s:602:4:602:Infinity":296,"s:603:4:603:Infinity":297,"b:606:2:611:Infinity:undefined:undefined:undefined:undefined":86,"s:606:2:611:Infinity":298,"b:607:4:608:Infinity:undefined:undefined:undefined:undefined":87,"s:607:4:608:Infinity":299,"b:607:8:607:30:607:30:607:61":88,"s:608:6:608:Infinity":300,"s:610:4:610:Infinity":301,"s:611:4:611:Infinity":302,"b:614:2:623:Infinity:undefined:undefined:undefined:undefined":89,"s:614:2:623:Infinity":303,"b:615:4:616:Infinity:undefined:undefined:undefined:undefined":90,"s:615:4:616:Infinity":304,"b:615:8:615:29:615:29:615:59":91,"s:616:6:616:Infinity":305,"s:618:20:618:Infinity":306,"b:618:51:618:66:618:69:618:Infinity":92,"s:619:4:619:Infinity":307,"s:620:4:620:Infinity":308,"b:620:50:620:60:620:60:620:65":93,"b:620:18:620:29:620:29:620:50":94,"b:622:4:623:Infinity:undefined:undefined:undefined:undefined":95,"s:622:4:623:Infinity":309,"b:622:8:622:19:622:19:622:39":96,"s:623:6:623:Infinity":310,"b:627:2:627:Infinity:undefined:undefined:undefined:undefined":97,"s:627:2:627:Infinity":311,"s:627:25:627:Infinity":312,"s:629:2:658:Infinity":313,"s:630:16:630:118":314,"b:631:4:631:Infinity:undefined:undefined:undefined:undefined":98,"s:631:4:631:Infinity":315,"s:631:25:631:Infinity":316,"s:634:20:634:Infinity":317,"b:634:52:634:64:634:64:634:Infinity":99,"s:635:19:635:Infinity":318,"b:635:36:635:93:635:93:635:Infinity":100,"b:635:67:635:82:635:85:635:93":101,"b:636:4:645:Infinity:undefined:undefined:undefined:undefined":102,"s:636:4:645:Infinity":319,"s:637:27:637:Infinity":320,"b:637:27:637:37:637:37:637:Infinity":103,"b:638:6:638:Infinity:undefined:undefined:undefined:undefined":104,"s:638:6:638:Infinity":321,"b:638:10:638:27:638:27:638:54":105,"s:638:54:638:Infinity":322,"s:639:6:645:Infinity":323,"s:640:23:640:44":324,"s:641:21:641:72":325,"s:642:19:642:Infinity":326,"b:642:19:642:45:642:45:642:68:642:68:642:Infinity":106,"b:643:8:643:Infinity:undefined:undefined:undefined:undefined":107,"s:643:8:643:Infinity":327,"s:643:17:643:Infinity":328,"s:645:8:645:Infinity":329,"s:649:4:651:Infinity":330,"s:653:16:653:99":331,"s:654:17:654:33":332,"s:655:4:655:Infinity":333,"s:657:4:657:Infinity":334,"s:658:4:658:Infinity":335,"s:663:0:689:Infinity":336,"f:663:54:663:61":34,"s:664:21:664:46":337,"s:665:2:687:Infinity":338,"s:666:16:668:14":339,"b:669:4:669:Infinity:undefined:undefined:undefined:undefined":108,"s:669:4:669:Infinity":340,"s:669:25:669:Infinity":341,"s:671:4:671:Infinity":342,"b:673:4:678:Infinity:undefined:undefined:undefined:undefined":109,"s:673:4:678:Infinity":343,"s:674:6:678:Infinity":344,"s:675:8:675:Infinity":345,"s:678:8:678:Infinity":346,"s:682:16:682:99":347,"s:683:17:683:33":348,"s:684:4:684:Infinity":349,"s:686:4:686:Infinity":350,"s:687:4:687:Infinity":351,"s:692:0:775:Infinity":352,"f:692:21:692:28":35,"s:693:16:693:68":353,"s:694:22:694:68":354,"b:694:22:694:43:694:47:694:68":110,"s:696:19:696:49":355,"b:697:2:698:Infinity:undefined:undefined:undefined:undefined":111,"s:697:2:698:Infinity":356,"s:698:4:698:Infinity":357,"s:700:20:700:Infinity":358,"s:701:36:701:Infinity":359,"s:702:15:702:Infinity":360,"b:704:2:754:Infinity:748:9:754:Infinity":112,"s:704:2:754:Infinity":361,"b:704:6:704:21:704:21:704:36":113,"s:705:18:705:56":362,"b:706:4:709:Infinity:undefined:undefined:undefined:undefined":114,"s:706:4:709:Infinity":363,"s:707:6:707:Infinity":364,"s:708:6:708:Infinity":365,"s:709:6:709:Infinity":366,"s:712:33:712:Infinity":367,"s:713:16:713:67":368,"b:713:34:713:38:713:38:713:67":115,"s:714:14:714:73":369,"b:714:30:714:46:714:46:714:73":116,"b:716:4:724:Infinity:undefined:undefined:undefined:undefined":117,"s:716:4:724:Infinity":370,"b:716:8:716:27:716:27:716:42":118,"s:717:27:717:54":371,"b:718:6:721:Infinity:undefined:undefined:undefined:undefined":119,"s:718:6:721:Infinity":372,"b:718:10:718:40:718:44:718:63":120,"s:719:8:719:Infinity":373,"s:720:8:720:Infinity":374,"s:721:8:721:Infinity":375,"s:723:6:723:Infinity":376,"s:724:6:724:Infinity":377,"b:727:4:736:Infinity:undefined:undefined:undefined:undefined":121,"s:727:4:736:Infinity":378,"b:728:6:728:29:729:6:729:27:730:6:730:Infinity:731:6:731:Infinity:732:6:732:Infinity":122,"s:734:6:734:Infinity":379,"s:735:6:735:Infinity":380,"s:736:6:736:Infinity":381,"s:739:4:739:Infinity":382,"s:740:19:740:Infinity":383,"s:741:4:741:Infinity":384,"b:742:4:743:Infinity:undefined:undefined:undefined:undefined":123,"s:742:4:743:Infinity":385,"s:743:6:743:Infinity":386,"s:745:4:745:Infinity":387,"s:746:4:746:Infinity":388,"s:747:4:747:Infinity":389,"s:749:4:749:Infinity":390,"b:750:4:751:Infinity:undefined:undefined:undefined:undefined":124,"s:750:4:751:Infinity":391,"s:751:6:751:Infinity":392,"b:753:4:754:Infinity:undefined:undefined:undefined:undefined":125,"s:753:4:754:Infinity":393,"s:754:6:754:Infinity":394,"s:758:14:758:51":395,"s:759:47:765:Infinity":396,"s:767:22:767:Infinity":397,"b:767:22:767:49:767:49:767:Infinity":126,"b:767:35:767:42:767:42:767:49":127,"s:769:2:769:Infinity":398,"s:770:2:770:Infinity":399,"s:771:2:771:Infinity":400,"s:773:2:773:Infinity":401,"s:774:2:774:Infinity":402,"s:778:0:778:Infinity":403,"f:778:8:778:14":36,"s:778:20:778:70":404,"s:781:0:781:Infinity":405,"f:781:8:781:20":37,"s:781:26:781:50":406}}}
}
