{"/Volumes/SSD 2TB SD/dev/coldigom/web/src/components/AudioPlayer.tsx": {"path":"/Volumes/SSD 2TB SD/dev/coldigom/web/src/components/AudioPlayer.tsx","statementMap":{"0":{"start":{"line":4,"column":19},"end":{"line":4,"column":null}},"1":{"start":{"line":7,"column":2},"end":{"line":7,"column":null}},"2":{"start":{"line":7,"column":36},"end":{"line":7,"column":null}},"3":{"start":{"line":8,"column":12},"end":{"line":8,"column":30}},"4":{"start":{"line":9,"column":14},"end":{"line":9,"column":32}},"5":{"start":{"line":10,"column":2},"end":{"line":10,"column":null}},"6":{"start":{"line":14,"column":2},"end":{"line":14,"column":null}},"7":{"start":{"line":14,"column":37},"end":{"line":14,"column":null}},"8":{"start":{"line":15,"column":2},"end":{"line":23,"column":null}},"9":{"start":{"line":16,"column":4},"end":{"line":16,"column":null}},"10":{"start":{"line":16,"column":52},"end":{"line":16,"column":null}},"11":{"start":{"line":17,"column":16},"end":{"line":17,"column":48}},"12":{"start":{"line":18,"column":4},"end":{"line":18,"column":null}},"13":{"start":{"line":18,"column":21},"end":{"line":18,"column":null}},"14":{"start":{"line":19,"column":14},"end":{"line":19,"column":29}},"15":{"start":{"line":20,"column":4},"end":{"line":20,"column":null}},"16":{"start":{"line":20,"column":29},"end":{"line":20,"column":null}},"17":{"start":{"line":21,"column":4},"end":{"line":21,"column":null}},"18":{"start":{"line":23,"column":4},"end":{"line":23,"column":null}},"19":{"start":{"line":33,"column":8},"end":{"line":33,"column":56}},"20":{"start":{"line":34,"column":8},"end":{"line":34,"column":37}},"21":{"start":{"line":36,"column":23},"end":{"line":36,"column":53}},"22":{"start":{"line":37,"column":20},"end":{"line":37,"column":51}},"23":{"start":{"line":38,"column":22},"end":{"line":38,"column":51}},"24":{"start":{"line":39,"column":19},"end":{"line":39,"column":45}},"25":{"start":{"line":40,"column":17},"end":{"line":40,"column":56}},"26":{"start":{"line":41,"column":18},"end":{"line":41,"column":47}},"27":{"start":{"line":43,"column":18},"end":{"line":43,"column":null}},"28":{"start":{"line":44,"column":14},"end":{"line":44,"column":null}},"29":{"start":{"line":45,"column":20},"end":{"line":45,"column":null}},"30":{"start":{"line":46,"column":23},"end":{"line":46,"column":null}},"31":{"start":{"line":48,"column":4},"end":{"line":50,"column":null}},"32":{"start":{"line":52,"column":2},"end":{"line":57,"column":null}},"33":{"start":{"line":53,"column":14},"end":{"line":53,"column":null}},"34":{"start":{"line":54,"column":4},"end":{"line":54,"column":null}},"35":{"start":{"line":54,"column":12},"end":{"line":54,"column":null}},"36":{"start":{"line":55,"column":4},"end":{"line":55,"column":null}},"37":{"start":{"line":56,"column":4},"end":{"line":56,"column":null}},"38":{"start":{"line":59,"column":2},"end":{"line":68,"column":null}},"39":{"start":{"line":60,"column":4},"end":{"line":60,"column":null}},"40":{"start":{"line":60,"column":39},"end":{"line":60,"column":null}},"41":{"start":{"line":61,"column":4},"end":{"line":65,"column":null}},"42":{"start":{"line":62,"column":6},"end":{"line":63,"column":null}},"43":{"start":{"line":63,"column":8},"end":{"line":63,"column":null}},"44":{"start":{"line":70,"column":8},"end":{"line":81,"column":8}},"45":{"start":{"line":71,"column":14},"end":{"line":71,"column":null}},"46":{"start":{"line":72,"column":4},"end":{"line":72,"column":null}},"47":{"start":{"line":72,"column":12},"end":{"line":72,"column":null}},"48":{"start":{"line":73,"column":4},"end":{"line":73,"column":null}},"49":{"start":{"line":74,"column":4},"end":{"line":74,"column":null}},"50":{"start":{"line":75,"column":4},"end":{"line":79,"column":null}},"51":{"start":{"line":76,"column":6},"end":{"line":78,"column":null}},"52":{"start":{"line":79,"column":6},"end":{"line":79,"column":null}},"53":{"start":{"line":83,"column":8},"end":{"line":86,"column":8}},"54":{"start":{"line":84,"column":14},"end":{"line":84,"column":null}},"55":{"start":{"line":85,"column":4},"end":{"line":85,"column":null}},"56":{"start":{"line":85,"column":11},"end":{"line":85,"column":null}},"57":{"start":{"line":88,"column":8},"end":{"line":88,"column":62}},"58":{"start":{"line":88,"column":39},"end":{"line":88,"column":57}},"59":{"start":{"line":89,"column":8},"end":{"line":89,"column":64}},"60":{"start":{"line":89,"column":40},"end":{"line":89,"column":59}},"61":{"start":{"line":90,"column":8},"end":{"line":93,"column":8}},"62":{"start":{"line":91,"column":4},"end":{"line":91,"column":null}},"63":{"start":{"line":92,"column":4},"end":{"line":92,"column":null}},"64":{"start":{"line":95,"column":8},"end":{"line":103,"column":8}},"65":{"start":{"line":96,"column":14},"end":{"line":96,"column":null}},"66":{"start":{"line":97,"column":4},"end":{"line":97,"column":null}},"67":{"start":{"line":97,"column":12},"end":{"line":97,"column":null}},"68":{"start":{"line":98,"column":4},"end":{"line":101,"column":null}},"69":{"start":{"line":99,"column":6},"end":{"line":99,"column":null}},"70":{"start":{"line":101,"column":6},"end":{"line":101,"column":null}},"71":{"start":{"line":105,"column":8},"end":{"line":113,"column":8}},"72":{"start":{"line":106,"column":14},"end":{"line":106,"column":null}},"73":{"start":{"line":107,"column":4},"end":{"line":107,"column":null}},"74":{"start":{"line":107,"column":12},"end":{"line":107,"column":null}},"75":{"start":{"line":108,"column":14},"end":{"line":108,"column":40}},"76":{"start":{"line":109,"column":4},"end":{"line":111,"column":null}},"77":{"start":{"line":110,"column":6},"end":{"line":110,"column":null}},"78":{"start":{"line":111,"column":6},"end":{"line":111,"column":null}},"79":{"start":{"line":115,"column":8},"end":{"line":121,"column":15}},"80":{"start":{"line":116,"column":14},"end":{"line":116,"column":40}},"81":{"start":{"line":117,"column":4},"end":{"line":119,"column":null}},"82":{"start":{"line":118,"column":6},"end":{"line":118,"column":null}},"83":{"start":{"line":119,"column":6},"end":{"line":119,"column":null}},"84":{"start":{"line":119,"column":28},"end":{"line":119,"column":null}},"85":{"start":{"line":123,"column":8},"end":{"line":125,"column":8}},"86":{"start":{"line":124,"column":4},"end":{"line":124,"column":null}},"87":{"start":{"line":124,"column":20},"end":{"line":124,"column":23}},"88":{"start":{"line":127,"column":8},"end":{"line":133,"column":null}},"89":{"start":{"line":129,"column":6},"end":{"line":129,"column":null}},"90":{"start":{"line":129,"column":34},"end":{"line":129,"column":null}},"91":{"start":{"line":130,"column":6},"end":{"line":130,"column":null}},"92":{"start":{"line":131,"column":6},"end":{"line":131,"column":null}},"93":{"start":{"line":136,"column":2},"end":{"line":139,"column":null}},"94":{"start":{"line":137,"column":4},"end":{"line":137,"column":null}},"95":{"start":{"line":138,"column":4},"end":{"line":138,"column":null}},"96":{"start":{"line":141,"column":2},"end":{"line":141,"column":null}},"97":{"start":{"line":141,"column":42},"end":{"line":141,"column":null}},"98":{"start":{"line":143,"column":2},"end":{"line":286,"column":null}},"99":{"start":{"line":231,"column":12},"end":{"line":231,"column":null}},"100":{"start":{"line":232,"column":12},"end":{"line":232,"column":null}},"101":{"start":{"line":232,"column":25},"end":{"line":232,"column":null}},"102":{"start":{"line":241,"column":29},"end":{"line":241,"column":null}},"103":{"start":{"line":242,"column":25},"end":{"line":242,"column":null}},"104":{"start":{"line":243,"column":12},"end":{"line":283,"column":null}},"105":{"start":{"line":251,"column":33},"end":{"line":251,"column":51}},"106":{"start":{"line":273,"column":34},"end":{"line":273,"column":53}}},"fnMap":{"0":{"name":"formatTime","decl":{"start":{"line":6,"column":9},"end":{"line":6,"column":20}},"loc":{"start":{"line":6,"column":39},"end":{"line":10,"column":null}},"line":6},"1":{"name":"readStoredVolume","decl":{"start":{"line":13,"column":9},"end":{"line":13,"column":36}},"loc":{"start":{"line":13,"column":36},"end":{"line":23,"column":null}},"line":13},"2":{"name":"AudioPlayer","decl":{"start":{"line":32,"column":16},"end":{"line":32,"column":28}},"loc":{"start":{"line":32,"column":63},"end":{"line":286,"column":null}},"line":32},"3":{"name":"(anonymous_3)","decl":{"start":{"line":52,"column":2},"end":{"line":52,"column":18}},"loc":{"start":{"line":52,"column":18},"end":{"line":57,"column":6}},"line":52},"4":{"name":"(anonymous_4)","decl":{"start":{"line":59,"column":2},"end":{"line":59,"column":18}},"loc":{"start":{"line":59,"column":18},"end":{"line":68,"column":6}},"line":59},"5":{"name":"(anonymous_5)","decl":{"start":{"line":70,"column":31},"end":{"line":70,"column":49}},"loc":{"start":{"line":70,"column":49},"end":{"line":81,"column":7}},"line":70},"6":{"name":"(anonymous_6)","decl":{"start":{"line":76,"column":20},"end":{"line":76,"column":32}},"loc":{"start":{"line":76,"column":32},"end":{"line":78,"column":null}},"line":76},"7":{"name":"(anonymous_7)","decl":{"start":{"line":83,"column":27},"end":{"line":83,"column":45}},"loc":{"start":{"line":83,"column":45},"end":{"line":86,"column":7}},"line":83},"8":{"name":"(anonymous_8)","decl":{"start":{"line":88,"column":21},"end":{"line":88,"column":39}},"loc":{"start":{"line":88,"column":39},"end":{"line":88,"column":57}},"line":88},"9":{"name":"(anonymous_9)","decl":{"start":{"line":89,"column":22},"end":{"line":89,"column":40}},"loc":{"start":{"line":89,"column":40},"end":{"line":89,"column":59}},"line":89},"10":{"name":"(anonymous_10)","decl":{"start":{"line":90,"column":22},"end":{"line":90,"column":40}},"loc":{"start":{"line":90,"column":40},"end":{"line":93,"column":7}},"line":90},"11":{"name":"(anonymous_11)","decl":{"start":{"line":95,"column":21},"end":{"line":95,"column":39}},"loc":{"start":{"line":95,"column":39},"end":{"line":103,"column":7}},"line":95},"12":{"name":"(anonymous_12)","decl":{"start":{"line":99,"column":20},"end":{"line":99,"column":32}},"loc":{"start":{"line":99,"column":32},"end":{"line":99,"column":35}},"line":99},"13":{"name":"(anonymous_13)","decl":{"start":{"line":105,"column":17},"end":{"line":105,"column":30}},"loc":{"start":{"line":105,"column":73},"end":{"line":113,"column":7}},"line":105},"14":{"name":"(anonymous_14)","decl":{"start":{"line":115,"column":25},"end":{"line":115,"column":38}},"loc":{"start":{"line":115,"column":81},"end":{"line":121,"column":6}},"line":115},"15":{"name":"(anonymous_15)","decl":{"start":{"line":123,"column":21},"end":{"line":123,"column":39}},"loc":{"start":{"line":123,"column":39},"end":{"line":125,"column":7}},"line":123},"16":{"name":"(anonymous_16)","decl":{"start":{"line":124,"column":4},"end":{"line":124,"column":15}},"loc":{"start":{"line":124,"column":20},"end":{"line":124,"column":23}},"line":124},"17":{"name":"(anonymous_17)","decl":{"start":{"line":127,"column":22},"end":{"line":127,"column":null}},"loc":{"start":{"line":128,"column":23},"end":{"line":133,"column":5}},"line":128},"18":{"name":"(anonymous_18)","decl":{"start":{"line":136,"column":2},"end":{"line":136,"column":18}},"loc":{"start":{"line":136,"column":18},"end":{"line":139,"column":6}},"line":136},"19":{"name":"(anonymous_19)","decl":{"start":{"line":230,"column":10},"end":{"line":230,"column":20}},"loc":{"start":{"line":230,"column":25},"end":{"line":232,"column":null}},"line":230},"20":{"name":"(anonymous_20)","decl":{"start":{"line":240,"column":21},"end":{"line":240,"column":26}},"loc":{"start":{"line":240,"column":39},"end":{"line":283,"column":null}},"line":240},"21":{"name":"(anonymous_21)","decl":{"start":{"line":251,"column":18},"end":{"line":251,"column":33}},"loc":{"start":{"line":251,"column":33},"end":{"line":251,"column":51}},"line":251},"22":{"name":"(anonymous_22)","decl":{"start":{"line":273,"column":20},"end":{"line":273,"column":29}},"loc":{"start":{"line":273,"column":34},"end":{"line":273,"column":53}},"line":273}},"branchMap":{"0":{"loc":{"start":{"line":7,"column":2},"end":{"line":7,"column":null}},"type":"if","locations":[{"start":{"line":7,"column":2},"end":{"line":7,"column":null}},{"start":{},"end":{}}],"line":7},"1":{"loc":{"start":{"line":7,"column":6},"end":{"line":7,"column":36}},"type":"binary-expr","locations":[{"start":{"line":7,"column":6},"end":{"line":7,"column":25}},{"start":{"line":7,"column":29},"end":{"line":7,"column":36}}],"line":7},"2":{"loc":{"start":{"line":14,"column":2},"end":{"line":14,"column":null}},"type":"if","locations":[{"start":{"line":14,"column":2},"end":{"line":14,"column":null}},{"start":{},"end":{}}],"line":14},"3":{"loc":{"start":{"line":16,"column":4},"end":{"line":16,"column":null}},"type":"if","locations":[{"start":{"line":16,"column":4},"end":{"line":16,"column":null}},{"start":{},"end":{}}],"line":16},"4":{"loc":{"start":{"line":18,"column":4},"end":{"line":18,"column":null}},"type":"if","locations":[{"start":{"line":18,"column":4},"end":{"line":18,"column":null}},{"start":{},"end":{}}],"line":18},"5":{"loc":{"start":{"line":20,"column":4},"end":{"line":20,"column":null}},"type":"if","locations":[{"start":{"line":20,"column":4},"end":{"line":20,"column":null}},{"start":{},"end":{}}],"line":20},"6":{"loc":{"start":{"line":44,"column":14},"end":{"line":44,"column":null}},"type":"cond-expr","locations":[{"start":{"line":44,"column":32},"end":{"line":44,"column":59}},{"start":{"line":44,"column":62},"end":{"line":44,"column":null}}],"line":44},"7":{"loc":{"start":{"line":45,"column":20},"end":{"line":45,"column":null}},"type":"binary-expr","locations":[{"start":{"line":45,"column":20},"end":{"line":45,"column":51}},{"start":{"line":45,"column":51},"end":{"line":45,"column":null}}],"line":45},"8":{"loc":{"start":{"line":46,"column":23},"end":{"line":46,"column":null}},"type":"cond-expr","locations":[{"start":{"line":46,"column":67},"end":{"line":46,"column":78}},{"start":{"line":46,"column":78},"end":{"line":46,"column":null}}],"line":46},"9":{"loc":{"start":{"line":46,"column":23},"end":{"line":46,"column":67}},"type":"binary-expr","locations":[{"start":{"line":46,"column":23},"end":{"line":46,"column":48}},{"start":{"line":46,"column":52},"end":{"line":46,"column":67}}],"line":46},"10":{"loc":{"start":{"line":48,"column":4},"end":{"line":50,"column":null}},"type":"cond-expr","locations":[{"start":{"line":49,"column":8},"end":{"line":49,"column":null}},{"start":{"line":50,"column":8},"end":{"line":50,"column":null}}],"line":48},"11":{"loc":{"start":{"line":49,"column":21},"end":{"line":49,"column":69}},"type":"cond-expr","locations":[{"start":{"line":49,"column":52},"end":{"line":49,"column":66}},{"start":{"line":49,"column":66},"end":{"line":49,"column":69}}],"line":49},"12":{"loc":{"start":{"line":54,"column":4},"end":{"line":54,"column":null}},"type":"if","locations":[{"start":{"line":54,"column":4},"end":{"line":54,"column":null}},{"start":{},"end":{}}],"line":54},"13":{"loc":{"start":{"line":60,"column":4},"end":{"line":60,"column":null}},"type":"if","locations":[{"start":{"line":60,"column":4},"end":{"line":60,"column":null}},{"start":{},"end":{}}],"line":60},"14":{"loc":{"start":{"line":62,"column":6},"end":{"line":63,"column":null}},"type":"if","locations":[{"start":{"line":62,"column":6},"end":{"line":63,"column":null}},{"start":{},"end":{}}],"line":62},"15":{"loc":{"start":{"line":72,"column":4},"end":{"line":72,"column":null}},"type":"if","locations":[{"start":{"line":72,"column":4},"end":{"line":72,"column":null}},{"start":{},"end":{}}],"line":72},"16":{"loc":{"start":{"line":75,"column":4},"end":{"line":79,"column":null}},"type":"if","locations":[{"start":{"line":75,"column":4},"end":{"line":79,"column":null}},{"start":{},"end":{}}],"line":75},"17":{"loc":{"start":{"line":85,"column":4},"end":{"line":85,"column":null}},"type":"if","locations":[{"start":{"line":85,"column":4},"end":{"line":85,"column":null}},{"start":{},"end":{}}],"line":85},"18":{"loc":{"start":{"line":97,"column":4},"end":{"line":97,"column":null}},"type":"if","locations":[{"start":{"line":97,"column":4},"end":{"line":97,"column":null}},{"start":{},"end":{}}],"line":97},"19":{"loc":{"start":{"line":98,"column":4},"end":{"line":101,"column":null}},"type":"if","locations":[{"start":{"line":98,"column":4},"end":{"line":101,"column":null}},{"start":{"line":100,"column":11},"end":{"line":101,"column":null}}],"line":98},"20":{"loc":{"start":{"line":107,"column":4},"end":{"line":107,"column":null}},"type":"if","locations":[{"start":{"line":107,"column":4},"end":{"line":107,"column":null}},{"start":{},"end":{}}],"line":107},"21":{"loc":{"start":{"line":109,"column":4},"end":{"line":111,"column":null}},"type":"if","locations":[{"start":{"line":109,"column":4},"end":{"line":111,"column":null}},{"start":{},"end":{}}],"line":109},"22":{"loc":{"start":{"line":117,"column":4},"end":{"line":119,"column":null}},"type":"if","locations":[{"start":{"line":117,"column":4},"end":{"line":119,"column":null}},{"start":{},"end":{}}],"line":117},"23":{"loc":{"start":{"line":119,"column":6},"end":{"line":119,"column":null}},"type":"if","locations":[{"start":{"line":119,"column":6},"end":{"line":119,"column":null}},{"start":{},"end":{}}],"line":119},"24":{"loc":{"start":{"line":119,"column":10},"end":{"line":119,"column":28}},"type":"binary-expr","locations":[{"start":{"line":119,"column":10},"end":{"line":119,"column":19}},{"start":{"line":119,"column":19},"end":{"line":119,"column":28}}],"line":119},"25":{"loc":{"start":{"line":129,"column":6},"end":{"line":129,"column":null}},"type":"if","locations":[{"start":{"line":129,"column":6},"end":{"line":129,"column":null}},{"start":{},"end":{}}],"line":129},"26":{"loc":{"start":{"line":141,"column":2},"end":{"line":141,"column":null}},"type":"if","locations":[{"start":{"line":141,"column":2},"end":{"line":141,"column":null}},{"start":{},"end":{}}],"line":141},"27":{"loc":{"start":{"line":141,"column":6},"end":{"line":141,"column":42}},"type":"binary-expr","locations":[{"start":{"line":141,"column":6},"end":{"line":141,"column":32}},{"start":{"line":141,"column":32},"end":{"line":141,"column":42}}],"line":141},"28":{"loc":{"start":{"line":167,"column":22},"end":{"line":167,"column":null}},"type":"cond-expr","locations":[{"start":{"line":167,"column":34},"end":{"line":167,"column":45}},{"start":{"line":167,"column":45},"end":{"line":167,"column":null}}],"line":167},"29":{"loc":{"start":{"line":169,"column":11},"end":{"line":177,"column":null}},"type":"cond-expr","locations":[{"start":{"line":170,"column":12},"end":{"line":175,"column":13}},{"start":{"line":175,"column":12},"end":{"line":177,"column":null}}],"line":169},"30":{"loc":{"start":{"line":189,"column":17},"end":{"line":189,"column":null}},"type":"binary-expr","locations":[{"start":{"line":189,"column":17},"end":{"line":189,"column":33}},{"start":{"line":189,"column":33},"end":{"line":189,"column":null}}],"line":189},"31":{"loc":{"start":{"line":191,"column":19},"end":{"line":191,"column":null}},"type":"cond-expr","locations":[{"start":{"line":191,"column":50},"end":{"line":191,"column":90}},{"start":{"line":191,"column":93},"end":{"line":191,"column":null}}],"line":191},"32":{"loc":{"start":{"line":191,"column":72},"end":{"line":191,"column":90}},"type":"binary-expr","locations":[{"start":{"line":191,"column":72},"end":{"line":191,"column":88}},{"start":{"line":191,"column":88},"end":{"line":191,"column":90}}],"line":191},"33":{"loc":{"start":{"line":208,"column":22},"end":{"line":208,"column":null}},"type":"cond-expr","locations":[{"start":{"line":208,"column":32},"end":{"line":208,"column":47}},{"start":{"line":208,"column":47},"end":{"line":208,"column":null}}],"line":208},"34":{"loc":{"start":{"line":210,"column":11},"end":{"line":219,"column":null}},"type":"cond-expr","locations":[{"start":{"line":211,"column":12},"end":{"line":217,"column":13}},{"start":{"line":217,"column":12},"end":{"line":219,"column":null}}],"line":210},"35":{"loc":{"start":{"line":210,"column":11},"end":{"line":210,"column":null}},"type":"binary-expr","locations":[{"start":{"line":210,"column":11},"end":{"line":210,"column":22}},{"start":{"line":210,"column":22},"end":{"line":210,"column":null}}],"line":210},"36":{"loc":{"start":{"line":232,"column":12},"end":{"line":232,"column":null}},"type":"if","locations":[{"start":{"line":232,"column":12},"end":{"line":232,"column":null}},{"start":{},"end":{}}],"line":232},"37":{"loc":{"start":{"line":238,"column":7},"end":{"line":286,"column":null}},"type":"binary-expr","locations":[{"start":{"line":238,"column":7},"end":{"line":238,"column":null}},{"start":{"line":239,"column":8},"end":{"line":286,"column":null}}],"line":238},"38":{"loc":{"start":{"line":242,"column":25},"end":{"line":242,"column":null}},"type":"binary-expr","locations":[{"start":{"line":242,"column":25},"end":{"line":242,"column":49}},{"start":{"line":242,"column":49},"end":{"line":242,"column":null}}],"line":242},"39":{"loc":{"start":{"line":246,"column":46},"end":{"line":246,"column":null}},"type":"cond-expr","locations":[{"start":{"line":246,"column":57},"end":{"line":246,"column":72}},{"start":{"line":246,"column":72},"end":{"line":246,"column":null}}],"line":246},"40":{"loc":{"start":{"line":254,"column":21},"end":{"line":262,"column":null}},"type":"cond-expr","locations":[{"start":{"line":255,"column":22},"end":{"line":260,"column":23}},{"start":{"line":260,"column":22},"end":{"line":262,"column":null}}],"line":254},"41":{"loc":{"start":{"line":254,"column":21},"end":{"line":254,"column":null}},"type":"binary-expr","locations":[{"start":{"line":254,"column":21},"end":{"line":254,"column":33}},{"start":{"line":254,"column":33},"end":{"line":254,"column":null}}],"line":254},"42":{"loc":{"start":{"line":267,"column":17},"end":{"line":281,"column":null}},"type":"binary-expr","locations":[{"start":{"line":267,"column":17},"end":{"line":267,"column":null}},{"start":{"line":268,"column":18},"end":{"line":281,"column":null}}],"line":267}},"s":{"0":1,"1":18,"2":0,"3":18,"4":18,"5":18,"6":9,"7":0,"8":9,"9":9,"10":9,"11":0,"12":0,"13":0,"14":0,"15":0,"16":0,"17":0,"18":0,"19":9,"20":9,"21":9,"22":9,"23":9,"24":9,"25":9,"26":9,"27":9,"28":9,"29":9,"30":9,"31":9,"32":9,"33":9,"34":9,"35":0,"36":9,"37":9,"38":9,"39":9,"40":0,"41":9,"42":9,"43":0,"44":9,"45":0,"46":0,"47":0,"48":0,"49":0,"50":0,"51":0,"52":0,"53":9,"54":0,"55":0,"56":0,"57":9,"58":0,"59":9,"60":0,"61":9,"62":0,"63":0,"64":9,"65":0,"66":0,"67":0,"68":0,"69":0,"70":0,"71":9,"72":0,"73":0,"74":0,"75":0,"76":0,"77":0,"78":0,"79":9,"80":0,"81":0,"82":0,"83":0,"84":0,"85":9,"86":0,"87":0,"88":9,"89":0,"90":0,"91":0,"92":0,"93":9,"94":9,"95":9,"96":9,"97":0,"98":9,"99":0,"100":0,"101":0,"102":0,"103":0,"104":0,"105":0,"106":0},"f":{"0":18,"1":9,"2":9,"3":9,"4":9,"5":0,"6":0,"7":0,"8":0,"9":0,"10":0,"11":0,"12":0,"13":0,"14":0,"15":0,"16":0,"17":0,"18":9,"19":0,"20":0,"21":0,"22":0},"b":{"0":[0,18],"1":[18,18],"2":[0,9],"3":[9,0],"4":[0,0],"5":[0,0],"6":[9,0],"7":[9,0],"8":[0,9],"9":[9,9],"10":[0,9],"11":[0,0],"12":[0,9],"13":[0,9],"14":[0,9],"15":[0,0],"16":[0,0],"17":[0,0],"18":[0,0],"19":[0,0],"20":[0,0],"21":[0,0],"22":[0,0],"23":[0,0],"24":[0,0],"25":[0,0],"26":[0,9],"27":[9,9],"28":[0,9],"29":[0,9],"30":[9,9],"31":[9,0],"32":[9,9],"33":[0,9],"34":[0,9],"35":[9,9],"36":[0,0],"37":[9,0],"38":[0,0],"39":[0,0],"40":[0,0],"41":[0,0],"42":[0,0]},"meta":{"lastBranch":43,"lastFunction":23,"lastStatement":107,"seen":{"s:4:19:4:Infinity":0,"f:6:9:6:20":0,"b:7:2:7:Infinity:undefined:undefined:undefined:undefined":0,"s:7:2:7:Infinity":1,"b:7:6:7:25:7:29:7:36":1,"s:7:36:7:Infinity":2,"s:8:12:8:30":3,"s:9:14:9:32":4,"s:10:2:10:Infinity":5,"f:13:9:13:36":1,"b:14:2:14:Infinity:undefined:undefined:undefined:undefined":2,"s:14:2:14:Infinity":6,"s:14:37:14:Infinity":7,"s:15:2:23:Infinity":8,"b:16:4:16:Infinity:undefined:undefined:undefined:undefined":3,"s:16:4:16:Infinity":9,"s:16:52:16:Infinity":10,"s:17:16:17:48":11,"b:18:4:18:Infinity:undefined:undefined:undefined:undefined":4,"s:18:4:18:Infinity":12,"s:18:21:18:Infinity":13,"s:19:14:19:29":14,"b:20:4:20:Infinity:undefined:undefined:undefined:undefined":5,"s:20:4:20:Infinity":15,"s:20:29:20:Infinity":16,"s:21:4:21:Infinity":17,"s:23:4:23:Infinity":18,"f:32:16:32:28":2,"s:33:8:33:56":19,"s:34:8:34:37":20,"s:36:23:36:53":21,"s:37:20:37:51":22,"s:38:22:38:51":23,"s:39:19:39:45":24,"s:40:17:40:56":25,"s:41:18:41:47":26,"s:43:18:43:Infinity":27,"s:44:14:44:Infinity":28,"b:44:32:44:59:44:62:44:Infinity":6,"s:45:20:45:Infinity":29,"b:45:20:45:51:45:51:45:Infinity":7,"s:46:23:46:Infinity":30,"b:46:67:46:78:46:78:46:Infinity":8,"b:46:23:46:48:46:52:46:67":9,"s:48:4:50:Infinity":31,"b:49:8:49:Infinity:50:8:50:Infinity":10,"b:49:52:49:66:49:66:49:69":11,"s:52:2:57:Infinity":32,"f:52:2:52:18":3,"s:53:14:53:Infinity":33,"b:54:4:54:Infinity:undefined:undefined:undefined:undefined":12,"s:54:4:54:Infinity":34,"s:54:12:54:Infinity":35,"s:55:4:55:Infinity":36,"s:56:4:56:Infinity":37,"s:59:2:68:Infinity":38,"f:59:2:59:18":4,"b:60:4:60:Infinity:undefined:undefined:undefined:undefined":13,"s:60:4:60:Infinity":39,"s:60:39:60:Infinity":40,"s:61:4:65:Infinity":41,"b:62:6:63:Infinity:undefined:undefined:undefined:undefined":14,"s:62:6:63:Infinity":42,"s:63:8:63:Infinity":43,"s:70:8:81:8":44,"f:70:31:70:49":5,"s:71:14:71:Infinity":45,"b:72:4:72:Infinity:undefined:undefined:undefined:undefined":15,"s:72:4:72:Infinity":46,"s:72:12:72:Infinity":47,"s:73:4:73:Infinity":48,"s:74:4:74:Infinity":49,"b:75:4:79:Infinity:undefined:undefined:undefined:undefined":16,"s:75:4:79:Infinity":50,"s:76:6:78:Infinity":51,"f:76:20:76:32":6,"s:79:6:79:Infinity":52,"s:83:8:86:8":53,"f:83:27:83:45":7,"s:84:14:84:Infinity":54,"b:85:4:85:Infinity:undefined:undefined:undefined:undefined":17,"s:85:4:85:Infinity":55,"s:85:11:85:Infinity":56,"s:88:8:88:62":57,"f:88:21:88:39":8,"s:88:39:88:57":58,"s:89:8:89:64":59,"f:89:22:89:40":9,"s:89:40:89:59":60,"s:90:8:93:8":61,"f:90:22:90:40":10,"s:91:4:91:Infinity":62,"s:92:4:92:Infinity":63,"s:95:8:103:8":64,"f:95:21:95:39":11,"s:96:14:96:Infinity":65,"b:97:4:97:Infinity:undefined:undefined:undefined:undefined":18,"s:97:4:97:Infinity":66,"s:97:12:97:Infinity":67,"b:98:4:101:Infinity:100:11:101:Infinity":19,"s:98:4:101:Infinity":68,"s:99:6:99:Infinity":69,"f:99:20:99:32":12,"s:101:6:101:Infinity":70,"s:105:8:113:8":71,"f:105:17:105:30":13,"s:106:14:106:Infinity":72,"b:107:4:107:Infinity:undefined:undefined:undefined:undefined":20,"s:107:4:107:Infinity":73,"s:107:12:107:Infinity":74,"s:108:14:108:40":75,"b:109:4:111:Infinity:undefined:undefined:undefined:undefined":21,"s:109:4:111:Infinity":76,"s:110:6:110:Infinity":77,"s:111:6:111:Infinity":78,"s:115:8:121:15":79,"f:115:25:115:38":14,"s:116:14:116:40":80,"b:117:4:119:Infinity:undefined:undefined:undefined:undefined":22,"s:117:4:119:Infinity":81,"s:118:6:118:Infinity":82,"b:119:6:119:Infinity:undefined:undefined:undefined:undefined":23,"s:119:6:119:Infinity":83,"b:119:10:119:19:119:19:119:28":24,"s:119:28:119:Infinity":84,"s:123:8:125:8":85,"f:123:21:123:39":15,"s:124:4:124:Infinity":86,"f:124:4:124:15":16,"s:124:20:124:23":87,"s:127:8:133:Infinity":88,"f:127:22:127:Infinity":17,"b:129:6:129:Infinity:undefined:undefined:undefined:undefined":25,"s:129:6:129:Infinity":89,"s:129:34:129:Infinity":90,"s:130:6:130:Infinity":91,"s:131:6:131:Infinity":92,"s:136:2:139:Infinity":93,"f:136:2:136:18":18,"s:137:4:137:Infinity":94,"s:138:4:138:Infinity":95,"b:141:2:141:Infinity:undefined:undefined:undefined:undefined":26,"s:141:2:141:Infinity":96,"b:141:6:141:32:141:32:141:42":27,"s:141:42:141:Infinity":97,"s:143:2:286:Infinity":98,"b:167:34:167:45:167:45:167:Infinity":28,"b:170:12:175:13:175:12:177:Infinity":29,"b:189:17:189:33:189:33:189:Infinity":30,"b:191:50:191:90:191:93:191:Infinity":31,"b:191:72:191:88:191:88:191:90":32,"b:208:32:208:47:208:47:208:Infinity":33,"b:211:12:217:13:217:12:219:Infinity":34,"b:210:11:210:22:210:22:210:Infinity":35,"f:230:10:230:20":19,"s:231:12:231:Infinity":99,"b:232:12:232:Infinity:undefined:undefined:undefined:undefined":36,"s:232:12:232:Infinity":100,"s:232:25:232:Infinity":101,"b:238:7:238:Infinity:239:8:286:Infinity":37,"f:240:21:240:26":20,"s:241:29:241:Infinity":102,"s:242:25:242:Infinity":103,"b:242:25:242:49:242:49:242:Infinity":38,"s:243:12:283:Infinity":104,"b:246:57:246:72:246:72:246:Infinity":39,"f:251:18:251:33":21,"s:251:33:251:51":105,"b:255:22:260:23:260:22:262:Infinity":40,"b:254:21:254:33:254:33:254:Infinity":41,"b:267:17:267:Infinity:268:18:281:Infinity":42,"f:273:20:273:29":22,"s:273:34:273:53":106}}}
,"/Volumes/SSD 2TB SD/dev/coldigom/web/src/components/FilterBar.tsx": {"path":"/Volumes/SSD 2TB SD/dev/coldigom/web/src/components/FilterBar.tsx","statementMap":{"0":{"start":{"line":8,"column":59},"end":{"line":8,"column":93}},"1":{"start":{"line":9,"column":24},"end":{"line":9,"column":80}},"2":{"start":{"line":10,"column":23},"end":{"line":10,"column":71}},"3":{"start":{"line":11,"column":8},"end":{"line":11,"column":50}},"4":{"start":{"line":13,"column":2},"end":{"line":15,"column":null}},"5":{"start":{"line":14,"column":4},"end":{"line":14,"column":null}},"6":{"start":{"line":18,"column":2},"end":{"line":26,"column":null}},"7":{"start":{"line":19,"column":10},"end":{"line":21,"column":null}},"8":{"start":{"line":20,"column":6},"end":{"line":21,"column":null}},"9":{"start":{"line":21,"column":8},"end":{"line":21,"column":null}},"10":{"start":{"line":24,"column":4},"end":{"line":24,"column":null}},"11":{"start":{"line":25,"column":4},"end":{"line":25,"column":null}},"12":{"start":{"line":25,"column":17},"end":{"line":25,"column":78}},"13":{"start":{"line":28,"column":8},"end":{"line":29,"column":null}},"14":{"start":{"line":29,"column":4},"end":{"line":29,"column":null}},"15":{"start":{"line":32,"column":8},"end":{"line":37,"column":null}},"16":{"start":{"line":33,"column":20},"end":{"line":33,"column":null}},"17":{"start":{"line":34,"column":22},"end":{"line":36,"column":27}},"18":{"start":{"line":35,"column":28},"end":{"line":35,"column":40}},"19":{"start":{"line":37,"column":4},"end":{"line":37,"column":null}},"20":{"start":{"line":40,"column":8},"end":{"line":76,"column":null}},"21":{"start":{"line":45,"column":19},"end":{"line":45,"column":null}},"22":{"start":{"line":46,"column":26},"end":{"line":46,"column":null}},"23":{"start":{"line":48,"column":4},"end":{"line":76,"column":null}},"24":{"start":{"line":53,"column":25},"end":{"line":53,"column":61}},"25":{"start":{"line":64,"column":14},"end":{"line":72,"column":null}},"26":{"start":{"line":68,"column":34},"end":{"line":68,"column":61}},"27":{"start":{"line":80,"column":2},"end":{"line":86,"column":null}},"28":{"start":{"line":81,"column":4},"end":{"line":86,"column":null}},"29":{"start":{"line":90,"column":2},"end":{"line":131,"column":null}},"30":{"start":{"line":96,"column":12},"end":{"line":105,"column":null}},"31":{"start":{"line":100,"column":29},"end":{"line":100,"column":46}}},"fnMap":{"0":{"name":"FilterBar","decl":{"start":{"line":7,"column":16},"end":{"line":7,"column":28}},"loc":{"start":{"line":7,"column":28},"end":{"line":131,"column":null}},"line":7},"1":{"name":"(anonymous_1)","decl":{"start":{"line":13,"column":2},"end":{"line":13,"column":18}},"loc":{"start":{"line":13,"column":18},"end":{"line":15,"column":7}},"line":13},"2":{"name":"(anonymous_2)","decl":{"start":{"line":18,"column":2},"end":{"line":18,"column":18}},"loc":{"start":{"line":18,"column":18},"end":{"line":26,"column":7}},"line":18},"3":{"name":"(anonymous_3)","decl":{"start":{"line":19,"column":10},"end":{"line":19,"column":32}},"loc":{"start":{"line":19,"column":50},"end":{"line":21,"column":null}},"line":19},"4":{"name":"(anonymous_4)","decl":{"start":{"line":25,"column":4},"end":{"line":25,"column":17}},"loc":{"start":{"line":25,"column":17},"end":{"line":25,"column":78}},"line":25},"5":{"name":"(anonymous_5)","decl":{"start":{"line":28,"column":8},"end":{"line":28,"column":28}},"loc":{"start":{"line":28,"column":68},"end":{"line":29,"column":null}},"line":28},"6":{"name":"(anonymous_6)","decl":{"start":{"line":32,"column":8},"end":{"line":32,"column":29}},"loc":{"start":{"line":32,"column":88},"end":{"line":37,"column":null}},"line":32},"7":{"name":"(anonymous_7)","decl":{"start":{"line":35,"column":16},"end":{"line":35,"column":23}},"loc":{"start":{"line":35,"column":28},"end":{"line":35,"column":40}},"line":35},"8":{"name":"(anonymous_8)","decl":{"start":{"line":40,"column":8},"end":{"line":40,"column":null}},"loc":{"start":{"line":44,"column":7},"end":{"line":76,"column":null}},"line":44},"9":{"name":"(anonymous_9)","decl":{"start":{"line":53,"column":10},"end":{"line":53,"column":25}},"loc":{"start":{"line":53,"column":25},"end":{"line":53,"column":61}},"line":53},"10":{"name":"(anonymous_10)","decl":{"start":{"line":63,"column":21},"end":{"line":63,"column":25}},"loc":{"start":{"line":64,"column":14},"end":{"line":72,"column":null}},"line":64},"11":{"name":"(anonymous_11)","decl":{"start":{"line":68,"column":18},"end":{"line":68,"column":34}},"loc":{"start":{"line":68,"column":34},"end":{"line":68,"column":61}},"line":68},"12":{"name":"(anonymous_12)","decl":{"start":{"line":95,"column":30},"end":{"line":95,"column":35}},"loc":{"start":{"line":96,"column":12},"end":{"line":105,"column":null}},"line":96},"13":{"name":"(anonymous_13)","decl":{"start":{"line":100,"column":14},"end":{"line":100,"column":29}},"loc":{"start":{"line":100,"column":29},"end":{"line":100,"column":46}},"line":100}},"branchMap":{"0":{"loc":{"start":{"line":20,"column":6},"end":{"line":21,"column":null}},"type":"if","locations":[{"start":{"line":20,"column":6},"end":{"line":21,"column":null}},{"start":{},"end":{}}],"line":20},"1":{"loc":{"start":{"line":20,"column":10},"end":{"line":20,"column":80}},"type":"binary-expr","locations":[{"start":{"line":20,"column":10},"end":{"line":20,"column":33}},{"start":{"line":20,"column":33},"end":{"line":20,"column":80}}],"line":20},"2":{"loc":{"start":{"line":34,"column":22},"end":{"line":36,"column":27}},"type":"cond-expr","locations":[{"start":{"line":35,"column":8},"end":{"line":35,"column":40}},{"start":{"line":36,"column":8},"end":{"line":36,"column":27}}],"line":34},"3":{"loc":{"start":{"line":52,"column":48},"end":{"line":52,"column":null}},"type":"cond-expr","locations":[{"start":{"line":52,"column":68},"end":{"line":52,"column":79}},{"start":{"line":52,"column":79},"end":{"line":52,"column":null}}],"line":52},"4":{"loc":{"start":{"line":53,"column":41},"end":{"line":53,"column":61}},"type":"cond-expr","locations":[{"start":{"line":53,"column":50},"end":{"line":53,"column":57}},{"start":{"line":53,"column":57},"end":{"line":53,"column":61}}],"line":53},"5":{"loc":{"start":{"line":58,"column":11},"end":{"line":58,"column":null}},"type":"binary-expr","locations":[{"start":{"line":58,"column":11},"end":{"line":58,"column":32}},{"start":{"line":58,"column":32},"end":{"line":58,"column":null}}],"line":58},"6":{"loc":{"start":{"line":61,"column":9},"end":{"line":74,"column":null}},"type":"binary-expr","locations":[{"start":{"line":61,"column":9},"end":{"line":61,"column":null}},{"start":{"line":62,"column":10},"end":{"line":74,"column":null}}],"line":61},"7":{"loc":{"start":{"line":80,"column":2},"end":{"line":86,"column":null}},"type":"if","locations":[{"start":{"line":80,"column":2},"end":{"line":86,"column":null}},{"start":{},"end":{}}],"line":80},"8":{"loc":{"start":{"line":99,"column":37},"end":{"line":99,"column":null}},"type":"cond-expr","locations":[{"start":{"line":99,"column":69},"end":{"line":99,"column":80}},{"start":{"line":99,"column":80},"end":{"line":99,"column":null}}],"line":99},"9":{"loc":{"start":{"line":121,"column":9},"end":{"line":131,"column":null}},"type":"binary-expr","locations":[{"start":{"line":121,"column":9},"end":{"line":121,"column":null}},{"start":{"line":122,"column":10},"end":{"line":131,"column":null}}],"line":121}},"s":{"0":43,"1":43,"2":43,"3":43,"4":43,"5":19,"6":43,"7":19,"8":0,"9":0,"10":19,"11":19,"12":19,"13":43,"14":0,"15":43,"16":0,"17":0,"18":0,"19":0,"20":43,"21":45,"22":45,"23":45,"24":1,"25":2,"26":0,"27":43,"28":28,"29":15,"30":39,"31":0},"f":{"0":43,"1":19,"2":19,"3":0,"4":19,"5":0,"6":0,"7":0,"8":45,"9":1,"10":2,"11":0,"12":39,"13":0},"b":{"0":[0,0],"1":[0,0],"2":[0,0],"3":[0,45],"4":[0,1],"5":[45,0],"6":[45,1],"7":[28,15],"8":[0,39],"9":[15,0]},"meta":{"lastBranch":10,"lastFunction":14,"lastStatement":32,"seen":{"f:7:16:7:28":0,"s:8:59:8:93":0,"s:9:24:9:80":1,"s:10:23:10:71":2,"s:11:8:11:50":3,"s:13:2:15:Infinity":4,"f:13:2:13:18":1,"s:14:4:14:Infinity":5,"s:18:2:26:Infinity":6,"f:18:2:18:18":2,"s:19:10:21:Infinity":7,"f:19:10:19:32":3,"b:20:6:21:Infinity:undefined:undefined:undefined:undefined":0,"s:20:6:21:Infinity":8,"b:20:10:20:33:20:33:20:80":1,"s:21:8:21:Infinity":9,"s:24:4:24:Infinity":10,"s:25:4:25:Infinity":11,"f:25:4:25:17":4,"s:25:17:25:78":12,"s:28:8:29:Infinity":13,"f:28:8:28:28":5,"s:29:4:29:Infinity":14,"s:32:8:37:Infinity":15,"f:32:8:32:29":6,"s:33:20:33:Infinity":16,"s:34:22:36:27":17,"b:35:8:35:40:36:8:36:27":2,"f:35:16:35:23":7,"s:35:28:35:40":18,"s:37:4:37:Infinity":19,"s:40:8:76:Infinity":20,"f:40:8:40:Infinity":8,"s:45:19:45:Infinity":21,"s:46:26:46:Infinity":22,"s:48:4:76:Infinity":23,"b:52:68:52:79:52:79:52:Infinity":3,"f:53:10:53:25":9,"s:53:25:53:61":24,"b:53:50:53:57:53:57:53:61":4,"b:58:11:58:32:58:32:58:Infinity":5,"b:61:9:61:Infinity:62:10:74:Infinity":6,"f:63:21:63:25":10,"s:64:14:72:Infinity":25,"f:68:18:68:34":11,"s:68:34:68:61":26,"b:80:2:86:Infinity:undefined:undefined:undefined:undefined":7,"s:80:2:86:Infinity":27,"s:81:4:86:Infinity":28,"s:90:2:131:Infinity":29,"f:95:30:95:35":12,"s:96:12:105:Infinity":30,"b:99:69:99:80:99:80:99:Infinity":8,"f:100:14:100:29":13,"s:100:29:100:46":31,"b:121:9:121:Infinity:122:10:131:Infinity":9}}}
,"/Volumes/SSD 2TB SD/dev/coldigom/web/src/components/Pagination.tsx": {"path":"/Volumes/SSD 2TB SD/dev/coldigom/web/src/components/Pagination.tsx","statementMap":{"0":{"start":{"line":9,"column":31},"end":{"line":9,"column":null}},"1":{"start":{"line":11,"column":2},"end":{"line":11,"column":null}},"2":{"start":{"line":11,"column":23},"end":{"line":11,"column":null}},"3":{"start":{"line":13,"column":36},"end":{"line":13,"column":38}},"4":{"start":{"line":14,"column":2},"end":{"line":18,"column":null}},"5":{"start":{"line":14,"column":15},"end":{"line":14,"column":18}},"6":{"start":{"line":15,"column":4},"end":{"line":18,"column":null}},"7":{"start":{"line":16,"column":6},"end":{"line":16,"column":null}},"8":{"start":{"line":17,"column":15},"end":{"line":18,"column":null}},"9":{"start":{"line":18,"column":6},"end":{"line":18,"column":null}},"10":{"start":{"line":22,"column":2},"end":{"line":58,"column":null}},"11":{"start":{"line":25,"column":23},"end":{"line":25,"column":45}},"12":{"start":{"line":34,"column":8},"end":{"line":47,"column":null}},"13":{"start":{"line":41,"column":27},"end":{"line":41,"column":45}},"14":{"start":{"line":52,"column":23},"end":{"line":52,"column":45}}},"fnMap":{"0":{"name":"Pagination","decl":{"start":{"line":8,"column":16},"end":{"line":8,"column":27}},"loc":{"start":{"line":8,"column":74},"end":{"line":58,"column":null}},"line":8},"1":{"name":"(anonymous_1)","decl":{"start":{"line":25,"column":8},"end":{"line":25,"column":23}},"loc":{"start":{"line":25,"column":23},"end":{"line":25,"column":45}},"line":25},"2":{"name":"(anonymous_2)","decl":{"start":{"line":33,"column":13},"end":{"line":33,"column":18}},"loc":{"start":{"line":34,"column":8},"end":{"line":47,"column":null}},"line":34},"3":{"name":"(anonymous_3)","decl":{"start":{"line":41,"column":12},"end":{"line":41,"column":27}},"loc":{"start":{"line":41,"column":27},"end":{"line":41,"column":45}},"line":41},"4":{"name":"(anonymous_4)","decl":{"start":{"line":52,"column":8},"end":{"line":52,"column":23}},"loc":{"start":{"line":52,"column":23},"end":{"line":52,"column":45}},"line":52}},"branchMap":{"0":{"loc":{"start":{"line":11,"column":2},"end":{"line":11,"column":null}},"type":"if","locations":[{"start":{"line":11,"column":2},"end":{"line":11,"column":null}},{"start":{},"end":{}}],"line":11},"1":{"loc":{"start":{"line":15,"column":4},"end":{"line":18,"column":null}},"type":"if","locations":[{"start":{"line":15,"column":4},"end":{"line":18,"column":null}},{"start":{"line":17,"column":15},"end":{"line":18,"column":null}}],"line":15},"2":{"loc":{"start":{"line":15,"column":8},"end":{"line":15,"column":73}},"type":"binary-expr","locations":[{"start":{"line":15,"column":8},"end":{"line":15,"column":19}},{"start":{"line":15,"column":19},"end":{"line":15,"column":40}},{"start":{"line":15,"column":40},"end":{"line":15,"column":57}},{"start":{"line":15,"column":57},"end":{"line":15,"column":73}}],"line":15},"3":{"loc":{"start":{"line":17,"column":15},"end":{"line":18,"column":null}},"type":"if","locations":[{"start":{"line":17,"column":15},"end":{"line":18,"column":null}},{"start":{},"end":{}}],"line":17},"4":{"loc":{"start":{"line":34,"column":8},"end":{"line":47,"column":null}},"type":"cond-expr","locations":[{"start":{"line":35,"column":10},"end":{"line":37,"column":null}},{"start":{"line":39,"column":10},"end":{"line":47,"column":null}}],"line":34},"5":{"loc":{"start":{"line":42,"column":41},"end":{"line":42,"column":null}},"type":"cond-expr","locations":[{"start":{"line":42,"column":57},"end":{"line":42,"column":68}},{"start":{"line":42,"column":68},"end":{"line":42,"column":null}}],"line":42},"6":{"loc":{"start":{"line":44,"column":26},"end":{"line":44,"column":null}},"type":"cond-expr","locations":[{"start":{"line":44,"column":42},"end":{"line":44,"column":51}},{"start":{"line":44,"column":51},"end":{"line":44,"column":null}}],"line":44}},"s":{"0":15,"1":15,"2":6,"3":9,"4":9,"5":9,"6":35,"7":32,"8":3,"9":2,"10":9,"11":1,"12":34,"13":1,"14":1},"f":{"0":15,"1":1,"2":34,"3":1,"4":1},"b":{"0":[6,9],"1":[32,3],"2":[35,26,17,16],"3":[2,1],"4":[2,32],"5":[9,23],"6":[9,23]},"meta":{"lastBranch":7,"lastFunction":5,"lastStatement":15,"seen":{"f:8:16:8:27":0,"s:9:31:9:Infinity":0,"b:11:2:11:Infinity:undefined:undefined:undefined:undefined":0,"s:11:2:11:Infinity":1,"s:11:23:11:Infinity":2,"s:13:36:13:38":3,"s:14:2:18:Infinity":4,"s:14:15:14:18":5,"b:15:4:18:Infinity:17:15:18:Infinity":1,"s:15:4:18:Infinity":6,"b:15:8:15:19:15:19:15:40:15:40:15:57:15:57:15:73":2,"s:16:6:16:Infinity":7,"b:17:15:18:Infinity:undefined:undefined:undefined:undefined":3,"s:17:15:18:Infinity":8,"s:18:6:18:Infinity":9,"s:22:2:58:Infinity":10,"f:25:8:25:23":1,"s:25:23:25:45":11,"f:33:13:33:18":2,"s:34:8:47:Infinity":12,"b:35:10:37:Infinity:39:10:47:Infinity":4,"f:41:12:41:27":3,"s:41:27:41:45":13,"b:42:57:42:68:42:68:42:Infinity":5,"b:44:42:44:51:44:51:44:Infinity":6,"f:52:8:52:23":4,"s:52:23:52:45":14}}}
,"/Volumes/SSD 2TB SD/dev/coldigom/web/src/components/ResultsTable.tsx": {"path":"/Volumes/SSD 2TB SD/dev/coldigom/web/src/components/ResultsTable.tsx","statementMap":{"0":{"start":{"line":9,"column":2},"end":{"line":16,"column":null}},"1":{"start":{"line":10,"column":4},"end":{"line":16,"column":null}},"2":{"start":{"line":21,"column":2},"end":{"line":49,"column":null}},"3":{"start":{"line":36,"column":12},"end":{"line":45,"column":null}}},"fnMap":{"0":{"name":"ResultsTable","decl":{"start":{"line":8,"column":16},"end":{"line":8,"column":29}},"loc":{"start":{"line":8,"column":61},"end":{"line":49,"column":null}},"line":8},"1":{"name":"(anonymous_1)","decl":{"start":{"line":35,"column":19},"end":{"line":35,"column":24}},"loc":{"start":{"line":36,"column":12},"end":{"line":45,"column":null}},"line":36}},"branchMap":{"0":{"loc":{"start":{"line":9,"column":2},"end":{"line":16,"column":null}},"type":"if","locations":[{"start":{"line":9,"column":2},"end":{"line":16,"column":null}},{"start":{},"end":{}}],"line":9},"1":{"loc":{"start":{"line":37,"column":42},"end":{"line":37,"column":68}},"type":"binary-expr","locations":[{"start":{"line":37,"column":42},"end":{"line":37,"column":59}},{"start":{"line":37,"column":59},"end":{"line":37,"column":68}}],"line":37},"2":{"loc":{"start":{"line":41,"column":42},"end":{"line":41,"column":68}},"type":"binary-expr","locations":[{"start":{"line":41,"column":42},"end":{"line":41,"column":59}},{"start":{"line":41,"column":59},"end":{"line":41,"column":68}}],"line":41},"3":{"loc":{"start":{"line":42,"column":42},"end":{"line":42,"column":68}},"type":"binary-expr","locations":[{"start":{"line":42,"column":42},"end":{"line":42,"column":59}},{"start":{"line":42,"column":59},"end":{"line":42,"column":68}}],"line":42},"4":{"loc":{"start":{"line":43,"column":44},"end":{"line":43,"column":72}},"type":"binary-expr","locations":[{"start":{"line":43,"column":44},"end":{"line":43,"column":63}},{"start":{"line":43,"column":63},"end":{"line":43,"column":72}}],"line":43},"5":{"loc":{"start":{"line":44,"column":44},"end":{"line":44,"column":72}},"type":"binary-expr","locations":[{"start":{"line":44,"column":44},"end":{"line":44,"column":63}},{"start":{"line":44,"column":63},"end":{"line":44,"column":72}}],"line":44}},"s":{"0":29,"1":11,"2":18,"3":30},"f":{"0":29,"1":30},"b":{"0":[11,18],"1":[30,1],"2":[30,1],"3":[30,1],"4":[30,1],"5":[30,1]},"meta":{"lastBranch":6,"lastFunction":2,"lastStatement":4,"seen":{"f:8:16:8:29":0,"b:9:2:16:Infinity:undefined:undefined:undefined:undefined":0,"s:9:2:16:Infinity":0,"s:10:4:16:Infinity":1,"s:21:2:49:Infinity":2,"f:35:19:35:24":1,"s:36:12:45:Infinity":3,"b:37:42:37:59:37:59:37:68":1,"b:41:42:41:59:41:59:41:68":2,"b:42:42:42:59:42:59:42:68":3,"b:43:44:43:63:43:63:43:72":4,"b:44:44:44:63:44:63:44:72":5}}}
,"/Volumes/SSD 2TB SD/dev/coldigom/web/src/components/SearchBar.tsx": {"path":"/Volumes/SSD 2TB SD/dev/coldigom/web/src/components/SearchBar.tsx","statementMap":{"0":{"start":{"line":9,"column":16},"end":{"line":9,"column":50}},"1":{"start":{"line":11,"column":8},"end":{"line":13,"column":null}},"2":{"start":{"line":12,"column":4},"end":{"line":12,"column":null}},"3":{"start":{"line":13,"column":4},"end":{"line":13,"column":null}},"4":{"start":{"line":16,"column":8},"end":{"line":18,"column":null}},"5":{"start":{"line":17,"column":4},"end":{"line":17,"column":null}},"6":{"start":{"line":18,"column":4},"end":{"line":18,"column":null}},"7":{"start":{"line":21,"column":2},"end":{"line":59,"column":null}},"8":{"start":{"line":41,"column":27},"end":{"line":41,"column":51}}},"fnMap":{"0":{"name":"SearchBar","decl":{"start":{"line":8,"column":16},"end":{"line":8,"column":26}},"loc":{"start":{"line":8,"column":75},"end":{"line":59,"column":null}},"line":8},"1":{"name":"(anonymous_1)","decl":{"start":{"line":11,"column":8},"end":{"line":11,"column":24}},"loc":{"start":{"line":11,"column":41},"end":{"line":13,"column":null}},"line":11},"2":{"name":"(anonymous_2)","decl":{"start":{"line":16,"column":8},"end":{"line":16,"column":28}},"loc":{"start":{"line":16,"column":28},"end":{"line":18,"column":null}},"line":16},"3":{"name":"(anonymous_3)","decl":{"start":{"line":41,"column":10},"end":{"line":41,"column":21}},"loc":{"start":{"line":41,"column":27},"end":{"line":41,"column":51}},"line":41}},"branchMap":{"0":{"loc":{"start":{"line":8,"column":38},"end":{"line":8,"column":75}},"type":"default-arg","locations":[{"start":{"line":8,"column":53},"end":{"line":8,"column":75}}],"line":8},"1":{"loc":{"start":{"line":45,"column":9},"end":{"line":56,"column":null}},"type":"binary-expr","locations":[{"start":{"line":45,"column":9},"end":{"line":45,"column":null}},{"start":{"line":46,"column":10},"end":{"line":56,"column":null}}],"line":45}},"s":{"0":35,"1":35,"2":2,"3":2,"4":35,"5":1,"6":1,"7":35,"8":2},"f":{"0":35,"1":2,"2":1,"3":2},"b":{"0":[35],"1":[35,6]},"meta":{"lastBranch":2,"lastFunction":4,"lastStatement":9,"seen":{"f:8:16:8:26":0,"b:8:53:8:75":0,"s:9:16:9:50":0,"s:11:8:13:Infinity":1,"f:11:8:11:24":1,"s:12:4:12:Infinity":2,"s:13:4:13:Infinity":3,"s:16:8:18:Infinity":4,"f:16:8:16:28":2,"s:17:4:17:Infinity":5,"s:18:4:18:Infinity":6,"s:21:2:59:Infinity":7,"f:41:10:41:21":3,"s:41:27:41:51":8,"b:45:9:45:Infinity:46:10:56:Infinity":1}}}
,"/Volumes/SSD 2TB SD/dev/coldigom/web/src/components/SortSelector.tsx": {"path":"/Volumes/SSD 2TB SD/dev/coldigom/web/src/components/SortSelector.tsx","statementMap":{"0":{"start":{"line":11,"column":8},"end":{"line":14,"column":null}},"1":{"start":{"line":12,"column":20},"end":{"line":12,"column":null}},"2":{"start":{"line":13,"column":21},"end":{"line":13,"column":null}},"3":{"start":{"line":14,"column":4},"end":{"line":14,"column":null}},"4":{"start":{"line":17,"column":8},"end":{"line":18,"column":null}},"5":{"start":{"line":18,"column":4},"end":{"line":18,"column":null}},"6":{"start":{"line":21,"column":2},"end":{"line":38,"column":null}},"7":{"start":{"line":25,"column":10},"end":{"line":27,"column":null}}},"fnMap":{"0":{"name":"SortSelector","decl":{"start":{"line":10,"column":16},"end":{"line":10,"column":29}},"loc":{"start":{"line":10,"column":75},"end":{"line":38,"column":null}},"line":10},"1":{"name":"(anonymous_1)","decl":{"start":{"line":11,"column":8},"end":{"line":11,"column":28}},"loc":{"start":{"line":11,"column":72},"end":{"line":14,"column":null}},"line":11},"2":{"name":"(anonymous_2)","decl":{"start":{"line":17,"column":8},"end":{"line":17,"column":28}},"loc":{"start":{"line":17,"column":28},"end":{"line":18,"column":null}},"line":17},"3":{"name":"(anonymous_3)","decl":{"start":{"line":24,"column":22},"end":{"line":24,"column":26}},"loc":{"start":{"line":25,"column":10},"end":{"line":27,"column":null}},"line":25}},"branchMap":{"0":{"loc":{"start":{"line":13,"column":21},"end":{"line":13,"column":null}},"type":"cond-expr","locations":[{"start":{"line":13,"column":41},"end":{"line":13,"column":77}},{"start":{"line":13,"column":77},"end":{"line":13,"column":null}}],"line":13},"1":{"loc":{"start":{"line":13,"column":41},"end":{"line":13,"column":77}},"type":"cond-expr","locations":[{"start":{"line":13,"column":59},"end":{"line":13,"column":68}},{"start":{"line":13,"column":68},"end":{"line":13,"column":77}}],"line":13},"2":{"loc":{"start":{"line":18,"column":19},"end":{"line":18,"column":52}},"type":"cond-expr","locations":[{"start":{"line":18,"column":37},"end":{"line":18,"column":46}},{"start":{"line":18,"column":46},"end":{"line":18,"column":52}}],"line":18},"3":{"loc":{"start":{"line":34,"column":15},"end":{"line":34,"column":null}},"type":"cond-expr","locations":[{"start":{"line":34,"column":33},"end":{"line":34,"column":47}},{"start":{"line":34,"column":47},"end":{"line":34,"column":null}}],"line":34},"4":{"loc":{"start":{"line":35,"column":20},"end":{"line":35,"column":null}},"type":"cond-expr","locations":[{"start":{"line":35,"column":38},"end":{"line":35,"column":62}},{"start":{"line":35,"column":62},"end":{"line":35,"column":null}}],"line":35},"5":{"loc":{"start":{"line":37,"column":9},"end":{"line":37,"column":null}},"type":"cond-expr","locations":[{"start":{"line":37,"column":27},"end":{"line":37,"column":33}},{"start":{"line":37,"column":33},"end":{"line":37,"column":null}}],"line":37}},"s":{"0":25,"1":2,"2":2,"3":2,"4":25,"5":2,"6":25,"7":150},"f":{"0":25,"1":2,"2":2,"3":150},"b":{"0":[1,1],"1":[1,0],"2":[1,1],"3":[22,3],"4":[22,3],"5":[22,3]},"meta":{"lastBranch":6,"lastFunction":4,"lastStatement":8,"seen":{"f:10:16:10:29":0,"s:11:8:14:Infinity":0,"f:11:8:11:28":1,"s:12:20:12:Infinity":1,"s:13:21:13:Infinity":2,"b:13:41:13:77:13:77:13:Infinity":0,"b:13:59:13:68:13:68:13:77":1,"s:14:4:14:Infinity":3,"s:17:8:18:Infinity":4,"f:17:8:17:28":2,"s:18:4:18:Infinity":5,"b:18:37:18:46:18:46:18:52":2,"s:21:2:38:Infinity":6,"f:24:22:24:26":3,"s:25:10:27:Infinity":7,"b:34:33:34:47:34:47:34:Infinity":3,"b:35:38:35:62:35:62:35:Infinity":4,"b:37:27:37:33:37:33:37:Infinity":5}}}
,"/Volumes/SSD 2TB SD/dev/coldigom/web/src/hooks/useFilters.ts": {"path":"/Volumes/SSD 2TB SD/dev/coldigom/web/src/hooks/useFilters.ts","statementMap":{"0":{"start":{"line":19,"column":23},"end":{"line":19,"column":59}},"1":{"start":{"line":21,"column":8},"end":{"line":27,"column":null}},"2":{"start":{"line":22,"column":18},"end":{"line":22,"column":39}},"3":{"start":{"line":23,"column":4},"end":{"line":23,"column":null}},"4":{"start":{"line":23,"column":24},"end":{"line":23,"column":null}},"5":{"start":{"line":24,"column":4},"end":{"line":24,"column":null}},"6":{"start":{"line":24,"column":42},"end":{"line":24,"column":null}},"7":{"start":{"line":25,"column":4},"end":{"line":25,"column":null}},"8":{"start":{"line":25,"column":42},"end":{"line":25,"column":null}},"9":{"start":{"line":26,"column":4},"end":{"line":26,"column":null}},"10":{"start":{"line":26,"column":37},"end":{"line":26,"column":null}},"11":{"start":{"line":27,"column":4},"end":{"line":27,"column":null}},"12":{"start":{"line":30,"column":8},"end":{"line":41,"column":21}},"13":{"start":{"line":30,"column":46},"end":{"line":41,"column":6}},"14":{"start":{"line":43,"column":8},"end":{"line":105,"column":23}},"15":{"start":{"line":44,"column":4},"end":{"line":104,"column":null}},"16":{"start":{"line":45,"column":24},"end":{"line":45,"column":49}},"17":{"start":{"line":47,"column":8},"end":{"line":56,"column":null}},"18":{"start":{"line":58,"column":6},"end":{"line":59,"column":null}},"19":{"start":{"line":59,"column":8},"end":{"line":59,"column":null}},"20":{"start":{"line":62,"column":6},"end":{"line":64,"column":null}},"21":{"start":{"line":63,"column":8},"end":{"line":64,"column":null}},"22":{"start":{"line":63,"column":27},"end":{"line":63,"column":null}},"23":{"start":{"line":64,"column":13},"end":{"line":64,"column":null}},"24":{"start":{"line":66,"column":6},"end":{"line":68,"column":null}},"25":{"start":{"line":67,"column":8},"end":{"line":68,"column":null}},"26":{"start":{"line":67,"column":53},"end":{"line":67,"column":null}},"27":{"start":{"line":68,"column":13},"end":{"line":68,"column":null}},"28":{"start":{"line":70,"column":6},"end":{"line":72,"column":null}},"29":{"start":{"line":71,"column":8},"end":{"line":72,"column":null}},"30":{"start":{"line":71,"column":57},"end":{"line":71,"column":null}},"31":{"start":{"line":72,"column":13},"end":{"line":72,"column":null}},"32":{"start":{"line":74,"column":6},"end":{"line":76,"column":null}},"33":{"start":{"line":75,"column":8},"end":{"line":76,"column":null}},"34":{"start":{"line":75,"column":61},"end":{"line":75,"column":null}},"35":{"start":{"line":76,"column":13},"end":{"line":76,"column":null}},"36":{"start":{"line":78,"column":6},"end":{"line":80,"column":null}},"37":{"start":{"line":79,"column":8},"end":{"line":80,"column":null}},"38":{"start":{"line":79,"column":61},"end":{"line":79,"column":null}},"39":{"start":{"line":80,"column":13},"end":{"line":80,"column":null}},"40":{"start":{"line":82,"column":6},"end":{"line":84,"column":null}},"41":{"start":{"line":83,"column":8},"end":{"line":84,"column":null}},"42":{"start":{"line":83,"column":45},"end":{"line":83,"column":null}},"43":{"start":{"line":84,"column":13},"end":{"line":84,"column":null}},"44":{"start":{"line":86,"column":6},"end":{"line":88,"column":null}},"45":{"start":{"line":87,"column":8},"end":{"line":88,"column":null}},"46":{"start":{"line":87,"column":45},"end":{"line":87,"column":null}},"47":{"start":{"line":88,"column":13},"end":{"line":88,"column":null}},"48":{"start":{"line":90,"column":6},"end":{"line":92,"column":null}},"49":{"start":{"line":91,"column":8},"end":{"line":92,"column":null}},"50":{"start":{"line":91,"column":55},"end":{"line":91,"column":null}},"51":{"start":{"line":92,"column":13},"end":{"line":92,"column":null}},"52":{"start":{"line":94,"column":6},"end":{"line":96,"column":null}},"53":{"start":{"line":95,"column":8},"end":{"line":96,"column":null}},"54":{"start":{"line":95,"column":54},"end":{"line":95,"column":null}},"55":{"start":{"line":96,"column":13},"end":{"line":96,"column":null}},"56":{"start":{"line":98,"column":6},"end":{"line":100,"column":null}},"57":{"start":{"line":99,"column":8},"end":{"line":100,"column":null}},"58":{"start":{"line":99,"column":48},"end":{"line":99,"column":null}},"59":{"start":{"line":100,"column":13},"end":{"line":100,"column":null}},"60":{"start":{"line":103,"column":6},"end":{"line":103,"column":null}},"61":{"start":{"line":107,"column":8},"end":{"line":112,"column":32}},"62":{"start":{"line":108,"column":20},"end":{"line":110,"column":32}},"63":{"start":{"line":109,"column":34},"end":{"line":109,"column":47}},"64":{"start":{"line":111,"column":4},"end":{"line":111,"column":null}},"65":{"start":{"line":114,"column":8},"end":{"line":116,"column":23}},"66":{"start":{"line":115,"column":4},"end":{"line":115,"column":null}},"67":{"start":{"line":118,"column":8},"end":{"line":125,"column":null}},"68":{"start":{"line":127,"column":2},"end":{"line":133,"column":null}}},"fnMap":{"0":{"name":"useFilters","decl":{"start":{"line":18,"column":16},"end":{"line":18,"column":29}},"loc":{"start":{"line":18,"column":29},"end":{"line":133,"column":null}},"line":18},"1":{"name":"(anonymous_1)","decl":{"start":{"line":21,"column":8},"end":{"line":21,"column":23}},"loc":{"start":{"line":21,"column":59},"end":{"line":27,"column":null}},"line":21},"2":{"name":"(anonymous_2)","decl":{"start":{"line":30,"column":18},"end":{"line":30,"column":46}},"loc":{"start":{"line":30,"column":46},"end":{"line":41,"column":6}},"line":30},"3":{"name":"(anonymous_3)","decl":{"start":{"line":43,"column":21},"end":{"line":43,"column":34}},"loc":{"start":{"line":43,"column":68},"end":{"line":105,"column":6}},"line":43},"4":{"name":"(anonymous_4)","decl":{"start":{"line":44,"column":4},"end":{"line":44,"column":20}},"loc":{"start":{"line":44,"column":28},"end":{"line":104,"column":null}},"line":44},"5":{"name":"(anonymous_5)","decl":{"start":{"line":107,"column":20},"end":{"line":107,"column":33}},"loc":{"start":{"line":107,"column":51},"end":{"line":112,"column":6}},"line":107},"6":{"name":"(anonymous_6)","decl":{"start":{"line":109,"column":21},"end":{"line":109,"column":28}},"loc":{"start":{"line":109,"column":34},"end":{"line":109,"column":47}},"line":109},"7":{"name":"(anonymous_7)","decl":{"start":{"line":114,"column":26},"end":{"line":114,"column":44}},"loc":{"start":{"line":114,"column":44},"end":{"line":116,"column":6}},"line":114}},"branchMap":{"0":{"loc":{"start":{"line":23,"column":4},"end":{"line":23,"column":null}},"type":"if","locations":[{"start":{"line":23,"column":4},"end":{"line":23,"column":null}},{"start":{},"end":{}}],"line":23},"1":{"loc":{"start":{"line":24,"column":4},"end":{"line":24,"column":null}},"type":"if","locations":[{"start":{"line":24,"column":4},"end":{"line":24,"column":null}},{"start":{},"end":{}}],"line":24},"2":{"loc":{"start":{"line":25,"column":4},"end":{"line":25,"column":null}},"type":"if","locations":[{"start":{"line":25,"column":4},"end":{"line":25,"column":null}},{"start":{},"end":{}}],"line":25},"3":{"loc":{"start":{"line":26,"column":4},"end":{"line":26,"column":null}},"type":"if","locations":[{"start":{"line":26,"column":4},"end":{"line":26,"column":null}},{"start":{},"end":{}}],"line":26},"4":{"loc":{"start":{"line":36,"column":15},"end":{"line":36,"column":null}},"type":"cond-expr","locations":[{"start":{"line":36,"column":47},"end":{"line":36,"column":91}},{"start":{"line":36,"column":94},"end":{"line":36,"column":null}}],"line":36},"5":{"loc":{"start":{"line":37,"column":15},"end":{"line":37,"column":null}},"type":"cond-expr","locations":[{"start":{"line":37,"column":47},"end":{"line":37,"column":91}},{"start":{"line":37,"column":94},"end":{"line":37,"column":null}}],"line":37},"6":{"loc":{"start":{"line":47,"column":8},"end":{"line":56,"column":null}},"type":"binary-expr","locations":[{"start":{"line":47,"column":8},"end":{"line":47,"column":null}},{"start":{"line":48,"column":9},"end":{"line":48,"column":null}},{"start":{"line":49,"column":10},"end":{"line":49,"column":null}},{"start":{"line":50,"column":10},"end":{"line":50,"column":null}},{"start":{"line":51,"column":10},"end":{"line":51,"column":null}},{"start":{"line":52,"column":10},"end":{"line":52,"column":null}},{"start":{"line":53,"column":10},"end":{"line":53,"column":null}},{"start":{"line":54,"column":10},"end":{"line":54,"column":null}},{"start":{"line":55,"column":10},"end":{"line":55,"column":null}},{"start":{"line":56,"column":10},"end":{"line":56,"column":null}}],"line":47},"7":{"loc":{"start":{"line":58,"column":6},"end":{"line":59,"column":null}},"type":"if","locations":[{"start":{"line":58,"column":6},"end":{"line":59,"column":null}},{"start":{},"end":{}}],"line":58},"8":{"loc":{"start":{"line":62,"column":6},"end":{"line":64,"column":null}},"type":"if","locations":[{"start":{"line":62,"column":6},"end":{"line":64,"column":null}},{"start":{},"end":{}}],"line":62},"9":{"loc":{"start":{"line":63,"column":8},"end":{"line":64,"column":null}},"type":"if","locations":[{"start":{"line":63,"column":8},"end":{"line":64,"column":null}},{"start":{"line":64,"column":13},"end":{"line":64,"column":null}}],"line":63},"10":{"loc":{"start":{"line":66,"column":6},"end":{"line":68,"column":null}},"type":"if","locations":[{"start":{"line":66,"column":6},"end":{"line":68,"column":null}},{"start":{},"end":{}}],"line":66},"11":{"loc":{"start":{"line":67,"column":8},"end":{"line":68,"column":null}},"type":"if","locations":[{"start":{"line":67,"column":8},"end":{"line":68,"column":null}},{"start":{"line":68,"column":13},"end":{"line":68,"column":null}}],"line":67},"12":{"loc":{"start":{"line":67,"column":12},"end":{"line":67,"column":53}},"type":"binary-expr","locations":[{"start":{"line":67,"column":12},"end":{"line":67,"column":28}},{"start":{"line":67,"column":28},"end":{"line":67,"column":53}}],"line":67},"13":{"loc":{"start":{"line":70,"column":6},"end":{"line":72,"column":null}},"type":"if","locations":[{"start":{"line":70,"column":6},"end":{"line":72,"column":null}},{"start":{},"end":{}}],"line":70},"14":{"loc":{"start":{"line":71,"column":8},"end":{"line":72,"column":null}},"type":"if","locations":[{"start":{"line":71,"column":8},"end":{"line":72,"column":null}},{"start":{"line":72,"column":13},"end":{"line":72,"column":null}}],"line":71},"15":{"loc":{"start":{"line":71,"column":12},"end":{"line":71,"column":57}},"type":"binary-expr","locations":[{"start":{"line":71,"column":12},"end":{"line":71,"column":30}},{"start":{"line":71,"column":30},"end":{"line":71,"column":57}}],"line":71},"16":{"loc":{"start":{"line":74,"column":6},"end":{"line":76,"column":null}},"type":"if","locations":[{"start":{"line":74,"column":6},"end":{"line":76,"column":null}},{"start":{},"end":{}}],"line":74},"17":{"loc":{"start":{"line":75,"column":8},"end":{"line":76,"column":null}},"type":"if","locations":[{"start":{"line":75,"column":8},"end":{"line":76,"column":null}},{"start":{"line":76,"column":13},"end":{"line":76,"column":null}}],"line":75},"18":{"loc":{"start":{"line":75,"column":12},"end":{"line":75,"column":61}},"type":"binary-expr","locations":[{"start":{"line":75,"column":12},"end":{"line":75,"column":32}},{"start":{"line":75,"column":32},"end":{"line":75,"column":61}}],"line":75},"19":{"loc":{"start":{"line":78,"column":6},"end":{"line":80,"column":null}},"type":"if","locations":[{"start":{"line":78,"column":6},"end":{"line":80,"column":null}},{"start":{},"end":{}}],"line":78},"20":{"loc":{"start":{"line":79,"column":8},"end":{"line":80,"column":null}},"type":"if","locations":[{"start":{"line":79,"column":8},"end":{"line":80,"column":null}},{"start":{"line":80,"column":13},"end":{"line":80,"column":null}}],"line":79},"21":{"loc":{"start":{"line":79,"column":12},"end":{"line":79,"column":61}},"type":"binary-expr","locations":[{"start":{"line":79,"column":12},"end":{"line":79,"column":32}},{"start":{"line":79,"column":32},"end":{"line":79,"column":61}}],"line":79},"22":{"loc":{"start":{"line":82,"column":6},"end":{"line":84,"column":null}},"type":"if","locations":[{"start":{"line":82,"column":6},"end":{"line":84,"column":null}},{"start":{},"end":{}}],"line":82},"23":{"loc":{"start":{"line":83,"column":8},"end":{"line":84,"column":null}},"type":"if","locations":[{"start":{"line":83,"column":8},"end":{"line":84,"column":null}},{"start":{"line":84,"column":13},"end":{"line":84,"column":null}}],"line":83},"24":{"loc":{"start":{"line":86,"column":6},"end":{"line":88,"column":null}},"type":"if","locations":[{"start":{"line":86,"column":6},"end":{"line":88,"column":null}},{"start":{},"end":{}}],"line":86},"25":{"loc":{"start":{"line":87,"column":8},"end":{"line":88,"column":null}},"type":"if","locations":[{"start":{"line":87,"column":8},"end":{"line":88,"column":null}},{"start":{"line":88,"column":13},"end":{"line":88,"column":null}}],"line":87},"26":{"loc":{"start":{"line":90,"column":6},"end":{"line":92,"column":null}},"type":"if","locations":[{"start":{"line":90,"column":6},"end":{"line":92,"column":null}},{"start":{},"end":{}}],"line":90},"27":{"loc":{"start":{"line":91,"column":8},"end":{"line":92,"column":null}},"type":"if","locations":[{"start":{"line":91,"column":8},"end":{"line":92,"column":null}},{"start":{"line":92,"column":13},"end":{"line":92,"column":null}}],"line":91},"28":{"loc":{"start":{"line":91,"column":12},"end":{"line":91,"column":55}},"type":"binary-expr","locations":[{"start":{"line":91,"column":12},"end":{"line":91,"column":28}},{"start":{"line":91,"column":28},"end":{"line":91,"column":55}}],"line":91},"29":{"loc":{"start":{"line":94,"column":6},"end":{"line":96,"column":null}},"type":"if","locations":[{"start":{"line":94,"column":6},"end":{"line":96,"column":null}},{"start":{},"end":{}}],"line":94},"30":{"loc":{"start":{"line":95,"column":8},"end":{"line":96,"column":null}},"type":"if","locations":[{"start":{"line":95,"column":8},"end":{"line":96,"column":null}},{"start":{"line":96,"column":13},"end":{"line":96,"column":null}}],"line":95},"31":{"loc":{"start":{"line":95,"column":12},"end":{"line":95,"column":54}},"type":"binary-expr","locations":[{"start":{"line":95,"column":12},"end":{"line":95,"column":29}},{"start":{"line":95,"column":29},"end":{"line":95,"column":54}}],"line":95},"32":{"loc":{"start":{"line":98,"column":6},"end":{"line":100,"column":null}},"type":"if","locations":[{"start":{"line":98,"column":6},"end":{"line":100,"column":null}},{"start":{},"end":{}}],"line":98},"33":{"loc":{"start":{"line":99,"column":8},"end":{"line":100,"column":null}},"type":"if","locations":[{"start":{"line":99,"column":8},"end":{"line":100,"column":null}},{"start":{"line":100,"column":13},"end":{"line":100,"column":null}}],"line":99},"34":{"loc":{"start":{"line":99,"column":12},"end":{"line":99,"column":48}},"type":"binary-expr","locations":[{"start":{"line":99,"column":12},"end":{"line":99,"column":28}},{"start":{"line":99,"column":28},"end":{"line":99,"column":48}}],"line":99},"35":{"loc":{"start":{"line":108,"column":20},"end":{"line":110,"column":32}},"type":"cond-expr","locations":[{"start":{"line":109,"column":8},"end":{"line":109,"column":47}},{"start":{"line":110,"column":8},"end":{"line":110,"column":32}}],"line":108},"36":{"loc":{"start":{"line":119,"column":5},"end":{"line":119,"column":null}},"type":"cond-expr","locations":[{"start":{"line":119,"column":21},"end":{"line":119,"column":25}},{"start":{"line":119,"column":25},"end":{"line":119,"column":null}}],"line":119},"37":{"loc":{"start":{"line":124,"column":5},"end":{"line":124,"column":null}},"type":"cond-expr","locations":[{"start":{"line":124,"column":39},"end":{"line":124,"column":43}},{"start":{"line":124,"column":43},"end":{"line":124,"column":null}}],"line":124},"38":{"loc":{"start":{"line":125,"column":5},"end":{"line":125,"column":null}},"type":"cond-expr","locations":[{"start":{"line":125,"column":39},"end":{"line":125,"column":43}},{"start":{"line":125,"column":43},"end":{"line":125,"column":null}}],"line":125}},"s":{"0":54,"1":54,"2":432,"3":432,"4":393,"5":39,"6":13,"7":26,"8":8,"9":18,"10":18,"11":0,"12":54,"13":54,"14":54,"15":21,"16":21,"17":21,"18":21,"19":16,"20":21,"21":3,"22":2,"23":1,"24":21,"25":5,"26":4,"27":1,"28":21,"29":1,"30":0,"31":1,"32":21,"33":1,"34":0,"35":1,"36":21,"37":1,"38":0,"39":1,"40":21,"41":3,"42":1,"43":2,"44":21,"45":2,"46":1,"47":1,"48":21,"49":3,"50":2,"51":1,"52":21,"53":1,"54":0,"55":1,"56":21,"57":5,"58":2,"59":3,"60":21,"61":54,"62":3,"63":2,"64":3,"65":54,"66":1,"67":54,"68":54},"f":{"0":54,"1":432,"2":54,"3":21,"4":21,"5":3,"6":2,"7":1},"b":{"0":[393,39],"1":[13,26],"2":[8,18],"3":[18,0],"4":[5,49],"5":[4,50],"6":[21,16,13,11,10,9,8,5,3,1],"7":[16,5],"8":[3,18],"9":[2,1],"10":[5,16],"11":[4,1],"12":[5,5],"13":[1,20],"14":[0,1],"15":[1,1],"16":[1,20],"17":[0,1],"18":[1,1],"19":[1,20],"20":[0,1],"21":[1,1],"22":[3,18],"23":[1,2],"24":[2,19],"25":[1,1],"26":[3,18],"27":[2,1],"28":[3,3],"29":[1,20],"30":[0,1],"31":[1,1],"32":[5,16],"33":[2,3],"34":[5,5],"35":[1,2],"36":[7,47],"37":[5,49],"38":[4,50]},"meta":{"lastBranch":39,"lastFunction":8,"lastStatement":69,"seen":{"f:18:16:18:29":0,"s:19:23:19:59":0,"s:21:8:27:Infinity":1,"f:21:8:21:23":1,"s:22:18:22:39":2,"b:23:4:23:Infinity:undefined:undefined:undefined:undefined":0,"s:23:4:23:Infinity":3,"s:23:24:23:Infinity":4,"b:24:4:24:Infinity:undefined:undefined:undefined:undefined":1,"s:24:4:24:Infinity":5,"s:24:42:24:Infinity":6,"b:25:4:25:Infinity:undefined:undefined:undefined:undefined":2,"s:25:4:25:Infinity":7,"s:25:42:25:Infinity":8,"b:26:4:26:Infinity:undefined:undefined:undefined:undefined":3,"s:26:4:26:Infinity":9,"s:26:37:26:Infinity":10,"s:27:4:27:Infinity":11,"s:30:8:41:21":12,"f:30:18:30:46":2,"s:30:46:41:6":13,"b:36:47:36:91:36:94:36:Infinity":4,"b:37:47:37:91:37:94:37:Infinity":5,"s:43:8:105:23":14,"f:43:21:43:34":3,"s:44:4:104:Infinity":15,"f:44:4:44:20":4,"s:45:24:45:49":16,"s:47:8:56:Infinity":17,"b:47:8:47:Infinity:48:9:48:Infinity:49:10:49:Infinity:50:10:50:Infinity:51:10:51:Infinity:52:10:52:Infinity:53:10:53:Infinity:54:10:54:Infinity:55:10:55:Infinity:56:10:56:Infinity":6,"b:58:6:59:Infinity:undefined:undefined:undefined:undefined":7,"s:58:6:59:Infinity":18,"s:59:8:59:Infinity":19,"b:62:6:64:Infinity:undefined:undefined:undefined:undefined":8,"s:62:6:64:Infinity":20,"b:63:8:64:Infinity:64:13:64:Infinity":9,"s:63:8:64:Infinity":21,"s:63:27:63:Infinity":22,"s:64:13:64:Infinity":23,"b:66:6:68:Infinity:undefined:undefined:undefined:undefined":10,"s:66:6:68:Infinity":24,"b:67:8:68:Infinity:68:13:68:Infinity":11,"s:67:8:68:Infinity":25,"b:67:12:67:28:67:28:67:53":12,"s:67:53:67:Infinity":26,"s:68:13:68:Infinity":27,"b:70:6:72:Infinity:undefined:undefined:undefined:undefined":13,"s:70:6:72:Infinity":28,"b:71:8:72:Infinity:72:13:72:Infinity":14,"s:71:8:72:Infinity":29,"b:71:12:71:30:71:30:71:57":15,"s:71:57:71:Infinity":30,"s:72:13:72:Infinity":31,"b:74:6:76:Infinity:undefined:undefined:undefined:undefined":16,"s:74:6:76:Infinity":32,"b:75:8:76:Infinity:76:13:76:Infinity":17,"s:75:8:76:Infinity":33,"b:75:12:75:32:75:32:75:61":18,"s:75:61:75:Infinity":34,"s:76:13:76:Infinity":35,"b:78:6:80:Infinity:undefined:undefined:undefined:undefined":19,"s:78:6:80:Infinity":36,"b:79:8:80:Infinity:80:13:80:Infinity":20,"s:79:8:80:Infinity":37,"b:79:12:79:32:79:32:79:61":21,"s:79:61:79:Infinity":38,"s:80:13:80:Infinity":39,"b:82:6:84:Infinity:undefined:undefined:undefined:undefined":22,"s:82:6:84:Infinity":40,"b:83:8:84:Infinity:84:13:84:Infinity":23,"s:83:8:84:Infinity":41,"s:83:45:83:Infinity":42,"s:84:13:84:Infinity":43,"b:86:6:88:Infinity:undefined:undefined:undefined:undefined":24,"s:86:6:88:Infinity":44,"b:87:8:88:Infinity:88:13:88:Infinity":25,"s:87:8:88:Infinity":45,"s:87:45:87:Infinity":46,"s:88:13:88:Infinity":47,"b:90:6:92:Infinity:undefined:undefined:undefined:undefined":26,"s:90:6:92:Infinity":48,"b:91:8:92:Infinity:92:13:92:Infinity":27,"s:91:8:92:Infinity":49,"b:91:12:91:28:91:28:91:55":28,"s:91:55:91:Infinity":50,"s:92:13:92:Infinity":51,"b:94:6:96:Infinity:undefined:undefined:undefined:undefined":29,"s:94:6:96:Infinity":52,"b:95:8:96:Infinity:96:13:96:Infinity":30,"s:95:8:96:Infinity":53,"b:95:12:95:29:95:29:95:54":31,"s:95:54:95:Infinity":54,"s:96:13:96:Infinity":55,"b:98:6:100:Infinity:undefined:undefined:undefined:undefined":32,"s:98:6:100:Infinity":56,"b:99:8:100:Infinity:100:13:100:Infinity":33,"s:99:8:100:Infinity":57,"b:99:12:99:28:99:28:99:48":34,"s:99:48:99:Infinity":58,"s:100:13:100:Infinity":59,"s:103:6:103:Infinity":60,"s:107:8:112:32":61,"f:107:20:107:33":5,"s:108:20:110:32":62,"b:109:8:109:47:110:8:110:32":35,"f:109:21:109:28":6,"s:109:34:109:47":63,"s:111:4:111:Infinity":64,"s:114:8:116:23":65,"f:114:26:114:44":7,"s:115:4:115:Infinity":66,"s:118:8:125:Infinity":67,"b:119:21:119:25:119:25:119:Infinity":36,"b:124:39:124:43:124:43:124:Infinity":37,"b:125:39:125:43:125:43:125:Infinity":38,"s:127:2:133:Infinity":68}}}
,"/Volumes/SSD 2TB SD/dev/coldigom/web/src/pages/HomePage.tsx": {"path":"/Volumes/SSD 2TB SD/dev/coldigom/web/src/pages/HomePage.tsx","statementMap":{"0":{"start":{"line":11,"column":19},"end":{"line":11,"column":46}},"1":{"start":{"line":13,"column":18},"end":{"line":13,"column":54}},"2":{"start":{"line":14,"column":21},"end":{"line":14,"column":75}},"3":{"start":{"line":15,"column":18},"end":{"line":15,"column":47}},"4":{"start":{"line":16,"column":16},"end":{"line":16,"column":57}},"5":{"start":{"line":18,"column":2},"end":{"line":45,"column":null}},"6":{"start":{"line":19,"column":25},"end":{"line":40,"column":null}},"7":{"start":{"line":20,"column":6},"end":{"line":20,"column":null}},"8":{"start":{"line":21,"column":6},"end":{"line":21,"column":null}},"9":{"start":{"line":22,"column":6},"end":{"line":40,"column":null}},"10":{"start":{"line":23,"column":23},"end":{"line":34,"column":10}},"11":{"start":{"line":35,"column":8},"end":{"line":35,"column":null}},"12":{"start":{"line":36,"column":8},"end":{"line":36,"column":null}},"13":{"start":{"line":38,"column":8},"end":{"line":38,"column":null}},"14":{"start":{"line":40,"column":8},"end":{"line":40,"column":null}},"15":{"start":{"line":44,"column":4},"end":{"line":44,"column":null}},"16":{"start":{"line":47,"column":8},"end":{"line":48,"column":null}},"17":{"start":{"line":48,"column":4},"end":{"line":48,"column":null}},"18":{"start":{"line":51,"column":8},"end":{"line":53,"column":null}},"19":{"start":{"line":52,"column":4},"end":{"line":52,"column":null}},"20":{"start":{"line":53,"column":4},"end":{"line":53,"column":null}},"21":{"start":{"line":56,"column":2},"end":{"line":94,"column":null}}},"fnMap":{"0":{"name":"HomePage","decl":{"start":{"line":10,"column":16},"end":{"line":10,"column":27}},"loc":{"start":{"line":10,"column":27},"end":{"line":94,"column":null}},"line":10},"1":{"name":"(anonymous_1)","decl":{"start":{"line":18,"column":2},"end":{"line":18,"column":18}},"loc":{"start":{"line":18,"column":18},"end":{"line":45,"column":6}},"line":18},"2":{"name":"(anonymous_2)","decl":{"start":{"line":19,"column":25},"end":{"line":19,"column":37}},"loc":{"start":{"line":19,"column":37},"end":{"line":40,"column":null}},"line":19},"3":{"name":"(anonymous_3)","decl":{"start":{"line":47,"column":8},"end":{"line":47,"column":24}},"loc":{"start":{"line":47,"column":45},"end":{"line":48,"column":null}},"line":47},"4":{"name":"(anonymous_4)","decl":{"start":{"line":51,"column":8},"end":{"line":51,"column":28}},"loc":{"start":{"line":51,"column":48},"end":{"line":53,"column":null}},"line":51}},"branchMap":{"0":{"loc":{"start":{"line":38,"column":17},"end":{"line":38,"column":79}},"type":"cond-expr","locations":[{"start":{"line":38,"column":40},"end":{"line":38,"column":54}},{"start":{"line":38,"column":54},"end":{"line":38,"column":79}}],"line":38},"1":{"loc":{"start":{"line":66,"column":7},"end":{"line":69,"column":null}},"type":"binary-expr","locations":[{"start":{"line":66,"column":7},"end":{"line":66,"column":null}},{"start":{"line":67,"column":8},"end":{"line":69,"column":null}}],"line":66},"2":{"loc":{"start":{"line":73,"column":7},"end":{"line":77,"column":null}},"type":"binary-expr","locations":[{"start":{"line":73,"column":7},"end":{"line":73,"column":null}},{"start":{"line":74,"column":8},"end":{"line":77,"column":null}}],"line":73},"3":{"loc":{"start":{"line":81,"column":7},"end":{"line":94,"column":null}},"type":"binary-expr","locations":[{"start":{"line":81,"column":7},"end":{"line":81,"column":19}},{"start":{"line":81,"column":19},"end":{"line":81,"column":null}},{"start":{"line":82,"column":8},"end":{"line":94,"column":null}}],"line":81},"4":{"loc":{"start":{"line":83,"column":11},"end":{"line":88,"column":null}},"type":"binary-expr","locations":[{"start":{"line":83,"column":11},"end":{"line":83,"column":null}},{"start":{"line":84,"column":12},"end":{"line":88,"column":null}}],"line":83},"5":{"loc":{"start":{"line":91,"column":11},"end":{"line":92,"column":null}},"type":"binary-expr","locations":[{"start":{"line":91,"column":11},"end":{"line":91,"column":null}},{"start":{"line":92,"column":12},"end":{"line":92,"column":null}}],"line":91}},"s":{"0":35,"1":35,"2":35,"3":35,"4":35,"5":35,"6":24,"7":24,"8":24,"9":24,"10":24,"11":19,"12":19,"13":3,"14":22,"15":24,"16":35,"17":0,"18":35,"19":0,"20":0,"21":35},"f":{"0":35,"1":24,"2":24,"3":0,"4":0},"b":{"0":[3,0],"1":[35,18],"2":[35,1],"3":[35,17,16],"4":[16,7],"5":[16,7]},"meta":{"lastBranch":6,"lastFunction":5,"lastStatement":22,"seen":{"f:10:16:10:27":0,"s:11:19:11:46":0,"s:13:18:13:54":1,"s:14:21:14:75":2,"s:15:18:15:47":3,"s:16:16:16:57":4,"s:18:2:45:Infinity":5,"f:18:2:18:18":1,"s:19:25:40:Infinity":6,"f:19:25:19:37":2,"s:20:6:20:Infinity":7,"s:21:6:21:Infinity":8,"s:22:6:40:Infinity":9,"s:23:23:34:10":10,"s:35:8:35:Infinity":11,"s:36:8:36:Infinity":12,"s:38:8:38:Infinity":13,"b:38:40:38:54:38:54:38:79":0,"s:40:8:40:Infinity":14,"s:44:4:44:Infinity":15,"s:47:8:48:Infinity":16,"f:47:8:47:24":3,"s:48:4:48:Infinity":17,"s:51:8:53:Infinity":18,"f:51:8:51:28":4,"s:52:4:52:Infinity":19,"s:53:4:53:Infinity":20,"s:56:2:94:Infinity":21,"b:66:7:66:Infinity:67:8:69:Infinity":1,"b:73:7:73:Infinity:74:8:77:Infinity":2,"b:81:7:81:19:81:19:81:Infinity:82:8:94:Infinity":3,"b:83:11:83:Infinity:84:12:88:Infinity":4,"b:91:11:91:Infinity:92:12:92:Infinity":5}}}
,"/Volumes/SSD 2TB SD/dev/coldigom/web/src/pages/PraiseDetailPage.tsx": {"path":"/Volumes/SSD 2TB SD/dev/coldigom/web/src/pages/PraiseDetailPage.tsx","statementMap":{"0":{"start":{"line":9,"column":10},"end":{"line":9,"column":44}},"1":{"start":{"line":10,"column":17},"end":{"line":10,"column":65}},"2":{"start":{"line":11,"column":18},"end":{"line":11,"column":46}},"3":{"start":{"line":12,"column":16},"end":{"line":12,"column":57}},"4":{"start":{"line":13,"column":19},"end":{"line":13,"column":63}},"5":{"start":{"line":14,"column":20},"end":{"line":14,"column":51}},"6":{"start":{"line":15,"column":17},"end":{"line":15,"column":45}},"7":{"start":{"line":16,"column":24},"end":{"line":16,"column":72}},"8":{"start":{"line":17,"column":17},"end":{"line":17,"column":87}},"9":{"start":{"line":18,"column":20},"end":{"line":18,"column":125}},"10":{"start":{"line":19,"column":24},"end":{"line":19,"column":59}},"11":{"start":{"line":20,"column":15},"end":{"line":28,"column":4}},"12":{"start":{"line":30,"column":2},"end":{"line":59,"column":null}},"13":{"start":{"line":31,"column":24},"end":{"line":54,"column":null}},"14":{"start":{"line":32,"column":6},"end":{"line":32,"column":null}},"15":{"start":{"line":32,"column":15},"end":{"line":32,"column":null}},"16":{"start":{"line":33,"column":6},"end":{"line":33,"column":null}},"17":{"start":{"line":34,"column":6},"end":{"line":34,"column":null}},"18":{"start":{"line":35,"column":6},"end":{"line":54,"column":null}},"19":{"start":{"line":36,"column":21},"end":{"line":36,"column":40}},"20":{"start":{"line":37,"column":8},"end":{"line":39,"column":null}},"21":{"start":{"line":38,"column":10},"end":{"line":38,"column":null}},"22":{"start":{"line":39,"column":10},"end":{"line":39,"column":null}},"23":{"start":{"line":41,"column":8},"end":{"line":41,"column":null}},"24":{"start":{"line":42,"column":8},"end":{"line":50,"column":null}},"25":{"start":{"line":52,"column":8},"end":{"line":52,"column":null}},"26":{"start":{"line":54,"column":8},"end":{"line":54,"column":null}},"27":{"start":{"line":58,"column":4},"end":{"line":58,"column":null}},"28":{"start":{
[...]
10:72:210:110":91,"f:214:43:214:54":24,"s:214:60:214:114":92,"f:214:60:214:68":25,"s:214:74:214:114":93,"f:218:43:218:54":26,"s:218:60:218:114":94,"f:218:60:218:68":27,"s:218:74:218:114":95,"f:226:25:226:37":28,"b:227:18:227:Infinity:undefined:undefined:undefined:undefined":29,"s:227:18:227:Infinity":96,"s:227:27:227:Infinity":97,"s:228:18:228:Infinity":98,"s:229:18:229:Infinity":99,"s:230:18:245:Infinity":100,"s:231:36:239:22":101,"s:240:20:240:Infinity":102,"s:241:20:241:Infinity":103,"s:243:20:243:Infinity":104,"b:243:52:243:66:243:66:243:84":30,"s:245:20:245:Infinity":105,"b:249:26:249:40:249:40:249:Infinity":31,"b:255:13:255:Infinity:256:14:258:13":32,"b:262:9:262:Infinity:263:10:285:Infinity":33,"b:264:13:264:Infinity:265:12:267:Infinity":34,"b:270:13:270:Infinity:271:12:273:Infinity":35,"b:276:13:276:Infinity:277:12:279:Infinity":36,"b:282:13:282:Infinity:283:12:285:Infinity":37,"b:291:9:291:24:291:24:291:Infinity:292:10:296:Infinity":38,"f:293:25:293:29":29,"s:294:14:294:Infinity":106,"b:306:10:314:17:314:10:316:Infinity":39,"f:309:12:309:23":30,"s:309:29:309:77":107,"f:309:29:309:37":31,"s:309:43:309:77":108,"b:315:14:316:15:316:14:316:Infinity":40,"b:320:7:320:Infinity:321:8:349:Infinity":41,"f:327:30:327:34":32,"s:328:25:328:Infinity":109,"b:328:33:328:54:328:57:328:Infinity":42,"s:329:28:329:Infinity":110,"b:329:33:329:80:329:80:329:Infinity":43,"s:330:14:346:Infinity":111,"b:334:24:334:33:334:33:334:Infinity":44,"b:339:29:339:74:339:73:340:21":45,"b:344:46:344:70:344:70:344:84":46,"b:353:7:353:Infinity:354:8:569:Infinity":47,"f:369:16:369:27":33,"s:370:32:370:64":112,"b:370:43:370:61:370:61:370:63":48,"s:371:33:381:Infinity":113,"f:371:39:371:44":34,"s:372:33:372:Infinity":114,"b:372:33:372:65:372:65:372:Infinity":49,"s:373:32:373:Infinity":115,"b:373:32:373:70:373:74:373:Infinity":50,"s:374:37:374:Infinity":116,"b:374:89:374:95:374:95:374:Infinity":51,"b:374:37:374:54:374:54:374:71:374:71:374:89":52,"b:374:95:374:102:374:102:374:Infinity":53,"s:375:20:380:Infinity":117,"b:379:37:379:62:379:62:379:86:379:86:379:Infinity":54,"s:382:18:382:Infinity":118,"b:386:15:386:Infinity:387:16:447:Infinity":55,"f:389:44:389:49":35,"s:390:22:409:Infinity":119,"f:400:26:400:37":36,"s:401:38:401:Infinity":120,"s:402:28:402:Infinity":121,"f:402:28:402:41":37,"s:402:49:402:113":122,"f:402:54:402:59":38,"s:402:69:402:113":123,"b:402:81:402:110:402:110:402:113":56,"f:405:41:405:45":39,"s:406:28:406:Infinity":124,"b:411:21:411:Infinity:412:22:412:Infinity":57,"b:420:32:420:39:420:39:420:56:420:56:420:93":58,"f:420:66:420:71":40,"s:420:76:420:93":125,"f:421:31:421:43":41,"b:422:24:422:Infinity:undefined:undefined:undefined:undefined":59,"s:422:24:422:Infinity":126,"s:422:33:422:Infinity":127,"s:423:24:423:Infinity":128,"s:424:24:424:Infinity":129,"s:425:24:440:Infinity":130,"s:426:42:433:Infinity":131,"f:428:38:428:42":42,"s:428:48:433:31":132,"s:435:26:435:Infinity":133,"s:436:26:436:Infinity":134,"s:438:26:438:Infinity":135,"b:438:58:438:72:438:72:438:95":60,"s:440:26:440:Infinity":136,"b:444:39:444:53:444:53:444:Infinity":61,"f:457:20:457:31":43,"s:457:37:457:94":137,"f:457:37:457:47":44,"s:457:53:457:94":138,"f:459:35:459:39":45,"s:460:22:460:Infinity":139,"f:468:20:468:31":46,"s:468:37:468:85":140,"f:468:37:468:47":47,"s:468:53:468:85":141,"f:480:20:480:31":48,"s:480:37:480:84":142,"f:480:37:480:47":49,"s:480:53:480:84":143,"b:488:30:488:37:488:37:488:62:488:62:488:Infinity":62,"f:489:29:489:41":50,"b:490:22:490:Infinity:undefined:undefined:undefined:undefined":63,"s:490:22:490:Infinity":144,"s:490:31:490:Infinity":145,"s:491:22:491:Infinity":146,"s:492:22:503:Infinity":147,"s:493:40:497:26":148,"s:498:24:498:Infinity":149,"s:499:24:499:Infinity":150,"f:499:24:499:34":51,"s:499:40:499:59":151,"s:501:24:501:Infinity":152,"b:501:56:501:70:501:70:501:96":64,"s:503:24:503:Infinity":153,"b:515:16:517:17:517:16:567:Infinity":65,"f:518:36:518:40":52,"s:519:20:565:Infinity":154,"b:521:58:521:82:521:82:521:99":66,"b:524:35:524:Infinity:524:101:524:Infinity":67,"f:530:36:530:43":53,"s:531:28:531:Infinity":155,"s:532:28:536:Infinity":156,"s:533:46:533:107":157,"s:534:30:534:Infinity":158,"s:536:30:536:Infinity":159,"f:540:41:540:45":54,"s:541:28:541:Infinity":160,"f:550:35:550:47":55,"s:551:28:551:Infinity":161,"s:552:28:558:Infinity":162,"s:553:46:553:72":163,"s:554:30:554:Infinity":164,"s:556:30:556:Infinity":165,"b:556:62:556:76:556:76:556:104":68,"s:558:30:558:Infinity":166,"b:574:7:574:Infinity:575:8:580:Infinity":69,"b:584:7:584:Infinity:585:8:606:Infinity":70,"f:591:26:591:30":56,"s:592:14:604:Infinity":167,"b:594:24:594:54:594:57:594:Infinity":71,"b:601:55:601:79:601:79:601:97":72,"b:610:7:610:Infinity:611:8:632:Infinity":73,"f:617:28:617:32":57,"s:618:14:630:Infinity":168,"b:620:24:620:54:620:57:620:Infinity":74,"b:627:55:627:79:627:79:627:95":75}}}
,"/Volumes/SSD 2TB SD/dev/coldigom/web/src/services/api.ts": {"path":"/Volumes/SSD 2TB SD/dev/coldigom/web/src/services/api.ts","statementMap":{"0":{"start":{"line":3,"column":28},"end":{"line":3,"column":null}},"1":{"start":{"line":6,"column":19},"end":{"line":6,"column":72}},"2":{"start":{"line":7,"column":2},"end":{"line":9,"column":null}},"3":{"start":{"line":8,"column":18},"end":{"line":8,"column":82}},"4":{"start":{"line":8,"column":53},"end":{"line":8,"column":80}},"5":{"start":{"line":9,"column":4},"end":{"line":9,"column":null}},"6":{"start":{"line":11,"column":2},"end":{"line":11,"column":null}},"7":{"start":{"line":31,"column":20},"end":{"line":31,"column":41}},"8":{"start":{"line":33,"column":2},"end":{"line":33,"column":null}},"9":{"start":{"line":33,"column":20},"end":{"line":33,"column":null}},"10":{"start":{"line":34,"column":2},"end":{"line":34,"column":null}},"11":{"start":{"line":35,"column":2},"end":{"line":35,"column":null}},"12":{"start":{"line":37,"column":2},"end":{"line":37,"column":null}},"13":{"start":{"line":37,"column":45},"end":{"line":37,"column":null}},"14":{"start":{"line":38,"column":2},"end":{"line":38,"column":null}},"15":{"start":{"line":38,"column":49},"end":{"line":38,"column":null}},"16":{"start":{"line":39,"column":2},"end":{"line":39,"column":null}},"17":{"start":{"line":39,"column":53},"end":{"line":39,"column":null}},"18":{"start":{"line":40,"column":2},"end":{"line":40,"column":null}},"19":{"start":{"line":40,"column":53},"end":{"line":40,"column":null}},"20":{"start":{"line":41,"column":2},"end":{"line":41,"column":null}},"21":{"start":{"line":41,"column":38},"end":{"line":41,"column":null}},"22":{"start":{"line":42,"column":2},"end":{"line":42,"column":null}},"23":{"start":{"line":42,"column":38},"end":{"line":42,"column":null}},"24":{"start":{"line":43,"column":2},"end":{"line":43,"column":null}},"25":{"start":{"line":43,"column":19},"end":{"line":43,"column":null}},"26":{"start":{"line":44,"column":2},"end":{"line":44,"column":null}},"27":{"start":{"line":44,"column":20},"end":{"line":44,"column":null}},"28":{"start":{"line":46,"column":19},"end":{"line":47,"column":null}},"29":{"start":{"line":49,"column":2},"end":{"line":52,"column":null}},"30":{"start":{"line":56,"column":19},"end":{"line":57,"column":null}},"31":{"start":{"line":59,"column":2},"end":{"line":59,"column":null}},"32":{"start":{"line":63,"column":19},"end":{"line":64,"column":null}},"33":{"start":{"line":66,"column":2},"end":{"line":66,"column":null}},"34":{"start":{"line":73,"column":19},"end":{"line":79,"column":null}},"35":{"start":{"line":81,"column":2},"end":{"line":81,"column":null}},"36":{"start":{"line":89,"column":19},"end":{"line":95,"column":null}},"37":{"start":{"line":97,"column":2},"end":{"line":97,"column":null}},"38":{"start":{"line":105,"column":19},"end":{"line":111,"column":null}},"39":{"start":{"line":113,"column":2},"end":{"line":113,"column":null}},"40":{"start":{"line":117,"column":19},"end":{"line":119,"column":null}},"41":{"start":{"line":121,"column":2},"end":{"line":121,"column":null}},"42":{"start":{"line":128,"column":15},"end":{"line":128,"column":29}},"43":{"start":{"line":129,"column":15},"end":{"line":138,"column":null}},"44":{"start":{"line":130,"column":16},"end":{"line":130,"column":null}},"45":{"start":{"line":131,"column":4},"end":{"line":131,"column":null}},"46":{"start":{"line":132,"column":4},"end":{"line":137,"column":null}},"47":{"start":{"line":139,"column":2},"end":{"line":139,"column":null}},"48":{"start":{"line":141,"column":19},"end":{"line":143,"column":null}},"49":{"start":{"line":145,"column":2},"end":{"line":145,"column":null}},"50":{"start":{"line":149,"column":19},"end":{"line":150,"column":null}},"51":{"start":{"line":152,"column":2},"end":{"line":152,"column":null}},"52":{"start":{"line":156,"column":19},"end":{"line":157,"column":null}},"53":{"start":{"line":159,"column":2},"end":{"line":159,"column":null}},"54":{"start":{"line":165,"column":14},"end":{"line":165,"column":83}},"55":{"start":{"line":166,"column":2},"end":{"line":166,"column":null}},"56":{"start":{"line":170,"column":2},"end":{"line":170,"column":null}},"57":{"start":{"line":176,"column":2},"end":{"line":176,"column":null}}},"fnMap":{"0":{"name":"fetchJson","decl":{"start":{"line":5,"column":15},"end":{"line":5,"column":28}},"loc":{"start":{"line":5,"column":73},"end":{"line":11,"column":null}},"line":5},"1":{"name":"(anonymous_1)","decl":{"start":{"line":8,"column":40},"end":{"line":8,"column":53}},"loc":{"start":{"line":8,"column":53},"end":{"line":8,"column":80}},"line":8},"2":{"name":"searchPraises","decl":{"start":{"line":28,"column":22},"end":{"line":28,"column":null}},"loc":{"start":{"line":30,"column":59},"end":{"line":52,"column":null}},"line":30},"3":{"name":"getFilterOptions","decl":{"start":{"line":55,"column":22},"end":{"line":55,"column":65}},"loc":{"start":{"line":55,"column":65},"end":{"line":59,"column":null}},"line":55},"4":{"name":"getPraise","decl":{"start":{"line":62,"column":22},"end":{"line":62,"column":32}},"loc":{"start":{"line":62,"column":67},"end":{"line":66,"column":null}},"line":62},"5":{"name":"updatePraise","decl":{"start":{"line":69,"column":22},"end":{"line":69,"column":null}},"loc":{"start":{"line":72,"column":25},"end":{"line":81,"column":null}},"line":72},"6":{"name":"createMaterial","decl":{"start":{"line":84,"column":22},"end":{"line":84,"column":37}},"loc":{"start":{"line":88,"column":26},"end":{"line":97,"column":null}},"line":88},"7":{"name":"updateMaterial","decl":{"start":{"line":100,"column":22},"end":{"line":100,"column":37}},"loc":{"start":{"line":104,"column":26},"end":{"line":113,"column":null}},"line":104},"8":{"name":"deleteMaterial","decl":{"start":{"line":116,"column":22},"end":{"line":116,"column":37}},"loc":{"start":{"line":116,"column":80},"end":{"line":121,"column":null}},"line":116},"9":{"name":"bulkUploadMaterials","decl":{"start":{"line":124,"column":22},"end":{"line":124,"column":null}},"loc":{"start":{"line":127,"column":25},"end":{"line":145,"column":null}},"line":127},"10":{"name":"(anonymous_10)","decl":{"start":{"line":129,"column":21},"end":{"line":129,"column":26}},"loc":{"start":{"line":129,"column":38},"end":{"line":138,"column":null}},"line":129},"11":{"name":"getMaterialKinds","decl":{"start":{"line":148,"column":22},"end":{"line":148,"column":66}},"loc":{"start":{"line":148,"column":66},"end":{"line":152,"column":null}},"line":148},"12":{"name":"getTags","decl":{"start":{"line":155,"column":22},"end":{"line":155,"column":48}},"loc":{"start":{"line":155,"column":48},"end":{"line":159,"column":null}},"line":155},"13":{"name":"getMe","decl":{"start":{"line":164,"column":22},"end":{"line":164,"column":56}},"loc":{"start":{"line":164,"column":56},"end":{"line":166,"column":null}},"line":164},"14":{"name":"logout","decl":{"start":{"line":169,"column":22},"end":{"line":169,"column":46}},"loc":{"start":{"line":169,"column":46},"end":{"line":170,"column":null}},"line":169},"15":{"name":"getAssetUrl","decl":{"start":{"line":173,"column":16},"end":{"line":173,"column":28}},"loc":{"start":{"line":173,"column":51},"end":{"line":176,"column":null}},"line":173}},"branchMap":{"0":{"loc":{"start":{"line":3,"column":28},"end":{"line":3,"column":null}},"type":"binary-expr","locations":[{"start":{"line":3,"column":28},"end":{"line":3,"column":60}},{"start":{"line":3,"column":60},"end":{"line":3,"column":null}}],"line":3},"1":{"loc":{"start":{"line":7,"column":2},"end":{"line":9,"column":null}},"type":"if","locations":[{"start":{"line":7,"column":2},"end":{"line":9,"column":null}},{"start":{},"end":{}}],"line":7},"2":{"loc":{"start":{"line":9,"column":20},"end":{"line":9,"column":61}},"type":"binary-expr","locations":[{"start":{"line":9,"column":20},"end":{"line":9,"column":35}},{"start":{"line":9,"column":35},"end":{"line":9,"column":61}}],"line":9},"3":{"loc":{"start":{"line":29,"column":2},"end":{"line":29,"column":26}},"type":"default-arg","locations":[{"start":{"line":29,"column":25},"end":{"line":29,"column":26}}],"line":29},"4":{"loc":{"start":{"line":33,"column":2},"end":{"line":33,"column":null}},"type":"if","locations":[{"start":{"line":33,"column":2},"end":{"line":33,"column":null}},{"start":{},"end":{}}],"line":33},"5":{"loc":{"start":{"line":34,"column":25},"end":{"line":34,"column":43}},"type":"binary-expr","locations":[{"start":{"line":34,"column":25},"end":{"line":34,"column":40}},{"start":{"line":34,"column":40},"end":{"line":34,"column":43}}],"line":34},"6":{"loc":{"start":{"line":35,"column":26},"end":{"line":35,"column":46}},"type":"binary-expr","locations":[{"start":{"line":35,"column":26},"end":{"line":35,"column":42}},{"start":{"line":35,"column":42},"end":{"line":35,"column":46}}],"line":35},"7":{"loc":{"start":{"line":37,"column":2},"end":{"line":37,"column":null}},"type":"if","locations":[{"start":{"line":37,"column":2},"end":{"line":37,"column":null}},{"start":{},"end":{}}],"line":37},"8":{"loc":{"start":{"line":37,"column":6},"end":{"line":37,"column":45}},"type":"binary-expr","locations":[{"start":{"line":37,"column":6},"end":{"line":37,"column":21}},{"start":{"line":37,"column":21},"end":{"line":37,"column":45}}],"line":37},"9":{"loc":{"start":{"line":38,"column":2},"end":{"line":38,"column":null}},"type":"if","locations":[{"start":{"line":38,"column":2},"end":{"line":38,"column":null}},{"start":{},"end":{}}],"line":38},"10":{"loc":{"start":{"line":38,"column":6},"end":{"line":38,"column":49}},"type":"binary-expr","locations":[{"start":{"line":38,"column":6},"end":{"line":38,"column":23}},{"start":{"line":38,"column":23},"end":{"line":38,"column":49}}],"line":38},"11":{"loc":{"start":{"line":39,"column":2},"end":{"line":39,"column":null}},"type":"if","locations":[{"start":{"line":39,"column":2},"end":{"line":39,"column":null}},{"start":{},"end":{}}],"line":39},"12":{"loc":{"start":{"line":39,"column":6},"end":{"line":39,"column":53}},"type":"binary-expr","locations":[{"start":{"line":39,"column":6},"end":{"line":39,"column":25}},{"start":{"line":39,"column":25},"end":{"line":39,"column":53}}],"line":39},"13":{"loc":{"start":{"line":40,"column":2},"end":{"line":40,"column":null}},"type":"if","locations":[{"start":{"line":40,"column":2},"end":{"line":40,"column":null}},{"start":{},"end":{}}],"line":40},"14":{"loc":{"start":{"line":40,"column":6},"end":{"line":40,"column":53}},"type":"binary-expr","locations":[{"start":{"line":40,"column":6},"end":{"line":40,"column":25}},{"start":{"line":40,"column":25},"end":{"line":40,"column":53}}],"line":40},"15":{"loc":{"start":{"line":41,"column":2},"end":{"line":41,"column":null}},"type":"if","locations":[{"start":{"line":41,"column":2},"end":{"line":41,"column":null}},{"start":{},"end":{}}],"line":41},"16":{"loc":{"start":{"line":42,"column":2},"end":{"line":42,"column":null}},"type":"if","locations":[{"start":{"line":42,"column":2},"end":{"line":42,"column":null}},{"start":{},"end":{}}],"line":42},"17":{"loc":{"start":{"line":43,"column":2},"end":{"line":43,"column":null}},"type":"if","locations":[{"start":{"line":43,"column":2},"end":{"line":43,"column":null}},{"start":{},"end":{}}],"line":43},"18":{"loc":{"start":{"line":44,"column":2},"end":{"line":44,"column":null}},"type":"if","locations":[{"start":{"line":44,"column":2},"end":{"line":44,"column":null}},{"start":{},"end":{}}],"line":44}},"s":{"0":2,"1":18,"2":18,"3":6,"4":1,"5":6,"6":12,"7":12,"8":12,"9":1,"10":12,"11":12,"12":12,"13":1,"14":12,"15":1,"16":12,"17":1,"18":12,"19":1,"20":12,"21":1,"22":12,"23":1,"24":12,"25":1,"26":12,"27":1,"28":12,"29":8,"30":2,"31":1,"32":2,"33":1,"34":0,"35":0,"36":0,"37":0,"38":0,"39":0,"40":0,"41":0,"42":0,"43":0,"44":0,"45":0,"46":0,"47":0,"48":0,"49":0,"50":1,"51":1,"52":1,"53":1,"54":0,"55":0,"56":0,"57":1},"f":{"0":18,"1":1,"2":12,"3":2,"4":2,"5":0,"6":0,"7":0,"8":0,"9":0,"10":0,"11":1,"12":1,"13":0,"14":0,"15":1},"b":{"0":[2,2],"1":[6,12],"2":[6,1],"3":[12],"4":[1,11],"5":[12,11],"6":[12,11],"7":[1,11],"8":[12,1],"9":[1,11],"10":[12,1],"11":[1,11],"12":[12,1],"13":[1,11],"14":[12,1],"15":[1,11],"16":[1,11],"17":[1,11],"18":[1,11]},"meta":{"lastBranch":19,"lastFunction":16,"lastStatement":58,"seen":{"s:3:28:3:Infinity":0,"b:3:28:3:60:3:60:3:Infinity":0,"f:5:15:5:28":0,"s:6:19:6:72":1,"b:7:2:9:Infinity:undefined:undefined:undefined:undefined":1,"s:7:2:9:Infinity":2,"s:8:18:8:82":3,"f:8:40:8:53":1,"s:8:53:8:80":4,"s:9:4:9:Infinity":5,"b:9:20:9:35:9:35:9:61":2,"s:11:2:11:Infinity":6,"f:28:22:28:Infinity":2,"b:29:25:29:26":3,"s:31:20:31:41":7,"b:33:2:33:Infinity:undefined:undefined:undefined:undefined":4,"s:33:2:33:Infinity":8,"s:33:20:33:Infinity":9,"s:34:2:34:Infinity":10,"b:34:25:34:40:34:40:34:43":5,"s:35:2:35:Infinity":11,"b:35:26:35:42:35:42:35:46":6,"b:37:2:37:Infinity:undefined:undefined:undefined:undefined":7,"s:37:2:37:Infinity":12,"b:37:6:37:21:37:21:37:45":8,"s:37:45:37:Infinity":13,"b:38:2:38:Infinity:undefined:undefined:undefined:undefined":9,"s:38:2:38:Infinity":14,"b:38:6:38:23:38:23:38:49":10,"s:38:49:38:Infinity":15,"b:39:2:39:Infinity:undefined:undefined:undefined:undefined":11,"s:39:2:39:Infinity":16,"b:39:6:39:25:39:25:39:53":12,"s:39:53:39:Infinity":17,"b:40:2:40:Infinity:undefined:undefined:undefined:undefined":13,"s:40:2:40:Infinity":18,"b:40:6:40:25:40:25:40:53":14,"s:40:53:40:Infinity":19,"b:41:2:41:Infinity:undefined:undefined:undefined:undefined":15,"s:41:2:41:Infinity":20,"s:41:38:41:Infinity":21,"b:42:2:42:Infinity:undefined:undefined:undefined:undefined":16,"s:42:2:42:Infinity":22,"s:42:38:42:Infinity":23,"b:43:2:43:Infinity:undefined:undefined:undefined:undefined":17,"s:43:2:43:Infinity":24,"s:43:19:43:Infinity":25,"b:44:2:44:Infinity:undefined:undefined:undefined:undefined":18,"s:44:2:44:Infinity":26,"s:44:20:44:Infinity":27,"s:46:19:47:Infinity":28,"s:49:2:52:Infinity":29,"f:55:22:55:65":3,"s:56:19:57:Infinity":30,"s:59:2:59:Infinity":31,"f:62:22:62:32":4,"s:63:19:64:Infinity":32,"s:66:2:66:Infinity":33,"f:69:22:69:Infinity":5,"s:73:19:79:Infinity":34,"s:81:2:81:Infinity":35,"f:84:22:84:37":6,"s:89:19:95:Infinity":36,"s:97:2:97:Infinity":37,"f:100:22:100:37":7,"s:105:19:111:Infinity":38,"s:113:2:113:Infinity":39,"f:116:22:116:37":8,"s:117:19:119:Infinity":40,"s:121:2:121:Infinity":41,"f:124:22:124:Infinity":9,"s:128:15:128:29":42,"s:129:15:138:Infinity":43,"f:129:21:129:26":10,"s:130:16:130:Infinity":44,"s:131:4:131:Infinity":45,"s:132:4:137:Infinity":46,"s:139:2:139:Infinity":47,"s:141:19:143:Infinity":48,"s:145:2:145:Infinity":49,"f:148:22:148:66":11,"s:149:19:150:Infinity":50,"s:152:2:152:Infinity":51,"f:155:22:155:48":12,"s:156:19:157:Infinity":52,"s:159:2:159:Infinity":53,"f:164:22:164:56":13,"s:165:14:165:83":54,"s:166:2:166:Infinity":55,"f:169:22:169:46":14,"s:170:2:170:Infinity":56,"f:173:16:173:28":15,"s:176:2:176:Infinity":57}}}
,"/Volumes/SSD 2TB SD/dev/coldigom/web/src/types/index.ts": {"path":"/Volumes/SSD 2TB SD/dev/coldigom/web/src/types/index.ts","statementMap":{"0":{"start":{"line":83,"column":42},"end":{"line":90,"column":null}}},"fnMap":{},"branchMap":{},"s":{"0":3},"f":{},"b":{},"meta":{"lastBranch":0,"lastFunction":0,"lastStatement":1,"seen":{"s:83:42:90:Infinity":0}}}
}
